{"level":"info","message":"Connected to MySQL database","timestamp":"2025-04-02T14:25:16.437Z"}
{"level":"info","message":"Connected to MongoDB database successfully","timestamp":"2025-04-02T14:25:16.608Z"}
{"level":"info","message":"Cron jobs initialized","timestamp":"2025-04-02T14:25:16.894Z"}
{"level":"info","message":"app listening on port: 4000","timestamp":"2025-04-02T14:25:16.937Z"}
{"level":"info","message":"\u001b[0mOPTIONS /api/users/login \u001b[32m204\u001b[0m 3.212 ms - 0\u001b[0m","timestamp":"2025-04-02T14:29:12.789Z"}
{"level":"info","message":"\u001b[0mOPTIONS /api/users/login \u001b[32m204\u001b[0m 0.309 ms - 0\u001b[0m","timestamp":"2025-04-02T14:30:20.821Z"}
{"level":"info","message":"\u001b[0mOPTIONS /api/users/login \u001b[32m204\u001b[0m 0.322 ms - 0\u001b[0m","timestamp":"2025-04-02T14:30:45.100Z"}
{"level":"info","message":"\u001b[0mPOST /api/users/login \u001b[32m202\u001b[0m 3294.003 ms - 71\u001b[0m","timestamp":"2025-04-02T14:30:48.460Z"}
{"level":"info","message":"\u001b[0mOPTIONS /api/users/login \u001b[32m204\u001b[0m 0.317 ms - 0\u001b[0m","timestamp":"2025-04-02T14:36:06.305Z"}
{"level":"info","message":"\u001b[0mPOST /api/users/login \u001b[32m202\u001b[0m 3145.362 ms - 71\u001b[0m","timestamp":"2025-04-02T14:36:09.463Z"}
{"level":"info","message":"\u001b[0mOPTIONS /api/users/verify \u001b[32m204\u001b[0m 0.283 ms - 0\u001b[0m","timestamp":"2025-04-02T14:36:24.068Z"}
{"level":"info","message":"\u001b[0mPOST /api/users/verify \u001b[33m400\u001b[0m 191.406 ms - 49\u001b[0m","timestamp":"2025-04-02T14:36:24.266Z"}
{"level":"info","message":"\u001b[0mOPTIONS /api/users/login \u001b[32m204\u001b[0m 0.253 ms - 0\u001b[0m","timestamp":"2025-04-02T14:37:10.008Z"}
{"level":"info","message":"\u001b[0mPOST /api/users/login \u001b[32m202\u001b[0m 2318.307 ms - 71\u001b[0m","timestamp":"2025-04-02T14:37:12.337Z"}
{"level":"info","message":"\u001b[0mOPTIONS /api/users/verify \u001b[32m204\u001b[0m 0.934 ms - 0\u001b[0m","timestamp":"2025-04-02T14:37:40.394Z"}
{"level":"info","message":"\u001b[0mPOST /api/users/verify \u001b[32m200\u001b[0m 253.020 ms - 982\u001b[0m","timestamp":"2025-04-02T14:37:40.657Z"}
{"level":"info","message":"\u001b[0mOPTIONS /api/users/verify \u001b[32m204\u001b[0m 0.305 ms - 0\u001b[0m","timestamp":"2025-04-02T14:37:49.334Z"}
{"level":"info","message":"\u001b[0mPOST /api/users/verify \u001b[31m500\u001b[0m 43.658 ms - 50\u001b[0m","timestamp":"2025-04-02T14:37:49.384Z"}
{"level":"info","message":"\u001b[0mOPTIONS /api/users/login \u001b[32m204\u001b[0m 1.908 ms - 0\u001b[0m","timestamp":"2025-04-02T14:40:16.356Z"}
{"level":"info","message":"\u001b[0mPOST /api/users/login \u001b[32m202\u001b[0m 1993.699 ms - 71\u001b[0m","timestamp":"2025-04-02T14:40:18.355Z"}
{"level":"info","message":"\u001b[0mOPTIONS /api/users/verify \u001b[32m204\u001b[0m 0.602 ms - 0\u001b[0m","timestamp":"2025-04-02T14:40:51.869Z"}
{"level":"info","message":"\u001b[0mPOST /api/users/verify \u001b[32m200\u001b[0m 260.516 ms - 982\u001b[0m","timestamp":"2025-04-02T14:40:52.141Z"}
{"level":"info","message":"\u001b[0mOPTIONS /api/users/login \u001b[32m204\u001b[0m 0.331 ms - 0\u001b[0m","timestamp":"2025-04-02T14:43:14.052Z"}
{"level":"info","message":"\u001b[0mPOST /api/users/login \u001b[32m202\u001b[0m 2310.082 ms - 71\u001b[0m","timestamp":"2025-04-02T14:43:16.369Z"}
{"level":"info","message":"\u001b[0mOPTIONS /api/users/verify \u001b[32m204\u001b[0m 0.247 ms - 0\u001b[0m","timestamp":"2025-04-02T14:43:30.650Z"}
{"level":"info","message":"\u001b[0mPOST /api/users/verify \u001b[32m200\u001b[0m 175.781 ms - 982\u001b[0m","timestamp":"2025-04-02T14:43:30.833Z"}
{"level":"info","message":"\u001b[0mOPTIONS /api/users/login \u001b[32m204\u001b[0m 0.347 ms - 0\u001b[0m","timestamp":"2025-04-02T14:46:58.981Z"}
{"level":"info","message":"\u001b[0mPOST /api/users/login \u001b[32m202\u001b[0m 2618.343 ms - 71\u001b[0m","timestamp":"2025-04-02T14:47:01.606Z"}
{"level":"info","message":"\u001b[0mOPTIONS /api/users/verify \u001b[32m204\u001b[0m 0.355 ms - 0\u001b[0m","timestamp":"2025-04-02T14:47:13.621Z"}
{"level":"info","message":"\u001b[0mPOST /api/users/verify \u001b[32m200\u001b[0m 176.596 ms - 982\u001b[0m","timestamp":"2025-04-02T14:47:13.806Z"}
{"level":"info","message":"\u001b[0mOPTIONS /api/users/login \u001b[32m204\u001b[0m 0.408 ms - 0\u001b[0m","timestamp":"2025-04-02T14:49:45.083Z"}
{"level":"info","message":"\u001b[0mPOST /api/users/login \u001b[32m202\u001b[0m 2857.067 ms - 71\u001b[0m","timestamp":"2025-04-02T14:49:47.947Z"}
{"level":"info","message":"\u001b[0mOPTIONS /api/users/verify \u001b[32m204\u001b[0m 1.757 ms - 0\u001b[0m","timestamp":"2025-04-02T14:50:00.332Z"}
{"level":"info","message":"\u001b[0mPOST /api/users/verify \u001b[32m200\u001b[0m 364.031 ms - 982\u001b[0m","timestamp":"2025-04-02T14:50:00.807Z"}
{"level":"info","message":"\u001b[0mOPTIONS /api/users/login \u001b[32m204\u001b[0m 0.302 ms - 0\u001b[0m","timestamp":"2025-04-02T14:50:56.369Z"}
{"level":"info","message":"\u001b[0mPOST /api/users/login \u001b[32m202\u001b[0m 2033.924 ms - 71\u001b[0m","timestamp":"2025-04-02T14:50:58.411Z"}
{"level":"info","message":"\u001b[0mOPTIONS /api/users/verify \u001b[32m204\u001b[0m 0.237 ms - 0\u001b[0m","timestamp":"2025-04-02T14:51:14.298Z"}
{"level":"info","message":"\u001b[0mPOST /api/users/verify \u001b[32m200\u001b[0m 135.245 ms - 982\u001b[0m","timestamp":"2025-04-02T14:51:14.461Z"}
{"level":"info","message":"\u001b[0mOPTIONS /api/users/ \u001b[32m204\u001b[0m 0.336 ms - 0\u001b[0m","timestamp":"2025-04-02T14:51:41.389Z"}
{"level":"info","message":"\u001b[0mOPTIONS /api/users/training/progress \u001b[32m204\u001b[0m 0.282 ms - 0\u001b[0m","timestamp":"2025-04-02T14:51:41.395Z"}
{"level":"info","message":"\u001b[0mOPTIONS /api/users/ \u001b[32m204\u001b[0m 0.311 ms - 0\u001b[0m","timestamp":"2025-04-02T14:51:41.400Z"}
{"level":"info","message":"\u001b[0mOPTIONS /api/roles/requirements \u001b[32m204\u001b[0m 0.292 ms - 0\u001b[0m","timestamp":"2025-04-02T14:51:41.411Z"}
{"level":"info","message":"\u001b[0mOPTIONS /api/users/training/progress \u001b[32m204\u001b[0m 0.356 ms - 0\u001b[0m","timestamp":"2025-04-02T14:51:41.418Z"}
{"level":"info","message":"\u001b[0mGET /api/users/ \u001b[33m401\u001b[0m 15.584 ms - 42\u001b[0m","timestamp":"2025-04-02T14:51:41.446Z"}
{"level":"info","message":"\u001b[0mOPTIONS /api/roles/requirements \u001b[32m204\u001b[0m 0.269 ms - 0\u001b[0m","timestamp":"2025-04-02T14:51:41.448Z"}
{"level":"info","message":"\u001b[0mGET /api/users/training/progress \u001b[33m401\u001b[0m 11.741 ms - 42\u001b[0m","timestamp":"2025-04-02T14:51:41.476Z"}
{"level":"info","message":"\u001b[0mGET /api/users/training/progress \u001b[33m401\u001b[0m 11.513 ms - 42\u001b[0m","timestamp":"2025-04-02T14:51:41.493Z"}
{"level":"info","message":"\u001b[0mGET /api/users/ \u001b[33m401\u001b[0m 2.265 ms - 42\u001b[0m","timestamp":"2025-04-02T14:51:41.497Z"}
{"level":"info","message":"\u001b[0mGET /api/roles/requirements \u001b[33m401\u001b[0m 33.429 ms - 42\u001b[0m","timestamp":"2025-04-02T14:51:41.511Z"}
{"level":"info","message":"\u001b[0mGET /api/roles/requirements \u001b[33m401\u001b[0m 5.645 ms - 42\u001b[0m","timestamp":"2025-04-02T14:51:41.539Z"}
{"level":"info","message":"\u001b[0mOPTIONS /api/users/login \u001b[32m204\u001b[0m 0.354 ms - 0\u001b[0m","timestamp":"2025-04-02T14:53:03.539Z"}
{"level":"info","message":"\u001b[0mPOST /api/users/login \u001b[32m202\u001b[0m 1992.642 ms - 71\u001b[0m","timestamp":"2025-04-02T14:53:05.537Z"}
{"level":"info","message":"\u001b[0mOPTIONS /api/users/verify \u001b[32m204\u001b[0m 0.198 ms - 0\u001b[0m","timestamp":"2025-04-02T14:53:19.185Z"}
{"level":"info","message":"\u001b[0mPOST /api/users/verify \u001b[32m200\u001b[0m 158.538 ms - 982\u001b[0m","timestamp":"2025-04-02T14:53:19.349Z"}
{"level":"info","message":"\u001b[0mOPTIONS /api/users/ \u001b[32m204\u001b[0m 0.279 ms - 0\u001b[0m","timestamp":"2025-04-02T14:56:42.229Z"}
{"level":"info","message":"\u001b[0mOPTIONS /api/users/ \u001b[32m204\u001b[0m 0.316 ms - 0\u001b[0m","timestamp":"2025-04-02T14:56:42.240Z"}
{"level":"info","message":"\u001b[0mOPTIONS /api/users/training/progress \u001b[32m204\u001b[0m 0.310 ms - 0\u001b[0m","timestamp":"2025-04-02T14:56:42.242Z"}
{"level":"info","message":"\u001b[0mOPTIONS /api/users/training/progress \u001b[32m204\u001b[0m 0.295 ms - 0\u001b[0m","timestamp":"2025-04-02T14:56:42.244Z"}
{"level":"info","message":"\u001b[0mOPTIONS /api/roles/requirements \u001b[32m204\u001b[0m 0.292 ms - 0\u001b[0m","timestamp":"2025-04-02T14:56:42.246Z"}
{"level":"info","message":"\u001b[0mOPTIONS /api/roles/requirements \u001b[32m204\u001b[0m 0.369 ms - 0\u001b[0m","timestamp":"2025-04-02T14:56:42.249Z"}
{"level":"info","message":"\u001b[0mGET /api/users/ \u001b[33m401\u001b[0m 2.305 ms - 42\u001b[0m","timestamp":"2025-04-02T14:56:42.263Z"}
{"level":"info","message":"\u001b[0mGET /api/users/training/progress \u001b[33m401\u001b[0m 3.830 ms - 42\u001b[0m","timestamp":"2025-04-02T14:56:42.276Z"}
{"level":"info","message":"\u001b[0mGET /api/roles/requirements \u001b[33m401\u001b[0m 6.745 ms - 42\u001b[0m","timestamp":"2025-04-02T14:56:42.303Z"}
{"level":"info","message":"\u001b[0mGET /api/users/ \u001b[33m401\u001b[0m 1.873 ms - 42\u001b[0m","timestamp":"2025-04-02T14:56:42.316Z"}
{"level":"info","message":"\u001b[0mGET /api/users/training/progress \u001b[33m401\u001b[0m 1.818 ms - 42\u001b[0m","timestamp":"2025-04-02T14:56:42.330Z"}
{"level":"info","message":"\u001b[0mGET /api/roles/requirements \u001b[33m401\u001b[0m 9.444 ms - 42\u001b[0m","timestamp":"2025-04-02T14:56:42.383Z"}
{"level":"info","message":"\u001b[0mOPTIONS /api/users/login \u001b[32m204\u001b[0m 0.327 ms - 0\u001b[0m","timestamp":"2025-04-02T14:59:56.403Z"}
{"level":"info","message":"\u001b[0mPOST /api/users/login \u001b[32m202\u001b[0m 2162.153 ms - 71\u001b[0m","timestamp":"2025-04-02T14:59:58.571Z"}
{"level":"info","message":"\u001b[0mOPTIONS /api/users/verify \u001b[32m204\u001b[0m 0.164 ms - 0\u001b[0m","timestamp":"2025-04-02T15:00:22.402Z"}
{"level":"info","message":"\u001b[0mPOST /api/users/verify \u001b[32m200\u001b[0m 146.626 ms - 982\u001b[0m","timestamp":"2025-04-02T15:00:22.553Z"}
{"level":"info","message":"\u001b[0mOPTIONS /api/roles/requirements \u001b[32m204\u001b[0m 0.371 ms - 0\u001b[0m","timestamp":"2025-04-02T15:01:04.493Z"}
{"level":"info","message":"\u001b[0mOPTIONS /api/users/training/progress \u001b[32m204\u001b[0m 0.249 ms - 0\u001b[0m","timestamp":"2025-04-02T15:01:04.496Z"}
{"level":"info","message":"\u001b[0mOPTIONS /api/users/training/progress \u001b[32m204\u001b[0m 0.311 ms - 0\u001b[0m","timestamp":"2025-04-02T15:01:04.508Z"}
{"level":"info","message":"\u001b[0mOPTIONS /api/users/ \u001b[32m204\u001b[0m 0.285 ms - 0\u001b[0m","timestamp":"2025-04-02T15:01:04.511Z"}
{"level":"info","message":"\u001b[0mGET /api/roles/requirements \u001b[33m401\u001b[0m 14.768 ms - 42\u001b[0m","timestamp":"2025-04-02T15:01:04.527Z"}
{"level":"info","message":"\u001b[0mOPTIONS /api/users/ \u001b[32m204\u001b[0m 0.265 ms - 0\u001b[0m","timestamp":"2025-04-02T15:01:04.530Z"}
{"level":"info","message":"\u001b[0mOPTIONS /api/roles/requirements \u001b[32m204\u001b[0m 0.257 ms - 0\u001b[0m","timestamp":"2025-04-02T15:01:04.532Z"}
{"level":"info","message":"\u001b[0mGET /api/users/training/progress \u001b[33m401\u001b[0m 1.775 ms - 42\u001b[0m","timestamp":"2025-04-02T15:01:04.536Z"}
{"level":"info","message":"\u001b[0mGET /api/users/ \u001b[33m401\u001b[0m 11.035 ms - 42\u001b[0m","timestamp":"2025-04-02T15:01:04.548Z"}
{"level":"info","message":"\u001b[0mGET /api/users/training/progress \u001b[33m401\u001b[0m 2.173 ms - 42\u001b[0m","timestamp":"2025-04-02T15:01:04.556Z"}
{"level":"info","message":"\u001b[0mGET /api/roles/requirements \u001b[33m401\u001b[0m 8.695 ms - 42\u001b[0m","timestamp":"2025-04-02T15:01:04.570Z"}
{"level":"info","message":"\u001b[0mGET /api/users/ \u001b[33m401\u001b[0m 1.801 ms - 42\u001b[0m","timestamp":"2025-04-02T15:01:04.736Z"}
{"level":"info","message":"\u001b[0mOPTIONS /api/users/login \u001b[32m204\u001b[0m 0.211 ms - 0\u001b[0m","timestamp":"2025-04-02T15:01:55.956Z"}
{"level":"info","message":"\u001b[0mPOST /api/users/login \u001b[32m202\u001b[0m 2097.159 ms - 71\u001b[0m","timestamp":"2025-04-02T15:01:58.069Z"}
{"level":"info","message":"\u001b[0mOPTIONS /api/users/verify \u001b[32m204\u001b[0m 0.347 ms - 0\u001b[0m","timestamp":"2025-04-02T15:02:33.304Z"}
{"level":"info","message":"\u001b[0mPOST /api/users/verify \u001b[32m200\u001b[0m 154.591 ms - 982\u001b[0m","timestamp":"2025-04-02T15:02:33.464Z"}
{"level":"info","message":"\u001b[0mOPTIONS /api/users/ \u001b[32m204\u001b[0m 0.283 ms - 0\u001b[0m","timestamp":"2025-04-02T15:04:59.243Z"}
{"level":"info","message":"\u001b[0mOPTIONS /api/users/training/progress \u001b[32m204\u001b[0m 0.296 ms - 0\u001b[0m","timestamp":"2025-04-02T15:04:59.256Z"}
{"level":"info","message":"\u001b[0mGET /api/users/ \u001b[33m401\u001b[0m 1.872 ms - 42\u001b[0m","timestamp":"2025-04-02T15:04:59.268Z"}
{"level":"info","message":"\u001b[0mGET /api/users/training/progress \u001b[33m401\u001b[0m 1.966 ms - 42\u001b[0m","timestamp":"2025-04-02T15:04:59.304Z"}
{"level":"info","message":"\u001b[0mOPTIONS /api/users/ \u001b[32m204\u001b[0m 0.241 ms - 0\u001b[0m","timestamp":"2025-04-02T15:04:59.334Z"}
{"level":"info","message":"\u001b[0mGET /api/users/ \u001b[33m401\u001b[0m 3.246 ms - 42\u001b[0m","timestamp":"2025-04-02T15:04:59.357Z"}
{"level":"info","message":"\u001b[0mOPTIONS /api/roles/requirements \u001b[32m204\u001b[0m 0.326 ms - 0\u001b[0m","timestamp":"2025-04-02T15:04:59.360Z"}
{"level":"info","message":"\u001b[0mOPTIONS /api/roles/requirements \u001b[32m204\u001b[0m 0.329 ms - 0\u001b[0m","timestamp":"2025-04-02T15:04:59.374Z"}
{"level":"info","message":"\u001b[0mGET /api/roles/requirements \u001b[33m401\u001b[0m 5.406 ms - 42\u001b[0m","timestamp":"2025-04-02T15:04:59.392Z"}
{"level":"info","message":"\u001b[0mOPTIONS /api/users/training/progress \u001b[32m204\u001b[0m 0.308 ms - 0\u001b[0m","timestamp":"2025-04-02T15:04:59.395Z"}
{"level":"info","message":"\u001b[0mGET /api/users/training/progress \u001b[33m401\u001b[0m 1.688 ms - 42\u001b[0m","timestamp":"2025-04-02T15:04:59.428Z"}
{"level":"info","message":"\u001b[0mGET /api/roles/requirements \u001b[33m401\u001b[0m 17.799 ms - 42\u001b[0m","timestamp":"2025-04-02T15:04:59.441Z"}
