{"level":"info","message":"app listening on port: 4000","timestamp":"2025-04-01T13:44:06.685Z"}
{"level":"info","message":"app listening on port: 4000","timestamp":"2025-04-01T13:45:06.523Z"}
{"level":"info","message":"app listening on port: 4000","timestamp":"2025-04-01T13:45:49.978Z"}
{"level":"info","message":"app listening on port: 4000","timestamp":"2025-04-01T13:48:11.239Z"}
{"level":"info","message":"app listening on port: 4000","timestamp":"2025-04-01T13:49:54.884Z"}
{"level":"info","message":"app listening on port: 4000","timestamp":"2025-04-01T13:54:05.792Z"}
{"level":"info","message":"app listening on port: 4000","timestamp":"2025-04-01T13:55:01.168Z"}
{"level":"info","message":"app listening on port: 4000","timestamp":"2025-04-01T13:55:27.903Z"}
{"level":"info","message":"app listening on port: 4000","timestamp":"2025-04-01T13:56:04.053Z"}
{"level":"info","message":"app listening on port: 4000","timestamp":"2025-04-01T13:56:59.161Z"}
{"level":"info","message":"app listening on port: 4000","timestamp":"2025-04-01T13:57:33.346Z"}
{"level":"info","message":"app listening on port: 4000","timestamp":"2025-04-01T13:59:18.462Z"}
{"level":"info","message":"app listening on port: 4000","timestamp":"2025-04-01T14:00:21.976Z"}
{"level":"info","message":"app listening on port: 4000","timestamp":"2025-04-01T14:00:46.965Z"}
{"level":"info","message":"app listening on port: 4000","timestamp":"2025-04-01T14:09:30.864Z"}
{"level":"info","message":"Connected to MySQL database","timestamp":"2025-04-01T17:22:32.110Z"}
{"level":"info","message":"Connected to MongoDB database successfully","timestamp":"2025-04-01T17:22:32.308Z"}
{"level":"info","message":"Cron jobs initialized","timestamp":"2025-04-01T17:22:32.591Z"}
{"level":"info","message":"app listening on port: 4000","timestamp":"2025-04-01T17:22:32.606Z"}
{"level":"info","message":"Connected to MySQL database","timestamp":"2025-04-01T18:58:20.619Z"}
{"level":"info","message":"Connected to MongoDB database successfully","timestamp":"2025-04-01T18:58:20.876Z"}
{"level":"info","message":"Cron jobs initialized","timestamp":"2025-04-01T18:58:21.146Z"}
{"level":"info","message":"app listening on port: 4000","timestamp":"2025-04-01T18:58:21.167Z"}
{"level":"info","message":"\u001b[0mOPTIONS /api/roles \u001b[32m204\u001b[0m 3.805 ms - 0\u001b[0m","timestamp":"2025-04-01T19:00:24.817Z"}
{"level":"info","message":"\u001b[0mOPTIONS /api/affiliation \u001b[32m204\u001b[0m 0.536 ms - 0\u001b[0m","timestamp":"2025-04-01T19:00:24.825Z"}
{"level":"info","message":"\u001b[0mGET /api/roles \u001b[33m401\u001b[0m 14.019 ms - 42\u001b[0m","timestamp":"2025-04-01T19:00:24.844Z"}
{"level":"info","message":"\u001b[0mGET /api/affiliation \u001b[33m401\u001b[0m 5.086 ms - 42\u001b[0m","timestamp":"2025-04-01T19:00:24.854Z"}
{"level":"info","message":"\u001b[0mOPTIONS /api/affiliation \u001b[32m204\u001b[0m 0.669 ms - 0\u001b[0m","timestamp":"2025-04-01T19:00:24.863Z"}
{"level":"info","message":"\u001b[0mOPTIONS /api/roles \u001b[32m204\u001b[0m 0.280 ms - 0\u001b[0m","timestamp":"2025-04-01T19:00:24.868Z"}
{"level":"info","message":"\u001b[0mGET /api/affiliation \u001b[33m401\u001b[0m 4.364 ms - 42\u001b[0m","timestamp":"2025-04-01T19:00:24.887Z"}
{"level":"info","message":"\u001b[0mGET /api/roles \u001b[33m401\u001b[0m 1.914 ms - 42\u001b[0m","timestamp":"2025-04-01T19:00:24.902Z"}
{"level":"info","message":"\u001b[0mGET /api/affiliation \u001b[33m401\u001b[0m 3.772 ms - 42\u001b[0m","timestamp":"2025-04-01T19:00:28.297Z"}
{"level":"info","message":"\u001b[0mGET /api/roles \u001b[33m401\u001b[0m 3.526 ms - 42\u001b[0m","timestamp":"2025-04-01T19:00:28.305Z"}
{"level":"info","message":"\u001b[0mGET /api/affiliation \u001b[33m401\u001b[0m 2.536 ms - 42\u001b[0m","timestamp":"2025-04-01T19:00:28.320Z"}
{"level":"info","message":"\u001b[0mGET /api/roles \u001b[33m401\u001b[0m 12.170 ms - 42\u001b[0m","timestamp":"2025-04-01T19:00:28.335Z"}
{"level":"info","message":"\u001b[0mOPTIONS /api/affiliation \u001b[32m204\u001b[0m 0.383 ms - 0\u001b[0m","timestamp":"2025-04-01T19:00:51.107Z"}
{"level":"info","message":"\u001b[0mOPTIONS /api/roles \u001b[32m204\u001b[0m 0.375 ms - 0\u001b[0m","timestamp":"2025-04-01T19:00:51.114Z"}
{"level":"info","message":"\u001b[0mOPTIONS /api/affiliation \u001b[32m204\u001b[0m 0.439 ms - 0\u001b[0m","timestamp":"2025-04-01T19:00:51.122Z"}
{"level":"info","message":"\u001b[0mOPTIONS /api/roles \u001b[32m204\u001b[0m 0.390 ms - 0\u001b[0m","timestamp":"2025-04-01T19:00:51.126Z"}
{"level":"info","message":"\u001b[0mGET /api/affiliation \u001b[33m401\u001b[0m 11.485 ms - 42\u001b[0m","timestamp":"2025-04-01T19:00:51.141Z"}
{"level":"info","message":"\u001b[0mGET /api/roles \u001b[33m401\u001b[0m 11.793 ms - 42\u001b[0m","timestamp":"2025-04-01T19:00:51.155Z"}
{"level":"info","message":"\u001b[0mGET /api/affiliation \u001b[33m401\u001b[0m 2.385 ms - 42\u001b[0m","timestamp":"2025-04-01T19:00:51.211Z"}
{"level":"info","message":"\u001b[0mGET /api/roles \u001b[33m401\u001b[0m 2.169 ms - 42\u001b[0m","timestamp":"2025-04-01T19:00:51.226Z"}
{"level":"info","message":"\u001b[0mOPTIONS /api/affiliation \u001b[32m204\u001b[0m 0.416 ms - 0\u001b[0m","timestamp":"2025-04-01T19:01:09.706Z"}
{"level":"info","message":"\u001b[0mOPTIONS /api/roles \u001b[32m204\u001b[0m 2.047 ms - 0\u001b[0m","timestamp":"2025-04-01T19:01:09.711Z"}
{"level":"info","message":"\u001b[0mOPTIONS /api/affiliation \u001b[32m204\u001b[0m 0.430 ms - 0\u001b[0m","timestamp":"2025-04-01T19:01:09.724Z"}
{"level":"info","message":"\u001b[0mGET /api/affiliation \u001b[33m401\u001b[0m 11.357 ms - 42\u001b[0m","timestamp":"2025-04-01T19:01:09.738Z"}
{"level":"info","message":"\u001b[0mOPTIONS /api/roles \u001b[32m204\u001b[0m 0.343 ms - 0\u001b[0m","timestamp":"2025-04-01T19:01:09.740Z"}
{"level":"info","message":"\u001b[0mGET /api/roles \u001b[33m401\u001b[0m 1.662 ms - 42\u001b[0m","timestamp":"2025-04-01T19:01:09.753Z"}
{"level":"info","message":"\u001b[0mGET /api/affiliation \u001b[33m401\u001b[0m 1.704 ms - 42\u001b[0m","timestamp":"2025-04-01T19:01:09.764Z"}
{"level":"info","message":"\u001b[0mGET /api/roles \u001b[33m401\u001b[0m 1.619 ms - 42\u001b[0m","timestamp":"2025-04-01T19:01:09.767Z"}
{"level":"info","message":"\u001b[0mOPTIONS /api/affiliation \u001b[32m204\u001b[0m 0.415 ms - 0\u001b[0m","timestamp":"2025-04-01T19:01:40.312Z"}
{"level":"info","message":"\u001b[0mOPTIONS /api/roles \u001b[32m204\u001b[0m 0.763 ms - 0\u001b[0m","timestamp":"2025-04-01T19:01:40.316Z"}
{"level":"info","message":"\u001b[0mGET /api/affiliation \u001b[33m401\u001b[0m 7.817 ms - 42\u001b[0m","timestamp":"2025-04-01T19:01:40.329Z"}
{"level":"info","message":"\u001b[0mGET /api/roles \u001b[33m401\u001b[0m 1.851 ms - 42\u001b[0m","timestamp":"2025-04-01T19:01:40.334Z"}
{"level":"info","message":"\u001b[0mOPTIONS /api/affiliation \u001b[32m204\u001b[0m 0.351 ms - 0\u001b[0m","timestamp":"2025-04-01T19:01:40.337Z"}
{"level":"info","message":"\u001b[0mOPTIONS /api/roles \u001b[32m204\u001b[0m 0.331 ms - 0\u001b[0m","timestamp":"2025-04-01T19:01:40.349Z"}
{"level":"info","message":"\u001b[0mGET /api/affiliation \u001b[33m401\u001b[0m 1.650 ms - 42\u001b[0m","timestamp":"2025-04-01T19:01:40.380Z"}
{"level":"info","message":"\u001b[0mGET /api/roles \u001b[33m401\u001b[0m 2.300 ms - 42\u001b[0m","timestamp":"2025-04-01T19:01:40.384Z"}
{"level":"info","message":"\u001b[0mOPTIONS /api/affiliation \u001b[32m204\u001b[0m 0.401 ms - 0\u001b[0m","timestamp":"2025-04-01T19:02:50.529Z"}
{"level":"info","message":"\u001b[0mOPTIONS /api/roles \u001b[32m204\u001b[0m 0.302 ms - 0\u001b[0m","timestamp":"2025-04-01T19:02:50.532Z"}
{"level":"info","message":"\u001b[0mOPTIONS /api/affiliation \u001b[32m204\u001b[0m 0.277 ms - 0\u001b[0m","timestamp":"2025-04-01T19:02:50.543Z"}
{"level":"info","message":"\u001b[0mGET /api/roles \u001b[33m401\u001b[0m 1.921 ms - 42\u001b[0m","timestamp":"2025-04-01T19:02:50.555Z"}
{"level":"info","message":"\u001b[0mOPTIONS /api/roles \u001b[32m204\u001b[0m 0.343 ms - 0\u001b[0m","timestamp":"2025-04-01T19:02:50.558Z"}
{"level":"info","message":"\u001b[0mGET /api/affiliation \u001b[33m401\u001b[0m 2.330 ms - 42\u001b[0m","timestamp":"2025-04-01T19:02:50.562Z"}
{"level":"info","message":"\u001b[0mGET /api/roles \u001b[33m401\u001b[0m 5.543 ms - 42\u001b[0m","timestamp":"2025-04-01T19:02:50.575Z"}
{"level":"info","message":"\u001b[0mGET /api/affiliation \u001b[33m401\u001b[0m 6.725 ms - 42\u001b[0m","timestamp":"2025-04-01T19:02:50.590Z"}
{"level":"info","message":"\u001b[0mOPTIONS /api/roles \u001b[32m204\u001b[0m 0.376 ms - 0\u001b[0m","timestamp":"2025-04-01T19:02:58.216Z"}
{"level":"info","message":"\u001b[0mOPTIONS /api/affiliation \u001b[32m204\u001b[0m 0.260 ms - 0\u001b[0m","timestamp":"2025-04-01T19:02:58.218Z"}
{"level":"info","message":"\u001b[0mOPTIONS /api/affiliation \u001b[32m204\u001b[0m 0.388 ms - 0\u001b[0m","timestamp":"2025-04-01T19:02:58.225Z"}
{"level":"info","message":"\u001b[0mGET /api/roles \u001b[33m401\u001b[0m 2.091 ms - 42\u001b[0m","timestamp":"2025-04-01T19:02:58.229Z"}
{"level":"info","message":"\u001b[0mGET /api/affiliation \u001b[33m401\u001b[0m 2.724 ms - 42\u001b[0m","timestamp":"2025-04-01T19:02:58.240Z"}
{"level":"info","message":"\u001b[0mOPTIONS /api/roles \u001b[32m204\u001b[0m 0.327 ms - 0\u001b[0m","timestamp":"2025-04-01T19:02:58.243Z"}
{"level":"info","message":"\u001b[0mGET /api/affiliation \u001b[33m401\u001b[0m 1.711 ms - 42\u001b[0m","timestamp":"2025-04-01T19:02:58.258Z"}
{"level":"info","message":"\u001b[0mGET /api/roles \u001b[33m401\u001b[0m 11.838 ms - 42\u001b[0m","timestamp":"2025-04-01T19:02:58.272Z"}
{"level":"info","message":"\u001b[0mOPTIONS /api/users/forget-password \u001b[32m204\u001b[0m 0.331 ms - 0\u001b[0m","timestamp":"2025-04-01T19:03:03.921Z"}
{"level":"info","message":"\u001b[0mPOST /api/users/forget-password \u001b[32m200\u001b[0m 3532.772 ms - 76\u001b[0m","timestamp":"2025-04-01T19:03:07.494Z"}
{"level":"info","message":"\u001b[0mOPTIONS /api/users/forget-password \u001b[32m204\u001b[0m 0.290 ms - 0\u001b[0m","timestamp":"2025-04-01T19:06:45.217Z"}
{"level":"info","message":"\u001b[0mPOST /api/users/forget-password \u001b[32m200\u001b[0m 1965.501 ms - 76\u001b[0m","timestamp":"2025-04-01T19:06:47.189Z"}
{"level":"info","message":"\u001b[0mOPTIONS /api/users/reset-password \u001b[32m204\u001b[0m 0.249 ms - 0\u001b[0m","timestamp":"2025-04-01T19:08:02.675Z"}
{"level":"info","message":"\u001b[0mPOST /api/users/reset-password \u001b[32m200\u001b[0m 199.272 ms - 55\u001b[0m","timestamp":"2025-04-01T19:08:02.879Z"}
{"level":"info","message":"\u001b[0mOPTIONS /api/users/reset-password \u001b[32m204\u001b[0m 0.249 ms - 0\u001b[0m","timestamp":"2025-04-01T19:08:12.459Z"}
{"level":"info","message":"\u001b[0mPOST /api/users/reset-password \u001b[32m200\u001b[0m 96.367 ms - 55\u001b[0m","timestamp":"2025-04-01T19:08:12.562Z"}
{"level":"info","message":"Connected to MySQL database","timestamp":"2025-04-01T19:10:07.884Z"}
{"level":"info","message":"Connected to MongoDB database successfully","timestamp":"2025-04-01T19:10:07.998Z"}
{"level":"info","message":"Cron jobs initialized","timestamp":"2025-04-01T19:10:08.067Z"}
{"level":"info","message":"app listening on port: 4000","timestamp":"2025-04-01T19:10:08.085Z"}
{"level":"info","message":"\u001b[0mOPTIONS /api/affiliation \u001b[32m204\u001b[0m 3.834 ms - 0\u001b[0m","timestamp":"2025-04-01T19:10:13.132Z"}
{"level":"info","message":"\u001b[0mOPTIONS /api/affiliation \u001b[32m204\u001b[0m 1.044 ms - 0\u001b[0m","timestamp":"2025-04-01T19:10:13.150Z"}
{"level":"info","message":"\u001b[0mOPTIONS /api/roles \u001b[32m204\u001b[0m 0.867 ms - 0\u001b[0m","timestamp":"2025-04-01T19:10:13.156Z"}
{"level":"info","message":"\u001b[0mOPTIONS /api/roles \u001b[32m204\u001b[0m 0.407 ms - 0\u001b[0m","timestamp":"2025-04-01T19:10:13.160Z"}
{"level":"info","message":"\u001b[0mGET /api/roles \u001b[32m200\u001b[0m 41.001 ms - 1411\u001b[0m","timestamp":"2025-04-01T19:10:13.210Z"}
{"level":"info","message":"\u001b[0mGET /api/affiliation \u001b[32m200\u001b[0m 89.565 ms - 609\u001b[0m","timestamp":"2025-04-01T19:10:13.231Z"}
{"level":"info","message":"\u001b[0mGET /api/roles \u001b[36m304\u001b[0m 24.286 ms - -\u001b[0m","timestamp":"2025-04-01T19:10:13.240Z"}
{"level":"info","message":"\u001b[0mGET /api/affiliation \u001b[36m304\u001b[0m 17.208 ms - -\u001b[0m","timestamp":"2025-04-01T19:10:13.271Z"}
{"level":"info","message":"\u001b[0mOPTIONS /api/affiliation \u001b[32m204\u001b[0m 0.486 ms - 0\u001b[0m","timestamp":"2025-04-01T19:12:13.577Z"}
{"level":"info","message":"\u001b[0mGET /api/affiliation \u001b[36m304\u001b[0m 11.753 ms - -\u001b[0m","timestamp":"2025-04-01T19:12:13.602Z"}
{"level":"info","message":"\u001b[0mOPTIONS /api/affiliation \u001b[32m204\u001b[0m 0.478 ms - 0\u001b[0m","timestamp":"2025-04-01T19:12:13.615Z"}
{"level":"info","message":"\u001b[0mOPTIONS /api/roles \u001b[32m204\u001b[0m 0.405 ms - 0\u001b[0m","timestamp":"2025-04-01T19:12:13.618Z"}
{"level":"info","message":"\u001b[0mOPTIONS /api/roles \u001b[32m204\u001b[0m 0.401 ms - 0\u001b[0m","timestamp":"2025-04-01T19:12:13.632Z"}
{"level":"info","message":"\u001b[0mGET /api/roles \u001b[36m304\u001b[0m 46.533 ms - -\u001b[0m","timestamp":"2025-04-01T19:12:13.698Z"}
{"level":"info","message":"\u001b[0mGET /api/affiliation \u001b[36m304\u001b[0m 60.643 ms - -\u001b[0m","timestamp":"2025-04-01T19:12:13.711Z"}
{"level":"info","message":"\u001b[0mGET /api/roles \u001b[36m304\u001b[0m 21.111 ms - -\u001b[0m","timestamp":"2025-04-01T19:12:13.830Z"}
{"level":"info","message":"\u001b[0mOPTIONS /api/affiliation \u001b[32m204\u001b[0m 0.363 ms - 0\u001b[0m","timestamp":"2025-04-01T19:12:57.155Z"}
{"level":"info","message":"\u001b[0mOPTIONS /api/roles \u001b[32m204\u001b[0m 0.366 ms - 0\u001b[0m","timestamp":"2025-04-01T19:12:57.162Z"}
{"level":"info","message":"\u001b[0mOPTIONS /api/affiliation \u001b[32m204\u001b[0m 8.597 ms - 0\u001b[0m","timestamp":"2025-04-01T19:12:57.177Z"}
{"level":"info","message":"\u001b[0mOPTIONS /api/roles \u001b[32m204\u001b[0m 0.479 ms - 0\u001b[0m","timestamp":"2025-04-01T19:12:57.180Z"}
{"level":"info","message":"\u001b[0mGET /api/roles \u001b[36m304\u001b[0m 32.222 ms - -\u001b[0m","timestamp":"2025-04-01T19:12:57.226Z"}
{"level":"info","message":"\u001b[0mGET /api/affiliation \u001b[36m304\u001b[0m 37.626 ms - -\u001b[0m","timestamp":"2025-04-01T19:12:57.229Z"}
{"level":"info","message":"\u001b[0mGET /api/roles \u001b[36m304\u001b[0m 34.479 ms - -\u001b[0m","timestamp":"2025-04-01T19:12:57.276Z"}
{"level":"info","message":"\u001b[0mGET /api/affiliation \u001b[36m304\u001b[0m 32.841 ms - -\u001b[0m","timestamp":"2025-04-01T19:12:57.293Z"}
{"level":"info","message":"Connected to MySQL database","timestamp":"2025-04-01T19:13:45.093Z"}
{"level":"info","message":"Connected to MongoDB database successfully","timestamp":"2025-04-01T19:13:45.187Z"}
{"level":"info","message":"Cron jobs initialized","timestamp":"2025-04-01T19:13:45.252Z"}
{"level":"info","message":"app listening on port: 4000","timestamp":"2025-04-01T19:13:45.264Z"}
{"level":"info","message":"\u001b[0mOPTIONS /api/affiliation \u001b[32m204\u001b[0m 13.857 ms - 0\u001b[0m","timestamp":"2025-04-01T19:13:51.586Z"}
{"level":"info","message":"\u001b[0mOPTIONS /api/roles \u001b[32m204\u001b[0m 9.596 ms - 0\u001b[0m","timestamp":"2025-04-01T19:13:51.651Z"}
{"level":"info","message":"\u001b[0mOPTIONS /api/affiliation \u001b[32m204\u001b[0m 0.332 ms - 0\u001b[0m","timestamp":"2025-04-01T19:13:51.722Z"}
{"level":"info","message":"\u001b[0mOPTIONS /api/roles \u001b[32m204\u001b[0m 0.806 ms - 0\u001b[0m","timestamp":"2025-04-01T19:13:51.726Z"}
{"level":"info","message":"\u001b[0mGET /api/affiliation \u001b[36m304\u001b[0m 107.280 ms - -\u001b[0m","timestamp":"2025-04-01T19:13:51.763Z"}
{"level":"info","message":"\u001b[0mGET /api/roles \u001b[36m304\u001b[0m 116.664 ms - -\u001b[0m","timestamp":"2025-04-01T19:13:51.789Z"}
{"level":"info","message":"\u001b[0mGET /api/affiliation \u001b[36m304\u001b[0m 15.455 ms - -\u001b[0m","timestamp":"2025-04-01T19:13:51.807Z"}
{"level":"info","message":"\u001b[0mGET /api/roles \u001b[36m304\u001b[0m 49.026 ms - -\u001b[0m","timestamp":"2025-04-01T19:13:51.859Z"}
{"level":"info","message":"\u001b[0mOPTIONS /api/affiliation \u001b[32m204\u001b[0m 0.582 ms - 0\u001b[0m","timestamp":"2025-04-01T19:17:34.294Z"}
{"level":"info","message":"\u001b[0mOPTIONS /api/roles \u001b[32m204\u001b[0m 0.297 ms - 0\u001b[0m","timestamp":"2025-04-01T19:17:34.326Z"}
{"level":"info","message":"\u001b[0mOPTIONS /api/roles \u001b[32m204\u001b[0m 0.342 ms - 0\u001b[0m","timestamp":"2025-04-01T19:17:34.341Z"}
{"level":"info","message":"\u001b[0mOPTIONS /api/affiliation \u001b[32m204\u001b[0m 0.360 ms - 0\u001b[0m","timestamp":"2025-04-01T19:17:34.345Z"}
{"level":"info","message":"\u001b[0mGET /api/affiliation \u001b[36m304\u001b[0m 61.688 ms - -\u001b[0m","timestamp":"2025-04-01T19:17:34.360Z"}
{"level":"info","message":"\u001b[0mGET /api/roles \u001b[36m304\u001b[0m 76.789 ms - -\u001b[0m","timestamp":"2025-04-01T19:17:34.438Z"}
{"level":"info","message":"\u001b[0mGET /api/roles \u001b[36m304\u001b[0m 32.666 ms - -\u001b[0m","timestamp":"2025-04-01T19:17:34.487Z"}
{"level":"info","message":"\u001b[0mGET /api/affiliation \u001b[36m304\u001b[0m 104.136 ms - -\u001b[0m","timestamp":"2025-04-01T19:17:34.509Z"}
{"level":"info","message":"\u001b[0mOPTIONS /api/affiliation \u001b[32m204\u001b[0m 0.272 ms - 0\u001b[0m","timestamp":"2025-04-01T19:19:14.260Z"}
{"level":"info","message":"\u001b[0mOPTIONS /api/roles \u001b[32m204\u001b[0m 0.367 ms - 0\u001b[0m","timestamp":"2025-04-01T19:19:14.275Z"}
{"level":"info","message":"\u001b[0mOPTIONS /api/affiliation \u001b[32m204\u001b[0m 0.391 ms - 0\u001b[0m","timestamp":"2025-04-01T19:19:14.287Z"}
{"level":"info","message":"\u001b[0mGET /api/affiliation \u001b[36m304\u001b[0m 21.100 ms - -\u001b[0m","timestamp":"2025-04-01T19:19:14.366Z"}
{"level":"info","message":"\u001b[0mGET /api/roles \u001b[36m304\u001b[0m 34.124 ms - -\u001b[0m","timestamp":"2025-04-01T19:19:14.382Z"}
{"level":"info","message":"\u001b[0mOPTIONS /api/roles \u001b[32m204\u001b[0m 0.346 ms - 0\u001b[0m","timestamp":"2025-04-01T19:19:14.392Z"}
{"level":"info","message":"\u001b[0mGET /api/roles \u001b[36m304\u001b[0m 23.422 ms - -\u001b[0m","timestamp":"2025-04-01T19:19:14.475Z"}
{"level":"info","message":"\u001b[0mGET /api/affiliation \u001b[36m304\u001b[0m 39.125 ms - -\u001b[0m","timestamp":"2025-04-01T19:19:14.478Z"}
{"level":"info","message":"\u001b[0mGET /api/roles \u001b[32m200\u001b[0m 20.886 ms - 1411\u001b[0m","timestamp":"2025-04-01T19:20:07.442Z"}
{"level":"info","message":"\u001b[0mOPTIONS /api/roles \u001b[32m204\u001b[0m 0.478 ms - 0\u001b[0m","timestamp":"2025-04-01T19:20:28.939Z"}
{"level":"info","message":"\u001b[0mOPTIONS /api/affiliation \u001b[32m204\u001b[0m 0.411 ms - 0\u001b[0m","timestamp":"2025-04-01T19:20:28.953Z"}
{"level":"info","message":"\u001b[0mGET /api/roles \u001b[36m304\u001b[0m 26.321 ms - -\u001b[0m","timestamp":"2025-04-01T19:20:28.993Z"}
{"level":"info","message":"\u001b[0mOPTIONS /api/roles \u001b[32m204\u001b[0m 0.386 ms - 0\u001b[0m","timestamp":"2025-04-01T19:20:28.996Z"}
{"level":"info","message":"\u001b[0mOPTIONS /api/affiliation \u001b[32m204\u001b[0m 11.588 ms - 0\u001b[0m","timestamp":"2025-04-01T19:20:29.011Z"}
{"level":"info","message":"\u001b[0mGET /api/roles \u001b[36m304\u001b[0m 22.675 ms - -\u001b[0m","timestamp":"2025-04-01T19:20:29.056Z"}
{"level":"info","message":"\u001b[0mGET /api/affiliation \u001b[36m304\u001b[0m 35.342 ms - -\u001b[0m","timestamp":"2025-04-01T19:20:29.075Z"}
{"level":"info","message":"\u001b[0mGET /api/affiliation \u001b[36m304\u001b[0m 8.775 ms - -\u001b[0m","timestamp":"2025-04-01T19:20:29.399Z"}
{"level":"info","message":"\u001b[0mOPTIONS /api/departments/4 \u001b[32m204\u001b[0m 0.674 ms - 0\u001b[0m","timestamp":"2025-04-01T19:22:11.938Z"}
{"level":"info","message":"\u001b[0mGET /api/departments/4 \u001b[32m200\u001b[0m 10.869 ms - 752\u001b[0m","timestamp":"2025-04-01T19:22:11.967Z"}
{"level":"info","message":"\u001b[0mOPTIONS /api/users/register \u001b[32m204\u001b[0m 0.165 ms - 0\u001b[0m","timestamp":"2025-04-01T19:22:22.658Z"}
{"level":"info","message":"\u001b[0mPOST /api/users/register \u001b[33m400\u001b[0m 69.886 ms - 272\u001b[0m","timestamp":"2025-04-01T19:22:22.778Z"}
{"level":"info","message":"\u001b[0mOPTIONS /api/users/register \u001b[32m204\u001b[0m 0.334 ms - 0\u001b[0m","timestamp":"2025-04-01T19:22:44.129Z"}
{"level":"info","message":"\u001b[0mPOST /api/users/register \u001b[33m400\u001b[0m 21.334 ms - 48\u001b[0m","timestamp":"2025-04-01T19:22:44.165Z"}
{"level":"info","message":"\u001b[0mOPTIONS /api/users/login \u001b[32m204\u001b[0m 0.297 ms - 0\u001b[0m","timestamp":"2025-04-01T19:23:09.689Z"}
{"level":"info","message":"\u001b[0mPOST /api/users/login \u001b[32m202\u001b[0m 2485.425 ms - 71\u001b[0m","timestamp":"2025-04-01T19:23:12.180Z"}
{"level":"info","message":"\u001b[0mOPTIONS /api/users/verify \u001b[32m204\u001b[0m 0.346 ms - 0\u001b[0m","timestamp":"2025-04-01T19:23:30.859Z"}
{"level":"info","message":"\u001b[0mPOST /api/users/verify \u001b[32m200\u001b[0m 293.224 ms - 982\u001b[0m","timestamp":"2025-04-01T19:23:31.162Z"}
{"level":"info","message":"\u001b[0mOPTIONS /api/users/verify \u001b[32m204\u001b[0m 0.339 ms - 0\u001b[0m","timestamp":"2025-04-01T19:23:39.532Z"}
{"level":"info","message":"\u001b[0mPOST /api/users/verify \u001b[31m500\u001b[0m 19.071 ms - 50\u001b[0m","timestamp":"2025-04-01T19:23:39.558Z"}
{"level":"info","message":"\u001b[0mOPTIONS /api/users/login \u001b[32m204\u001b[0m 0.164 ms - 0\u001b[0m","timestamp":"2025-04-01T19:25:01.530Z"}
{"level":"info","message":"\u001b[0mPOST /api/users/login \u001b[32m202\u001b[0m 2000.256 ms - 71\u001b[0m","timestamp":"2025-04-01T19:25:03.540Z"}
{"level":"info","message":"\u001b[0mOPTIONS /api/users/login \u001b[32m204\u001b[0m 0.403 ms - 0\u001b[0m","timestamp":"2025-04-01T19:26:13.277Z"}
{"level":"info","message":"\u001b[0mPOST /api/users/login \u001b[32m202\u001b[0m 2040.931 ms - 71\u001b[0m","timestamp":"2025-04-01T19:26:15.324Z"}
{"level":"info","message":"\u001b[0mOPTIONS /api/users/verify \u001b[32m204\u001b[0m 0.500 ms - 0\u001b[0m","timestamp":"2025-04-01T19:29:28.115Z"}
{"level":"info","message":"\u001b[0mPOST /api/users/verify \u001b[33m400\u001b[0m 12.667 ms - 49\u001b[0m","timestamp":"2025-04-01T19:29:28.137Z"}
{"level":"info","message":"\u001b[0mOPTIONS /api/users/verify \u001b[32m204\u001b[0m 0.281 ms - 0\u001b[0m","timestamp":"2025-04-01T19:29:48.804Z"}
{"level":"info","message":"\u001b[0mPOST /api/users/verify \u001b[33m400\u001b[0m 13.883 ms - 49\u001b[0m","timestamp":"2025-04-01T19:29:48.824Z"}
{"level":"info","message":"\u001b[0mOPTIONS /api/users/verify \u001b[32m204\u001b[0m 0.237 ms - 0\u001b[0m","timestamp":"2025-04-01T19:30:13.947Z"}
{"level":"info","message":"\u001b[0mPOST /api/users/verify \u001b[32m200\u001b[0m 199.432 ms - 982\u001b[0m","timestamp":"2025-04-01T19:30:14.165Z"}
{"level":"info","message":"\u001b[0mOPTIONS /api/users/verify \u001b[32m204\u001b[0m 0.328 ms - 0\u001b[0m","timestamp":"2025-04-01T19:31:09.208Z"}
{"level":"info","message":"\u001b[0mPOST /api/users/verify \u001b[31m500\u001b[0m 49.441 ms - 50\u001b[0m","timestamp":"2025-04-01T19:31:09.267Z"}
