{"level":"info","message":"\u001b[0mOPTIONS /api/surgery-equipments \u001b[32m204\u001b[0m 1.762 ms - 0\u001b[0m","timestamp":"2025-04-11T01:54:20.011Z"}
{"level":"info","message":"\u001b[0mOPTIONS /api/surgery-equipments \u001b[32m204\u001b[0m 0.420 ms - 0\u001b[0m","timestamp":"2025-04-11T01:54:20.118Z"}
{"level":"info","message":"\u001b[0mGET /api/surgery-equipments \u001b[36m304\u001b[0m 83.954 ms - -\u001b[0m","timestamp":"2025-04-11T01:54:20.204Z"}
{"level":"info","message":"\u001b[0mGET /api/surgery-equipments \u001b[36m304\u001b[0m 27.088 ms - -\u001b[0m","timestamp":"2025-04-11T01:54:20.243Z"}
{"level":"info","message":"\u001b[0mOPTIONS /api/surgery-equipments \u001b[32m204\u001b[0m 0.233 ms - 0\u001b[0m","timestamp":"2025-04-11T01:56:04.039Z"}
{"level":"info","message":"\u001b[0mOPTIONS /api/surgery-equipments \u001b[32m204\u001b[0m 0.306 ms - 0\u001b[0m","timestamp":"2025-04-11T01:56:04.041Z"}
{"level":"info","message":"\u001b[0mGET /api/surgery-equipments \u001b[36m304\u001b[0m 19.263 ms - -\u001b[0m","timestamp":"2025-04-11T01:56:04.113Z"}
{"level":"info","message":"\u001b[0mGET /api/surgery-equipments \u001b[36m304\u001b[0m 25.540 ms - -\u001b[0m","timestamp":"2025-04-11T01:56:04.157Z"}
{"level":"info","message":"\u001b[0mOPTIONS /api/surgery/surgeries \u001b[32m204\u001b[0m 0.227 ms - 0\u001b[0m","timestamp":"2025-04-11T02:01:53.692Z"}
{"level":"info","message":"\u001b[0mOPTIONS /api/surgery/surgeries \u001b[32m204\u001b[0m 0.319 ms - 0\u001b[0m","timestamp":"2025-04-11T02:01:53.694Z"}
{"level":"info","message":"\u001b[0mGET /api/surgery/surgeries \u001b[32m200\u001b[0m 33.345 ms - 243\u001b[0m","timestamp":"2025-04-11T02:01:53.732Z"}
{"level":"info","message":"\u001b[0mGET /api/surgery/surgeries \u001b[36m304\u001b[0m 37.420 ms - -\u001b[0m","timestamp":"2025-04-11T02:01:53.780Z"}
{"level":"info","message":"\u001b[0mOPTIONS /api/surgery/get-surgrey/1 \u001b[32m204\u001b[0m 0.205 ms - 0\u001b[0m","timestamp":"2025-04-11T02:02:00.483Z"}
{"level":"info","message":"\u001b[0mOPTIONS /api/surgery/get-surgrey/1 \u001b[32m204\u001b[0m 0.197 ms - 0\u001b[0m","timestamp":"2025-04-11T02:02:00.488Z"}
{"level":"info","message":"\u001b[0mGET /api/surgery/get-surgrey/1 \u001b[32m200\u001b[0m 25.677 ms - 47599\u001b[0m","timestamp":"2025-04-11T02:02:00.518Z"}
{"level":"info","message":"\u001b[0mGET /api/surgery/get-surgrey/1 \u001b[36m304\u001b[0m 16.041 ms - -\u001b[0m","timestamp":"2025-04-11T02:02:00.539Z"}
{"level":"info","message":"\u001b[0mOPTIONS /api/surgery/surgeries \u001b[32m204\u001b[0m 0.214 ms - 0\u001b[0m","timestamp":"2025-04-11T02:02:24.895Z"}
{"level":"info","message":"\u001b[0mOPTIONS /api/surgery/surgeries \u001b[32m204\u001b[0m 0.361 ms - 0\u001b[0m","timestamp":"2025-04-11T02:02:24.899Z"}
{"level":"info","message":"\u001b[0mGET /api/surgery/surgeries \u001b[36m304\u001b[0m 39.659 ms - -\u001b[0m","timestamp":"2025-04-11T02:02:24.941Z"}
{"level":"info","message":"\u001b[0mGET /api/surgery/surgeries \u001b[36m304\u001b[0m 20.865 ms - -\u001b[0m","timestamp":"2025-04-11T02:02:24.972Z"}
{"level":"info","message":"\u001b[0mOPTIONS /api/surgery-equipments \u001b[32m204\u001b[0m 0.253 ms - 0\u001b[0m","timestamp":"2025-04-11T02:02:29.915Z"}
{"level":"info","message":"\u001b[0mOPTIONS /api/surgery-equipments \u001b[32m204\u001b[0m 0.189 ms - 0\u001b[0m","timestamp":"2025-04-11T02:02:29.920Z"}
{"level":"info","message":"\u001b[0mGET /api/surgery-equipments \u001b[36m304\u001b[0m 17.156 ms - -\u001b[0m","timestamp":"2025-04-11T02:02:29.942Z"}
{"level":"info","message":"\u001b[0mGET /api/surgery-equipments \u001b[36m304\u001b[0m 21.831 ms - -\u001b[0m","timestamp":"2025-04-11T02:02:29.973Z"}
{"level":"info","message":"\u001b[0mOPTIONS /api/surgery-equipments \u001b[32m204\u001b[0m 0.294 ms - 0\u001b[0m","timestamp":"2025-04-11T02:02:40.019Z"}
{"level":"info","message":"\u001b[0mOPTIONS /api/surgery-equipments \u001b[32m204\u001b[0m 0.198 ms - 0\u001b[0m","timestamp":"2025-04-11T02:02:40.021Z"}
{"level":"info","message":"\u001b[0mGET /api/surgery-equipments \u001b[36m304\u001b[0m 17.470 ms - -\u001b[0m","timestamp":"2025-04-11T02:02:40.045Z"}
{"level":"info","message":"\u001b[0mGET /api/surgery-equipments \u001b[36m304\u001b[0m 21.950 ms - -\u001b[0m","timestamp":"2025-04-11T02:02:40.080Z"}
{"level":"info","message":"\u001b[0mGET /api/surgery-equipments \u001b[36m304\u001b[0m 14.173 ms - -\u001b[0m","timestamp":"2025-04-11T02:02:42.817Z"}
{"level":"info","message":"\u001b[0mGET /api/surgery-equipments \u001b[36m304\u001b[0m 15.713 ms - -\u001b[0m","timestamp":"2025-04-11T02:02:42.845Z"}
{"level":"info","message":"\u001b[0mOPTIONS /api/surgery-equipments \u001b[32m204\u001b[0m 0.452 ms - 0\u001b[0m","timestamp":"2025-04-11T02:02:45.043Z"}
{"level":"info","message":"\u001b[0mOPTIONS /api/surgery-equipments \u001b[32m204\u001b[0m 0.216 ms - 0\u001b[0m","timestamp":"2025-04-11T02:02:45.046Z"}
{"level":"info","message":"\u001b[0mGET /api/surgery-equipments \u001b[36m304\u001b[0m 17.224 ms - -\u001b[0m","timestamp":"2025-04-11T02:02:45.066Z"}
{"level":"info","message":"\u001b[0mGET /api/surgery-equipments \u001b[36m304\u001b[0m 35.147 ms - -\u001b[0m","timestamp":"2025-04-11T02:02:45.106Z"}
{"level":"info","message":"\u001b[0mOPTIONS /api/surgery/surgeries \u001b[32m204\u001b[0m 0.495 ms - 0\u001b[0m","timestamp":"2025-04-11T02:02:55.086Z"}
{"level":"info","message":"\u001b[0mOPTIONS /api/surgery/surgeries \u001b[32m204\u001b[0m 0.330 ms - 0\u001b[0m","timestamp":"2025-04-11T02:02:55.091Z"}
{"level":"info","message":"\u001b[0mGET /api/surgery/surgeries \u001b[36m304\u001b[0m 43.935 ms - -\u001b[0m","timestamp":"2025-04-11T02:02:55.143Z"}
{"level":"info","message":"\u001b[0mGET /api/surgery/surgeries \u001b[36m304\u001b[0m 42.759 ms - -\u001b[0m","timestamp":"2025-04-11T02:02:55.199Z"}
{"level":"info","message":"\u001b[0mOPTIONS /api/users/login \u001b[32m204\u001b[0m 0.446 ms - 0\u001b[0m","timestamp":"2025-04-11T02:03:20.085Z"}
{"level":"info","message":"\u001b[0mPOST /api/users/login \u001b[32m202\u001b[0m 152.554 ms - 71\u001b[0m","timestamp":"2025-04-11T02:03:20.241Z"}
{"level":"info","message":"Connected to MySQL database","timestamp":"2025-04-11T02:03:40.594Z"}
{"level":"info","message":"Connected to MongoDB database successfully","timestamp":"2025-04-11T02:03:40.648Z"}
{"level":"info","message":"Cron jobs initialized","timestamp":"2025-04-11T02:03:40.691Z"}
{"level":"info","message":"app listening on port: 4000","timestamp":"2025-04-11T02:03:40.698Z"}
{"level":"info","message":"Connected to MySQL database","timestamp":"2025-04-11T02:04:07.093Z"}
{"level":"info","message":"Connected to MongoDB database successfully","timestamp":"2025-04-11T02:04:07.167Z"}
{"level":"info","message":"Cron jobs initialized","timestamp":"2025-04-11T02:04:07.211Z"}
{"level":"info","message":"app listening on port: 4000","timestamp":"2025-04-11T02:04:07.218Z"}
{"level":"info","message":"\u001b[0mOPTIONS /api/users/login \u001b[32m204\u001b[0m 1.753 ms - 0\u001b[0m","timestamp":"2025-04-11T02:10:11.604Z"}
{"level":"info","message":"\u001b[0mPOST /api/users/login \u001b[32m202\u001b[0m 195.422 ms - 71\u001b[0m","timestamp":"2025-04-11T02:10:11.822Z"}
{"level":"info","message":"Connected to MySQL database","timestamp":"2025-04-11T02:11:57.780Z"}
{"level":"info","message":"Connected to MongoDB database successfully","timestamp":"2025-04-11T02:11:58.214Z"}
{"level":"info","message":"Cron jobs initialized","timestamp":"2025-04-11T02:11:58.278Z"}
{"level":"info","message":"app listening on port: 4000","timestamp":"2025-04-11T02:11:58.286Z"}
{"level":"info","message":"\u001b[0mOPTIONS /api/users/login \u001b[32m204\u001b[0m 2.842 ms - 0\u001b[0m","timestamp":"2025-04-11T02:12:31.193Z"}
{"level":"info","message":"\u001b[0mPOST /api/users/login \u001b[32m202\u001b[0m 194.215 ms - 71\u001b[0m","timestamp":"2025-04-11T02:12:31.405Z"}
{"level":"info","message":"\u001b[0mOPTIONS /api/users/login \u001b[32m204\u001b[0m 0.343 ms - 0\u001b[0m","timestamp":"2025-04-11T02:13:45.539Z"}
{"level":"info","message":"\u001b[0mPOST /api/users/login \u001b[32m202\u001b[0m 166.551 ms - 71\u001b[0m","timestamp":"2025-04-11T02:13:45.709Z"}
{"level":"info","message":"Connected to MySQL database","timestamp":"2025-04-11T04:56:45.608Z"}
{"level":"info","message":"Connected to MongoDB database successfully","timestamp":"2025-04-11T04:56:45.693Z"}
{"level":"info","message":"Cron jobs initialized","timestamp":"2025-04-11T04:56:45.752Z"}
{"level":"info","message":"app listening on port: 4000","timestamp":"2025-04-11T04:56:45.760Z"}
{"level":"info","message":"\u001b[0mOPTIONS /api/users/login \u001b[32m204\u001b[0m 7.389 ms - 0\u001b[0m","timestamp":"2025-04-11T04:57:41.156Z"}
{"level":"info","message":"\u001b[0mPOST /api/users/login \u001b[32m202\u001b[0m 210.950 ms - 71\u001b[0m","timestamp":"2025-04-11T04:57:41.403Z"}
{"level":"info","message":"\u001b[0mOPTIONS /api/users/verify \u001b[32m204\u001b[0m 0.606 ms - 0\u001b[0m","timestamp":"2025-04-11T04:57:48.510Z"}
{"level":"info","message":"\u001b[0mPOST /api/users/verify \u001b[32m200\u001b[0m 127.234 ms - 379\u001b[0m","timestamp":"2025-04-11T04:57:48.644Z"}
{"level":"info","message":"\u001b[0mOPTIONS /api/surgery/surgeries \u001b[32m204\u001b[0m 0.347 ms - 0\u001b[0m","timestamp":"2025-04-11T04:58:15.185Z"}
{"level":"info","message":"\u001b[0mOPTIONS /api/surgery/surgeries \u001b[32m204\u001b[0m 0.572 ms - 0\u001b[0m","timestamp":"2025-04-11T04:58:15.194Z"}
{"level":"info","message":"\u001b[0mGET /api/surgery/surgeries \u001b[36m304\u001b[0m 141.800 ms - -\u001b[0m","timestamp":"2025-04-11T04:58:15.345Z"}
{"level":"info","message":"\u001b[0mGET /api/surgery/surgeries \u001b[36m304\u001b[0m 37.428 ms - -\u001b[0m","timestamp":"2025-04-11T04:58:15.396Z"}
{"level":"info","message":"\u001b[0mOPTIONS /api/surgery/surgeries \u001b[32m204\u001b[0m 0.704 ms - 0\u001b[0m","timestamp":"2025-04-11T04:59:11.928Z"}
{"level":"info","message":"\u001b[0mOPTIONS /api/surgery/surgeries \u001b[32m204\u001b[0m 0.764 ms - 0\u001b[0m","timestamp":"2025-04-11T04:59:11.933Z"}
{"level":"info","message":"\u001b[0mGET /api/surgery/surgeries \u001b[36m304\u001b[0m 30.917 ms - -\u001b[0m","timestamp":"2025-04-11T04:59:11.971Z"}
{"level":"info","message":"\u001b[0mGET /api/surgery/surgeries \u001b[36m304\u001b[0m 46.711 ms - -\u001b[0m","timestamp":"2025-04-11T04:59:12.028Z"}
{"level":"info","message":"\u001b[0mOPTIONS /api/surgery/surgeries \u001b[32m204\u001b[0m 1.957 ms - 0\u001b[0m","timestamp":"2025-04-11T05:07:43.033Z"}
{"level":"info","message":"\u001b[0mOPTIONS /api/surgery/surgeries \u001b[32m204\u001b[0m 0.449 ms - 0\u001b[0m","timestamp":"2025-04-11T05:07:43.071Z"}
{"level":"info","message":"\u001b[0mGET /api/surgery/surgeries \u001b[36m304\u001b[0m 63.158 ms - -\u001b[0m","timestamp":"2025-04-11T05:07:43.167Z"}
{"level":"info","message":"\u001b[0mGET /api/surgery/surgeries \u001b[36m304\u001b[0m 38.443 ms - -\u001b[0m","timestamp":"2025-04-11T05:07:43.227Z"}
{"level":"info","message":"\u001b[0mOPTIONS /api/surgery/surgeries \u001b[32m204\u001b[0m 0.451 ms - 0\u001b[0m","timestamp":"2025-04-11T05:13:28.184Z"}
{"level":"info","message":"\u001b[0mOPTIONS /api/surgery/surgeries \u001b[32m204\u001b[0m 0.458 ms - 0\u001b[0m","timestamp":"2025-04-11T05:13:28.188Z"}
{"level":"info","message":"\u001b[0mOPTIONS /api/surgery/surgeries \u001b[32m204\u001b[0m 10.706 ms - 0\u001b[0m","timestamp":"2025-04-11T05:13:28.202Z"}
{"level":"info","message":"\u001b[0mOPTIONS /api/surgery/surgeries \u001b[32m204\u001b[0m 0.326 ms - 0\u001b[0m","timestamp":"2025-04-11T05:13:28.204Z"}
{"level":"info","message":"\u001b[0mGET /api/surgery/surgeries \u001b[36m304\u001b[0m 25.414 ms - -\u001b[0m","timestamp":"2025-04-11T05:13:28.299Z"}
{"level":"info","message":"\u001b[0mGET /api/surgery/surgeries \u001b[36m304\u001b[0m 55.274 ms - -\u001b[0m","timestamp":"2025-04-11T05:13:28.380Z"}
{"level":"info","message":"\u001b[0mGET /api/surgery/surgeries \u001b[36m304\u001b[0m 35.064 ms - -\u001b[0m","timestamp":"2025-04-11T05:13:28.422Z"}
{"level":"info","message":"\u001b[0mGET /api/surgery/surgeries \u001b[36m304\u001b[0m 41.389 ms - -\u001b[0m","timestamp":"2025-04-11T05:13:28.473Z"}
{"level":"info","message":"\u001b[0mOPTIONS /api/surgery/surgeries \u001b[32m204\u001b[0m 0.732 ms - 0\u001b[0m","timestamp":"2025-04-11T05:14:12.562Z"}
{"level":"info","message":"\u001b[0mGET /api/surgery/surgeries \u001b[36m304\u001b[0m 155.337 ms - -\u001b[0m","timestamp":"2025-04-11T05:14:12.801Z"}
{"level":"info","message":"\u001b[0mOPTIONS /api/surgery/surgeries \u001b[32m204\u001b[0m 0.341 ms - 0\u001b[0m","timestamp":"2025-04-11T05:14:19.752Z"}
{"level":"info","message":"\u001b[0mGET /api/surgery/surgeries \u001b[36m304\u001b[0m 21.302 ms - -\u001b[0m","timestamp":"2025-04-11T05:14:19.786Z"}
{"level":"info","message":"\u001b[0mOPTIONS /api/surgery/surgeries \u001b[32m204\u001b[0m 0.265 ms - 0\u001b[0m","timestamp":"2025-04-11T05:17:07.366Z"}
{"level":"info","message":"\u001b[0mGET /api/surgery/surgeries \u001b[36m304\u001b[0m 15.245 ms - -\u001b[0m","timestamp":"2025-04-11T05:17:07.395Z"}
{"level":"info","message":"\u001b[0mGET /api/surgery/surgeries \u001b[36m304\u001b[0m 27.241 ms - -\u001b[0m","timestamp":"2025-04-11T05:17:09.423Z"}
{"level":"info","message":"\u001b[0mOPTIONS /api/surgery/surgeries \u001b[32m204\u001b[0m 0.320 ms - 0\u001b[0m","timestamp":"2025-04-11T05:17:12.589Z"}
{"level":"info","message":"\u001b[0mOPTIONS /api/surgery/surgeries \u001b[32m204\u001b[0m 0.400 ms - 0\u001b[0m","timestamp":"2025-04-11T05:17:12.592Z"}
{"level":"info","message":"\u001b[0mOPTIONS /api/surgery/surgeries \u001b[32m204\u001b[0m 0.308 ms - 0\u001b[0m","timestamp":"2025-04-11T05:17:12.595Z"}
{"level":"info","message":"\u001b[0mOPTIONS /api/surgery/surgeries \u001b[32m204\u001b[0m 0.439 ms - 0\u001b[0m","timestamp":"2025-04-11T05:17:12.605Z"}
{"level":"info","message":"\u001b[0mGET /api/surgery/surgeries \u001b[36m304\u001b[0m 28.762 ms - -\u001b[0m","timestamp":"2025-04-11T05:17:12.626Z"}
{"level":"info","message":"\u001b[0mGET /api/surgery/surgeries \u001b[36m304\u001b[0m 50.511 ms - -\u001b[0m","timestamp":"2025-04-11T05:17:12.697Z"}
{"level":"info","message":"\u001b[0mGET /api/surgery/surgeries \u001b[36m304\u001b[0m 27.893 ms - -\u001b[0m","timestamp":"2025-04-11T05:17:12.727Z"}
{"level":"info","message":"\u001b[0mGET /api/surgery/surgeries \u001b[36m304\u001b[0m 14.749 ms - -\u001b[0m","timestamp":"2025-04-11T05:17:12.751Z"}
{"level":"info","message":"\u001b[0mGET /api/surgery/surgeries \u001b[36m304\u001b[0m 42.235 ms - -\u001b[0m","timestamp":"2025-04-11T05:17:17.402Z"}
{"level":"info","message":"\u001b[0mOPTIONS /api/surgery/surgeries \u001b[32m204\u001b[0m 0.600 ms - 0\u001b[0m","timestamp":"2025-04-11T05:18:24.084Z"}
{"level":"info","message":"\u001b[0mGET /api/surgery/surgeries \u001b[36m304\u001b[0m 63.758 ms - -\u001b[0m","timestamp":"2025-04-11T05:18:24.182Z"}
{"level":"info","message":"\u001b[0mOPTIONS /api/surgery/surgeries \u001b[32m204\u001b[0m 0.414 ms - 0\u001b[0m","timestamp":"2025-04-11T05:18:42.497Z"}
{"level":"info","message":"\u001b[0mGET /api/surgery/surgeries \u001b[36m304\u001b[0m 54.097 ms - -\u001b[0m","timestamp":"2025-04-11T05:18:42.567Z"}
{"level":"info","message":"\u001b[0mOPTIONS /api/surgery/surgeries \u001b[32m204\u001b[0m 0.381 ms - 0\u001b[0m","timestamp":"2025-04-11T05:18:57.777Z"}
{"level":"info","message":"\u001b[0mGET /api/surgery/surgeries \u001b[36m304\u001b[0m 52.397 ms - -\u001b[0m","timestamp":"2025-04-11T05:18:57.909Z"}
{"level":"info","message":"\u001b[0mOPTIONS /api/surgery/surgeries \u001b[32m204\u001b[0m 0.373 ms - 0\u001b[0m","timestamp":"2025-04-11T05:19:46.652Z"}
{"level":"info","message":"\u001b[0mGET /api/surgery/surgeries \u001b[36m304\u001b[0m 50.731 ms - -\u001b[0m","timestamp":"2025-04-11T05:19:46.727Z"}
{"level":"info","message":"\u001b[0mOPTIONS /api/surgery/surgeries \u001b[32m204\u001b[0m 0.348 ms - 0\u001b[0m","timestamp":"2025-04-11T05:20:43.466Z"}
{"level":"info","message":"\u001b[0mGET /api/surgery/surgeries \u001b[36m304\u001b[0m 47.099 ms - -\u001b[0m","timestamp":"2025-04-11T05:20:43.539Z"}
{"level":"info","message":"\u001b[0mOPTIONS /api/surgery/surgeries \u001b[32m204\u001b[0m 2.075 ms - 0\u001b[0m","timestamp":"2025-04-11T05:21:07.293Z"}
{"level":"info","message":"\u001b[0mGET /api/surgery/surgeries \u001b[36m304\u001b[0m 46.306 ms - -\u001b[0m","timestamp":"2025-04-11T05:21:07.359Z"}
{"level":"info","message":"\u001b[0mOPTIONS /api/surgery/surgeries \u001b[32m204\u001b[0m 1.702 ms - 0\u001b[0m","timestamp":"2025-04-11T05:21:19.320Z"}
{"level":"info","message":"\u001b[0mGET /api/surgery/surgeries \u001b[36m304\u001b[0m 71.227 ms - -\u001b[0m","timestamp":"2025-04-11T05:21:19.415Z"}
{"level":"info","message":"\u001b[0mOPTIONS /api/surgery/surgeries \u001b[32m204\u001b[0m 0.464 ms - 0\u001b[0m","timestamp":"2025-04-11T05:22:27.228Z"}
{"level":"info","message":"\u001b[0mGET /api/surgery/surgeries \u001b[36m304\u001b[0m 77.531 ms - -\u001b[0m","timestamp":"2025-04-11T05:22:27.323Z"}
{"level":"info","message":"\u001b[0mOPTIONS /api/surgery/surgeries \u001b[32m204\u001b[0m 0.767 ms - 0\u001b[0m","timestamp":"2025-04-11T05:22:57.162Z"}
{"level":"info","message":"\u001b[0mGET /api/surgery/surgeries \u001b[36m304\u001b[0m 98.219 ms - -\u001b[0m","timestamp":"2025-04-11T05:22:57.317Z"}
{"level":"info","message":"\u001b[0mOPTIONS /api/surgery/surgeries \u001b[32m204\u001b[0m 0.461 ms - 0\u001b[0m","timestamp":"2025-04-11T05:23:07.711Z"}
{"level":"info","message":"\u001b[0mGET /api/surgery/surgeries \u001b[36m304\u001b[0m 58.175 ms - -\u001b[0m","timestamp":"2025-04-11T05:23:07.870Z"}
{"level":"info","message":"\u001b[0mOPTIONS /api/surgery/surgeries \u001b[32m204\u001b[0m 0.371 ms - 0\u001b[0m","timestamp":"2025-04-11T05:25:02.607Z"}
{"level":"info","message":"\u001b[0mGET /api/surgery/surgeries \u001b[36m304\u001b[0m 72.842 ms - -\u001b[0m","timestamp":"2025-04-11T05:25:02.703Z"}
{"level":"info","message":"\u001b[0mOPTIONS /api/surgery/surgeries \u001b[32m204\u001b[0m 0.511 ms - 0\u001b[0m","timestamp":"2025-04-11T05:26:13.646Z"}
{"level":"info","message":"\u001b[0mGET /api/surgery/surgeries \u001b[36m304\u001b[0m 46.500 ms - -\u001b[0m","timestamp":"2025-04-11T05:26:13.720Z"}
{"level":"info","message":"\u001b[0mGET /api/surgery/surgeries \u001b[36m304\u001b[0m 69.890 ms - -\u001b[0m","timestamp":"2025-04-11T05:26:17.144Z"}
{"level":"info","message":"\u001b[0mOPTIONS /api/surgery/surgeries \u001b[32m204\u001b[0m 0.653 ms - 0\u001b[0m","timestamp":"2025-04-11T05:26:44.520Z"}
{"level":"info","message":"\u001b[0mGET /api/surgery/surgeries \u001b[36m304\u001b[0m 91.386 ms - -\u001b[0m","timestamp":"2025-04-11T05:26:44.645Z"}
{"level":"info","message":"\u001b[0mOPTIONS /api/surgery/surgeries \u001b[32m204\u001b[0m 0.350 ms - 0\u001b[0m","timestamp":"2025-04-11T05:27:09.487Z"}
{"level":"info","message":"\u001b[0mGET /api/surgery/surgeries \u001b[36m304\u001b[0m 25.672 ms - -\u001b[0m","timestamp":"2025-04-11T05:27:09.525Z"}
{"level":"info","message":"\u001b[0mGET /api/surgery/surgeries \u001b[36m304\u001b[0m 41.583 ms - -\u001b[0m","timestamp":"2025-04-11T05:27:11.256Z"}
{"level":"info","message":"\u001b[0mOPTIONS /api/surgery/surgeries \u001b[32m204\u001b[0m 0.437 ms - 0\u001b[0m","timestamp":"2025-04-11T05:27:34.404Z"}
{"level":"info","message":"\u001b[0mGET /api/surgery/surgeries \u001b[36m304\u001b[0m 36.276 ms - -\u001b[0m","timestamp":"2025-04-11T05:27:34.457Z"}
{"level":"info","message":"\u001b[0mOPTIONS /api/surgery/surgeries \u001b[32m204\u001b[0m 1.765 ms - 0\u001b[0m","timestamp":"2025-04-11T05:27:42.972Z"}
{"level":"info","message":"\u001b[0mGET /api/surgery/surgeries \u001b[36m304\u001b[0m 140.853 ms - -\u001b[0m","timestamp":"2025-04-11T05:27:43.162Z"}
{"level":"info","message":"\u001b[0mOPTIONS /api/surgery/surgeries \u001b[32m204\u001b[0m 0.501 ms - 0\u001b[0m","timestamp":"2025-04-11T05:27:59.285Z"}
{"level":"info","message":"\u001b[0mGET /api/surgery/surgeries \u001b[36m304\u001b[0m 48.811 ms - -\u001b[0m","timestamp":"2025-04-11T05:27:59.353Z"}
{"level":"info","message":"\u001b[0mOPTIONS /api/surgery/surgeries \u001b[32m204\u001b[0m 0.218 ms - 0\u001b[0m","timestamp":"2025-04-11T05:28:15.257Z"}
{"level":"info","message":"\u001b[0mGET /api/surgery/surgeries \u001b[36m304\u001b[0m 19.423 ms - -\u001b[0m","timestamp":"2025-04-11T05:28:15.288Z"}
{"level":"info","message":"\u001b[0mGET /api/surgery/surgeries \u001b[36m304\u001b[0m 39.251 ms - -\u001b[0m","timestamp":"2025-04-11T05:28:18.273Z"}
{"level":"info","message":"\u001b[0mOPTIONS /api/surgery/surgeries \u001b[32m204\u001b[0m 0.436 ms - 0\u001b[0m","timestamp":"2025-04-11T05:28:25.416Z"}
{"level":"info","message":"\u001b[0mGET /api/surgery/surgeries \u001b[36m304\u001b[0m 42.108 ms - -\u001b[0m","timestamp":"2025-04-11T05:28:25.477Z"}
{"level":"info","message":"\u001b[0mOPTIONS /api/surgery/surgeries \u001b[32m204\u001b[0m 0.391 ms - 0\u001b[0m","timestamp":"2025-04-11T05:28:32.452Z"}
{"level":"info","message":"\u001b[0mGET /api/surgery/surgeries \u001b[36m304\u001b[0m 74.563 ms - -\u001b[0m","timestamp":"2025-04-11T05:28:32.592Z"}
{"level":"info","message":"\u001b[0mGET /api/surgery/surgeries \u001b[36m304\u001b[0m 50.643 ms - -\u001b[0m","timestamp":"2025-04-11T05:28:37.329Z"}
{"level":"info","message":"\u001b[0mOPTIONS /api/surgery/surgeries \u001b[32m204\u001b[0m 2.886 ms - 0\u001b[0m","timestamp":"2025-04-11T05:30:45.773Z"}
{"level":"info","message":"\u001b[0mGET /api/surgery/surgeries \u001b[36m304\u001b[0m 36.957 ms - -\u001b[0m","timestamp":"2025-04-11T05:30:45.823Z"}
{"level":"info","message":"\u001b[0mOPTIONS /api/surgery/surgeries \u001b[32m204\u001b[0m 0.453 ms - 0\u001b[0m","timestamp":"2025-04-11T05:31:58.984Z"}
{"level":"info","message":"\u001b[0mGET /api/surgery/surgeries \u001b[36m304\u001b[0m 61.624 ms - -\u001b[0m","timestamp":"2025-04-11T05:31:59.089Z"}
{"level":"info","message":"\u001b[0mOPTIONS /api/surgery/surgeries \u001b[32m204\u001b[0m 2.573 ms - 0\u001b[0m","timestamp":"2025-04-11T05:32:08.475Z"}
{"level":"info","message":"\u001b[0mGET /api/surgery/surgeries \u001b[36m304\u001b[0m 122.749 ms - -\u001b[0m","timestamp":"2025-04-11T05:32:08.685Z"}
{"level":"info","message":"\u001b[0mOPTIONS /api/surgery/surgeries \u001b[32m204\u001b[0m 1.613 ms - 0\u001b[0m","timestamp":"2025-04-11T05:35:26.835Z"}
{"level":"info","message":"\u001b[0mGET /api/surgery/surgeries \u001b[36m304\u001b[0m 60.155 ms - -\u001b[0m","timestamp":"2025-04-11T05:35:26.905Z"}
{"level":"info","message":"\u001b[0mOPTIONS /api/surgery/surgeries \u001b[32m204\u001b[0m 0.386 ms - 0\u001b[0m","timestamp":"2025-04-11T05:39:20.904Z"}
{"level":"info","message":"\u001b[0mOPTIONS /api/surgery/surgeries \u001b[32m204\u001b[0m 1.890 ms - 0\u001b[0m","timestamp":"2025-04-11T05:39:20.922Z"}
{"level":"info","message":"\u001b[0mGET /api/surgery/surgeries \u001b[36m304\u001b[0m 21.822 ms - -\u001b[0m","timestamp":"2025-04-11T05:39:20.950Z"}
{"level":"info","message":"\u001b[0mGET /api/surgery/surgeries \u001b[36m304\u001b[0m 24.331 ms - -\u001b[0m","timestamp":"2025-04-11T05:39:20.987Z"}
{"level":"info","message":"\u001b[0mOPTIONS /api/surgery/surgeries \u001b[32m204\u001b[0m 0.401 ms - 0\u001b[0m","timestamp":"2025-04-11T05:39:37.431Z"}
{"level":"info","message":"\u001b[0mGET /api/surgery/surgeries \u001b[36m304\u001b[0m 70.994 ms - -\u001b[0m","timestamp":"2025-04-11T05:39:37.559Z"}
{"level":"info","message":"\u001b[0mOPTIONS /api/surgery/get-surgrey/1 \u001b[32m204\u001b[0m 0.317 ms - 0\u001b[0m","timestamp":"2025-04-11T05:39:41.072Z"}
{"level":"info","message":"\u001b[0mOPTIONS /api/surgery/get-surgrey/1 \u001b[32m204\u001b[0m 1.741 ms - 0\u001b[0m","timestamp":"2025-04-11T05:39:41.103Z"}
{"level":"info","message":"\u001b[0mGET /api/surgery/get-surgrey/1 \u001b[36m304\u001b[0m 67.753 ms - -\u001b[0m","timestamp":"2025-04-11T05:39:41.147Z"}
{"level":"info","message":"\u001b[0mGET /api/surgery/get-surgrey/1 \u001b[36m304\u001b[0m 21.222 ms - -\u001b[0m","timestamp":"2025-04-11T05:39:41.173Z"}
{"level":"info","message":"\u001b[0mOPTIONS /api/surgery/get-surgrey/2 \u001b[32m204\u001b[0m 0.268 ms - 0\u001b[0m","timestamp":"2025-04-11T05:39:48.192Z"}
{"level":"info","message":"\u001b[0mGET /api/surgery/get-surgrey/2 \u001b[32m200\u001b[0m 26.495 ms - 94689\u001b[0m","timestamp":"2025-04-11T05:39:48.225Z"}
{"level":"info","message":"\u001b[0mOPTIONS /api/surgery/surgeries \u001b[32m204\u001b[0m 0.289 ms - 0\u001b[0m","timestamp":"2025-04-11T05:39:51.749Z"}
{"level":"info","message":"\u001b[0mOPTIONS /api/surgery/surgeries \u001b[32m204\u001b[0m 0.392 ms - 0\u001b[0m","timestamp":"2025-04-11T05:39:51.754Z"}
{"level":"info","message":"\u001b[0mGET /api/surgery/surgeries \u001b[36m304\u001b[0m 28.380 ms - -\u001b[0m","timestamp":"2025-04-11T05:39:51.786Z"}
{"level":"info","message":"\u001b[0mGET /api/surgery/surgeries \u001b[36m304\u001b[0m 57.887 ms - -\u001b[0m","timestamp":"2025-04-11T05:39:51.869Z"}
{"level":"info","message":"\u001b[0mGET /api/surgery/surgeries \u001b[36m304\u001b[0m 23.267 ms - -\u001b[0m","timestamp":"2025-04-11T05:39:51.897Z"}
{"level":"info","message":"\u001b[0mGET /api/surgery/surgeries \u001b[36m304\u001b[0m 15.939 ms - -\u001b[0m","timestamp":"2025-04-11T05:39:51.932Z"}
{"level":"info","message":"\u001b[0mOPTIONS /api/surgery/get-surgrey/1 \u001b[32m204\u001b[0m 0.443 ms - 0\u001b[0m","timestamp":"2025-04-11T05:39:55.288Z"}
{"level":"info","message":"\u001b[0mOPTIONS /api/surgery/get-surgrey/1 \u001b[32m204\u001b[0m 0.375 ms - 0\u001b[0m","timestamp":"2025-04-11T05:39:55.290Z"}
{"level":"info","message":"\u001b[0mGET /api/surgery/get-surgrey/1 \u001b[36m304\u001b[0m 32.485 ms - -\u001b[0m","timestamp":"2025-04-11T05:39:55.326Z"}
{"level":"info","message":"\u001b[0mGET /api/surgery/get-surgrey/1 \u001b[36m304\u001b[0m 22.090 ms - -\u001b[0m","timestamp":"2025-04-11T05:39:55.354Z"}
{"level":"info","message":"\u001b[0mOPTIONS /api/surgery/get-surgrey/2 \u001b[32m204\u001b[0m 0.136 ms - 0\u001b[0m","timestamp":"2025-04-11T05:40:11.275Z"}
{"level":"info","message":"\u001b[0mGET /api/surgery/get-surgrey/2 \u001b[36m304\u001b[0m 22.913 ms - -\u001b[0m","timestamp":"2025-04-11T05:40:11.305Z"}
{"level":"info","message":"\u001b[0mOPTIONS /api/surgery/surgeries \u001b[32m204\u001b[0m 0.866 ms - 0\u001b[0m","timestamp":"2025-04-11T05:40:31.910Z"}
{"level":"info","message":"\u001b[0mGET /api/surgery/surgeries \u001b[36m304\u001b[0m 32.824 ms - -\u001b[0m","timestamp":"2025-04-11T05:40:31.971Z"}
