{"level":"info","message":"\u001b[0mOPTIONS /api/users/roles/requirements \u001b[32m204\u001b[0m 0.413 ms - 0\u001b[0m","timestamp":"2025-04-05T21:47:29.294Z"}
{"level":"info","message":"\u001b[0mOPTIONS /api/users/training/progress \u001b[32m204\u001b[0m 0.355 ms - 0\u001b[0m","timestamp":"2025-04-05T21:47:29.428Z"}
{"level":"info","message":"\u001b[0mOPTIONS /api/affiliation \u001b[32m204\u001b[0m 0.473 ms - 0\u001b[0m","timestamp":"2025-04-05T21:47:29.432Z"}
{"level":"info","message":"\u001b[0mOPTIONS /api/users/ \u001b[32m204\u001b[0m 0.304 ms - 0\u001b[0m","timestamp":"2025-04-05T21:47:29.460Z"}
{"level":"info","message":"\u001b[0mOPTIONS /api/users/training/progress \u001b[32m204\u001b[0m 0.315 ms - 0\u001b[0m","timestamp":"2025-04-05T21:47:29.462Z"}
{"level":"info","message":"\u001b[0mOPTIONS /api/roles \u001b[32m204\u001b[0m 0.365 ms - 0\u001b[0m","timestamp":"2025-04-05T21:47:29.465Z"}
{"level":"info","message":"\u001b[0mOPTIONS /api/users/ \u001b[32m204\u001b[0m 0.485 ms - 0\u001b[0m","timestamp":"2025-04-05T21:47:29.477Z"}
{"level":"info","message":"\u001b[0mOPTIONS /api/affiliation \u001b[32m204\u001b[0m 0.268 ms - 0\u001b[0m","timestamp":"2025-04-05T21:47:29.479Z"}
{"level":"info","message":"\u001b[0mOPTIONS /api/roles \u001b[32m204\u001b[0m 0.282 ms - 0\u001b[0m","timestamp":"2025-04-05T21:47:29.480Z"}
{"level":"info","message":"\u001b[0mOPTIONS /api/users/roles/requirements \u001b[32m204\u001b[0m 0.451 ms - 0\u001b[0m","timestamp":"2025-04-05T21:47:29.494Z"}
{"level":"info","message":"\u001b[0mGET /api/users/roles/requirements \u001b[36m304\u001b[0m 80.115 ms - -\u001b[0m","timestamp":"2025-04-05T21:47:29.514Z"}
{"level":"info","message":"\u001b[0mGET /api/affiliation \u001b[36m304\u001b[0m 89.956 ms - -\u001b[0m","timestamp":"2025-04-05T21:47:29.572Z"}
{"level":"info","message":"\u001b[0mGET /api/roles \u001b[36m304\u001b[0m 79.637 ms - -\u001b[0m","timestamp":"2025-04-05T21:47:29.589Z"}
{"level":"info","message":"\u001b[0mGET /api/users/roles/requirements \u001b[36m304\u001b[0m 47.879 ms - -\u001b[0m","timestamp":"2025-04-05T21:47:29.638Z"}
{"level":"info","message":"\u001b[0mGET /api/users/training/progress \u001b[36m304\u001b[0m 113.102 ms - -\u001b[0m","timestamp":"2025-04-05T21:47:29.652Z"}
{"level":"info","message":"\u001b[0mGET /api/users/ \u001b[36m304\u001b[0m 110.806 ms - -\u001b[0m","timestamp":"2025-04-05T21:47:29.655Z"}
{"level":"info","message":"\u001b[0mGET /api/roles \u001b[36m304\u001b[0m 22.342 ms - -\u001b[0m","timestamp":"2025-04-05T21:47:29.822Z"}
{"level":"info","message":"\u001b[0mGET /api/affiliation \u001b[36m304\u001b[0m 35.750 ms - -\u001b[0m","timestamp":"2025-04-05T21:47:29.824Z"}
{"level":"info","message":"\u001b[0mGET /api/users/ \u001b[36m304\u001b[0m 34.687 ms - -\u001b[0m","timestamp":"2025-04-05T21:47:29.893Z"}
{"level":"info","message":"\u001b[0mGET /api/users/training/progress \u001b[36m304\u001b[0m 65.990 ms - -\u001b[0m","timestamp":"2025-04-05T21:47:29.905Z"}
