{"level":"info","message":"Connected to MySQL database","timestamp":"2025-04-04T04:31:19.372Z"}
{"level":"info","message":"Connected to MongoDB database successfully","timestamp":"2025-04-04T04:31:19.508Z"}
{"level":"info","message":"Cron jobs initialized","timestamp":"2025-04-04T04:31:19.573Z"}
{"level":"info","message":"app listening on port: 4000","timestamp":"2025-04-04T04:31:19.586Z"}
{"level":"info","message":"\u001b[0mOPTIONS /api/users/login \u001b[32m204\u001b[0m 4.078 ms - 0\u001b[0m","timestamp":"2025-04-04T04:31:43.306Z"}
{"level":"info","message":"\u001b[0mPOST /api/users/login \u001b[32m202\u001b[0m 2638.309 ms - 71\u001b[0m","timestamp":"2025-04-04T04:31:45.965Z"}
{"level":"info","message":"\u001b[0mOPTIONS /api/users/verify \u001b[32m204\u001b[0m 0.318 ms - 0\u001b[0m","timestamp":"2025-04-04T04:32:04.881Z"}
{"level":"info","message":"\u001b[0mPOST /api/users/verify \u001b[31m500\u001b[0m 142.698 ms - 259\u001b[0m","timestamp":"2025-04-04T04:32:05.031Z"}
{"level":"info","message":"Connected to MySQL database","timestamp":"2025-04-04T16:11:59.728Z"}
{"level":"info","message":"Connected to MongoDB database successfully","timestamp":"2025-04-04T16:11:59.888Z"}
{"level":"info","message":"Cron jobs initialized","timestamp":"2025-04-04T16:11:59.992Z"}
{"level":"info","message":"app listening on port: 4000","timestamp":"2025-04-04T16:12:00.013Z"}
{"level":"info","message":"\u001b[0mOPTIONS /api/users/login \u001b[32m204\u001b[0m 10.122 ms - 0\u001b[0m","timestamp":"2025-04-04T16:12:30.948Z"}
{"level":"info","message":"\u001b[0mPOST /api/users/login \u001b[32m202\u001b[0m 7011.548 ms - 71\u001b[0m","timestamp":"2025-04-04T16:12:38.022Z"}
{"level":"info","message":"\u001b[0mOPTIONS /api/users/verify \u001b[32m204\u001b[0m 0.519 ms - 0\u001b[0m","timestamp":"2025-04-04T16:12:43.777Z"}
{"level":"info","message":"\u001b[0mPOST /api/users/verify \u001b[31m500\u001b[0m 204.991 ms - 259\u001b[0m","timestamp":"2025-04-04T16:12:44.016Z"}
{"level":"info","message":"\u001b[0mPOST /api/users/verify \u001b[31m500\u001b[0m 1562.729 ms - 259\u001b[0m","timestamp":"2025-04-04T16:12:47.954Z"}
{"level":"info","message":"\u001b[0mOPTIONS /api/users/login \u001b[32m204\u001b[0m 0.515 ms - 0\u001b[0m","timestamp":"2025-04-04T16:16:02.107Z"}
{"level":"info","message":"\u001b[0mPOST /api/users/login \u001b[32m202\u001b[0m 5443.272 ms - 71\u001b[0m","timestamp":"2025-04-04T16:16:07.556Z"}
{"level":"info","message":"\u001b[0mOPTIONS /api/users/login \u001b[32m204\u001b[0m 0.450 ms - 0\u001b[0m","timestamp":"2025-04-04T16:16:30.335Z"}
{"level":"info","message":"\u001b[0mPOST /api/users/login \u001b[32m202\u001b[0m 5113.923 ms - 71\u001b[0m","timestamp":"2025-04-04T16:16:35.459Z"}
{"level":"info","message":"\u001b[0mOPTIONS /api/users/login \u001b[32m204\u001b[0m 0.549 ms - 0\u001b[0m","timestamp":"2025-04-04T16:18:40.485Z"}
{"level":"info","message":"\u001b[0mPOST /api/users/login \u001b[32m202\u001b[0m 4173.701 ms - 71\u001b[0m","timestamp":"2025-04-04T16:18:44.668Z"}
{"level":"info","message":"\u001b[0mOPTIONS /api/users/login \u001b[32m204\u001b[0m 0.645 ms - 0\u001b[0m","timestamp":"2025-04-04T16:20:10.116Z"}
{"level":"info","message":"\u001b[0mPOST /api/users/login \u001b[32m202\u001b[0m 8059.567 ms - 71\u001b[0m","timestamp":"2025-04-04T16:20:18.184Z"}
{"level":"info","message":"\u001b[0mOPTIONS /api/users/verify \u001b[32m204\u001b[0m 0.282 ms - 0\u001b[0m","timestamp":"2025-04-04T16:20:28.562Z"}
{"level":"info","message":"\u001b[0mPOST /api/users/verify \u001b[32m200\u001b[0m 126.401 ms - 417\u001b[0m","timestamp":"2025-04-04T16:20:28.693Z"}
{"level":"info","message":"\u001b[0mOPTIONS /api/users/login \u001b[32m204\u001b[0m 0.523 ms - 0\u001b[0m","timestamp":"2025-04-04T16:25:48.629Z"}
{"level":"info","message":"\u001b[0mPOST /api/users/login \u001b[32m202\u001b[0m 5369.454 ms - 71\u001b[0m","timestamp":"2025-04-04T16:25:54.004Z"}
{"level":"info","message":"\u001b[0mOPTIONS /api/users/verify \u001b[32m204\u001b[0m 0.473 ms - 0\u001b[0m","timestamp":"2025-04-04T16:26:00.252Z"}
{"level":"info","message":"\u001b[0mPOST /api/users/verify \u001b[32m200\u001b[0m 125.802 ms - 417\u001b[0m","timestamp":"2025-04-04T16:26:00.382Z"}
{"level":"info","message":"\u001b[0mOPTIONS /api/users/login \u001b[32m204\u001b[0m 0.698 ms - 0\u001b[0m","timestamp":"2025-04-04T16:29:09.323Z"}
{"level":"info","message":"\u001b[0mPOST /api/users/login \u001b[32m202\u001b[0m 7085.832 ms - 71\u001b[0m","timestamp":"2025-04-04T16:29:16.415Z"}
{"level":"info","message":"\u001b[0mOPTIONS /api/users/verify \u001b[32m204\u001b[0m 0.370 ms - 0\u001b[0m","timestamp":"2025-04-04T16:29:20.462Z"}
{"level":"info","message":"\u001b[0mPOST /api/users/verify \u001b[32m200\u001b[0m 110.039 ms - 417\u001b[0m","timestamp":"2025-04-04T16:29:20.576Z"}
{"level":"info","message":"\u001b[0mOPTIONS /api/users/login \u001b[32m204\u001b[0m 0.377 ms - 0\u001b[0m","timestamp":"2025-04-04T16:32:55.732Z"}
{"level":"info","message":"\u001b[0mPOST /api/users/login \u001b[32m202\u001b[0m 9885.525 ms - 71\u001b[0m","timestamp":"2025-04-04T16:33:05.620Z"}
{"level":"info","message":"\u001b[0mOPTIONS /api/users/verify \u001b[32m204\u001b[0m 0.469 ms - 0\u001b[0m","timestamp":"2025-04-04T16:33:07.986Z"}
{"level":"info","message":"\u001b[0mPOST /api/users/verify \u001b[33m400\u001b[0m 9.064 ms - 44\u001b[0m","timestamp":"2025-04-04T16:33:08.002Z"}
{"level":"info","message":"\u001b[0mOPTIONS /api/users/login \u001b[32m204\u001b[0m 0.529 ms - 0\u001b[0m","timestamp":"2025-04-04T16:34:31.395Z"}
{"level":"info","message":"\u001b[0mPOST /api/users/login \u001b[32m202\u001b[0m 6281.844 ms - 71\u001b[0m","timestamp":"2025-04-04T16:34:37.681Z"}
{"level":"info","message":"\u001b[0mOPTIONS /api/users/verify \u001b[32m204\u001b[0m 0.225 ms - 0\u001b[0m","timestamp":"2025-04-04T16:34:40.554Z"}
{"level":"info","message":"\u001b[0mPOST /api/users/verify \u001b[32m200\u001b[0m 111.744 ms - 417\u001b[0m","timestamp":"2025-04-04T16:34:40.670Z"}
{"level":"info","message":"\u001b[0mOPTIONS /api/users/login \u001b[32m204\u001b[0m 0.340 ms - 0\u001b[0m","timestamp":"2025-04-04T22:36:24.763Z"}
{"level":"info","message":"\u001b[0mPOST /api/users/login \u001b[32m202\u001b[0m 2740.861 ms - 71\u001b[0m","timestamp":"2025-04-04T22:36:27.509Z"}
{"level":"info","message":"\u001b[0mOPTIONS /api/users/verify \u001b[32m204\u001b[0m 0.215 ms - 0\u001b[0m","timestamp":"2025-04-04T22:36:43.930Z"}
{"level":"info","message":"\u001b[0mPOST /api/users/verify \u001b[32m200\u001b[0m 102.253 ms - 417\u001b[0m","timestamp":"2025-04-04T22:36:44.037Z"}
{"level":"info","message":"\u001b[0mOPTIONS /api/users/login \u001b[32m204\u001b[0m 0.487 ms - 0\u001b[0m","timestamp":"2025-04-04T22:37:05.440Z"}
{"level":"info","message":"\u001b[0mPOST /api/users/login \u001b[32m202\u001b[0m 2298.280 ms - 71\u001b[0m","timestamp":"2025-04-04T22:37:07.742Z"}
{"level":"info","message":"\u001b[0mOPTIONS /api/users/verify \u001b[32m204\u001b[0m 0.321 ms - 0\u001b[0m","timestamp":"2025-04-04T22:37:12.970Z"}
{"level":"info","message":"\u001b[0mPOST /api/users/verify \u001b[32m200\u001b[0m 107.202 ms - 417\u001b[0m","timestamp":"2025-04-04T22:37:13.082Z"}
{"level":"info","message":"\u001b[0mOPTIONS /api/users/login \u001b[32m204\u001b[0m 0.476 ms - 0\u001b[0m","timestamp":"2025-04-04T22:45:13.338Z"}
{"level":"info","message":"\u001b[0mPOST /api/users/login \u001b[32m202\u001b[0m 3193.655 ms - 71\u001b[0m","timestamp":"2025-04-04T22:45:16.531Z"}
{"level":"info","message":"\u001b[0mOPTIONS /api/users/verify \u001b[32m204\u001b[0m 0.210 ms - 0\u001b[0m","timestamp":"2025-04-04T22:45:37.307Z"}
{"level":"info","message":"\u001b[0mPOST /api/users/verify \u001b[32m200\u001b[0m 100.050 ms - 417\u001b[0m","timestamp":"2025-04-04T22:45:37.411Z"}
{"level":"info","message":"\u001b[0mOPTIONS /api/users/login \u001b[32m204\u001b[0m 0.334 ms - 0\u001b[0m","timestamp":"2025-04-04T22:52:41.498Z"}
{"level":"info","message":"\u001b[0mPOST /api/users/login \u001b[32m202\u001b[0m 3121.015 ms - 71\u001b[0m","timestamp":"2025-04-04T22:52:44.627Z"}
{"level":"info","message":"\u001b[0mOPTIONS /api/users/verify \u001b[32m204\u001b[0m 0.322 ms - 0\u001b[0m","timestamp":"2025-04-04T22:52:49.718Z"}
{"level":"info","message":"\u001b[0mPOST /api/users/verify \u001b[32m200\u001b[0m 116.362 ms - 417\u001b[0m","timestamp":"2025-04-04T22:52:49.839Z"}
