{"level":"info","message":"\u001b[0mOPTIONS /api/surgery-equipments \u001b[32m204\u001b[0m 0.188 ms - 0\u001b[0m","timestamp":"2025-04-08T00:01:25.521Z"}
{"level":"info","message":"\u001b[0mGET /api/surgery-equipments \u001b[33m401\u001b[0m 17.264 ms - 42\u001b[0m","timestamp":"2025-04-08T00:01:25.572Z"}
{"level":"info","message":"\u001b[0mOPTIONS /api/surgery-equipments \u001b[32m204\u001b[0m 2.579 ms - 0\u001b[0m","timestamp":"2025-04-08T00:01:25.587Z"}
{"level":"info","message":"\u001b[0mGET /api/surgery-equipments \u001b[33m401\u001b[0m 17.257 ms - 42\u001b[0m","timestamp":"2025-04-08T00:01:25.628Z"}
{"level":"info","message":"\u001b[0mOPTIONS /api/users/login \u001b[32m204\u001b[0m 0.298 ms - 0\u001b[0m","timestamp":"2025-04-08T00:01:42.409Z"}
{"level":"info","message":"\u001b[0mPOST /api/users/login \u001b[32m202\u001b[0m 162.536 ms - 71\u001b[0m","timestamp":"2025-04-08T00:01:42.577Z"}
{"level":"info","message":"\u001b[0mOPTIONS /api/users/verify \u001b[32m204\u001b[0m 0.361 ms - 0\u001b[0m","timestamp":"2025-04-08T00:01:49.077Z"}
{"level":"info","message":"\u001b[0mPOST /api/users/verify \u001b[32m200\u001b[0m 99.201 ms - 379\u001b[0m","timestamp":"2025-04-08T00:01:49.180Z"}
{"level":"info","message":"\u001b[0mOPTIONS /api/surgery/surgeries \u001b[32m204\u001b[0m 0.393 ms - 0\u001b[0m","timestamp":"2025-04-08T00:01:49.298Z"}
{"level":"info","message":"\u001b[0mOPTIONS /api/surgery/surgeries \u001b[32m204\u001b[0m 0.395 ms - 0\u001b[0m","timestamp":"2025-04-08T00:01:49.301Z"}
{"level":"info","message":"\u001b[0mGET /api/surgery/surgeries \u001b[31m500\u001b[0m 10.451 ms - 50\u001b[0m","timestamp":"2025-04-08T00:01:49.317Z"}
{"level":"info","message":"\u001b[0mGET /api/surgery/surgeries \u001b[31m500\u001b[0m 7.135 ms - 50\u001b[0m","timestamp":"2025-04-08T00:01:49.339Z"}
{"level":"info","message":"\u001b[0mOPTIONS /api/surgery-equipments \u001b[32m204\u001b[0m 0.161 ms - 0\u001b[0m","timestamp":"2025-04-08T00:01:51.551Z"}
{"level":"info","message":"\u001b[0mOPTIONS /api/surgery-equipments \u001b[32m204\u001b[0m 0.223 ms - 0\u001b[0m","timestamp":"2025-04-08T00:01:51.553Z"}
{"level":"info","message":"\u001b[0mGET /api/surgery-equipments \u001b[33m401\u001b[0m 1.346 ms - 42\u001b[0m","timestamp":"2025-04-08T00:01:51.557Z"}
{"level":"info","message":"\u001b[0mGET /api/surgery-equipments \u001b[33m401\u001b[0m 4.107 ms - 42\u001b[0m","timestamp":"2025-04-08T00:01:51.567Z"}
{"level":"info","message":"\u001b[0mOPTIONS /api/users/login \u001b[32m204\u001b[0m 0.259 ms - 0\u001b[0m","timestamp":"2025-04-08T00:25:31.020Z"}
{"level":"info","message":"\u001b[0mPOST /api/users/login \u001b[32m202\u001b[0m 163.368 ms - 71\u001b[0m","timestamp":"2025-04-08T00:25:31.190Z"}
{"level":"info","message":"\u001b[0mOPTIONS /api/users/verify \u001b[32m204\u001b[0m 0.180 ms - 0\u001b[0m","timestamp":"2025-04-08T00:25:42.976Z"}
{"level":"info","message":"\u001b[0mPOST /api/users/verify \u001b[32m200\u001b[0m 99.049 ms - 379\u001b[0m","timestamp":"2025-04-08T00:25:43.079Z"}
{"level":"info","message":"\u001b[0mOPTIONS /api/surgery/surgeries \u001b[32m204\u001b[0m 0.242 ms - 0\u001b[0m","timestamp":"2025-04-08T00:25:43.196Z"}
{"level":"info","message":"\u001b[0mOPTIONS /api/surgery/surgeries \u001b[32m204\u001b[0m 0.411 ms - 0\u001b[0m","timestamp":"2025-04-08T00:25:43.199Z"}
{"level":"info","message":"\u001b[0mGET /api/surgery/surgeries \u001b[31m500\u001b[0m 12.126 ms - 50\u001b[0m","timestamp":"2025-04-08T00:25:43.217Z"}
{"level":"info","message":"\u001b[0mGET /api/surgery/surgeries \u001b[31m500\u001b[0m 13.581 ms - 50\u001b[0m","timestamp":"2025-04-08T00:25:43.252Z"}
{"level":"info","message":"\u001b[0mOPTIONS /api/surgery-equipments \u001b[32m204\u001b[0m 0.232 ms - 0\u001b[0m","timestamp":"2025-04-08T00:25:46.118Z"}
{"level":"info","message":"\u001b[0mOPTIONS /api/surgery-equipments \u001b[32m204\u001b[0m 0.402 ms - 0\u001b[0m","timestamp":"2025-04-08T00:25:46.120Z"}
{"level":"info","message":"\u001b[0mGET /api/surgery-equipments \u001b[31m500\u001b[0m 125.836 ms - 212\u001b[0m","timestamp":"2025-04-08T00:25:46.251Z"}
{"level":"info","message":"\u001b[0mGET /api/surgery-equipments \u001b[31m500\u001b[0m 54.902 ms - 212\u001b[0m","timestamp":"2025-04-08T00:25:46.311Z"}
{"level":"info","message":"\u001b[0mOPTIONS /api/surgery-equipments \u001b[32m204\u001b[0m 0.390 ms - 0\u001b[0m","timestamp":"2025-04-08T00:29:04.988Z"}
{"level":"info","message":"\u001b[0mOPTIONS /api/surgery-equipments \u001b[32m204\u001b[0m 0.282 ms - 0\u001b[0m","timestamp":"2025-04-08T00:29:04.990Z"}
{"level":"info","message":"\u001b[0mGET /api/surgery-equipments \u001b[31m500\u001b[0m 35.880 ms - 212\u001b[0m","timestamp":"2025-04-08T00:29:05.031Z"}
{"level":"info","message":"\u001b[0mGET /api/surgery-equipments \u001b[31m500\u001b[0m 44.278 ms - 212\u001b[0m","timestamp":"2025-04-08T00:29:05.082Z"}
{"level":"info","message":"\u001b[0mOPTIONS /api/surgery-equipments \u001b[32m204\u001b[0m 0.309 ms - 0\u001b[0m","timestamp":"2025-04-08T00:29:36.821Z"}
{"level":"info","message":"\u001b[0mOPTIONS /api/surgery-equipments \u001b[32m204\u001b[0m 1.615 ms - 0\u001b[0m","timestamp":"2025-04-08T00:29:36.846Z"}
{"level":"info","message":"\u001b[0mGET /api/surgery-equipments \u001b[31m500\u001b[0m 69.813 ms - 212\u001b[0m","timestamp":"2025-04-08T00:29:36.922Z"}
{"level":"info","message":"\u001b[0mGET /api/surgery-equipments \u001b[31m500\u001b[0m 181.845 ms - 212\u001b[0m","timestamp":"2025-04-08T00:29:37.121Z"}
{"level":"info","message":"\u001b[0mOPTIONS /api/surgery-equipments \u001b[32m204\u001b[0m 1.980 ms - 0\u001b[0m","timestamp":"2025-04-08T00:32:10.253Z"}
{"level":"info","message":"\u001b[0mOPTIONS /api/surgery-equipments \u001b[32m204\u001b[0m 0.237 ms - 0\u001b[0m","timestamp":"2025-04-08T00:32:10.265Z"}
{"level":"info","message":"\u001b[0mGET /api/surgery-equipments \u001b[31m500\u001b[0m 54.307 ms - 212\u001b[0m","timestamp":"2025-04-08T00:32:10.336Z"}
{"level":"info","message":"\u001b[0mGET /api/surgery-equipments \u001b[31m500\u001b[0m 33.010 ms - 212\u001b[0m","timestamp":"2025-04-08T00:32:10.374Z"}
{"level":"info","message":"\u001b[0mOPTIONS /api/surgery-equipments \u001b[32m204\u001b[0m 0.444 ms - 0\u001b[0m","timestamp":"2025-04-08T00:33:06.643Z"}
{"level":"info","message":"\u001b[0mGET /api/surgery-equipments \u001b[31m500\u001b[0m 172.477 ms - 212\u001b[0m","timestamp":"2025-04-08T00:33:07.375Z"}
{"level":"info","message":"\u001b[0mOPTIONS /api/surgery-equipments \u001b[32m204\u001b[0m 1.440 ms - 0\u001b[0m","timestamp":"2025-04-08T00:33:33.586Z"}
{"level":"info","message":"\u001b[0mGET /api/surgery-equipments \u001b[31m500\u001b[0m 160.743 ms - 212\u001b[0m","timestamp":"2025-04-08T00:33:33.796Z"}
{"level":"info","message":"\u001b[0mOPTIONS /api/surgery-equipments \u001b[32m204\u001b[0m 1.952 ms - 0\u001b[0m","timestamp":"2025-04-08T00:33:46.550Z"}
{"level":"info","message":"\u001b[0mGET /api/surgery-equipments \u001b[31m500\u001b[0m 130.032 ms - 212\u001b[0m","timestamp":"2025-04-08T00:33:46.808Z"}
{"level":"info","message":"\u001b[0mOPTIONS /api/surgery-equipments \u001b[32m204\u001b[0m 0.322 ms - 0\u001b[0m","timestamp":"2025-04-08T00:33:59.374Z"}
{"level":"info","message":"\u001b[0mGET /api/surgery-equipments \u001b[31m500\u001b[0m 102.735 ms - 212\u001b[0m","timestamp":"2025-04-08T00:33:59.503Z"}
{"level":"info","message":"\u001b[0mOPTIONS /api/surgery-equipments \u001b[32m204\u001b[0m 13.303 ms - 0\u001b[0m","timestamp":"2025-04-08T00:34:12.804Z"}
{"level":"info","message":"\u001b[0mGET /api/surgery-equipments \u001b[31m500\u001b[0m 138.597 ms - 212\u001b[0m","timestamp":"2025-04-08T00:34:12.984Z"}
{"level":"info","message":"\u001b[0mOPTIONS /api/surgery-equipments \u001b[32m204\u001b[0m 6.200 ms - 0\u001b[0m","timestamp":"2025-04-08T00:35:04.594Z"}
{"level":"info","message":"\u001b[0mGET /api/surgery-equipments \u001b[31m500\u001b[0m 113.226 ms - 212\u001b[0m","timestamp":"2025-04-08T00:35:04.737Z"}
{"level":"info","message":"\u001b[0mOPTIONS /api/surgery/surgeries \u001b[32m204\u001b[0m 0.387 ms - 0\u001b[0m","timestamp":"2025-04-08T00:35:08.687Z"}
{"level":"info","message":"\u001b[0mOPTIONS /api/surgery/surgeries \u001b[32m204\u001b[0m 0.396 ms - 0\u001b[0m","timestamp":"2025-04-08T00:35:08.691Z"}
{"level":"info","message":"\u001b[0mGET /api/surgery/surgeries \u001b[31m500\u001b[0m 7.253 ms - 50\u001b[0m","timestamp":"2025-04-08T00:35:08.702Z"}
{"level":"info","message":"\u001b[0mGET /api/surgery/surgeries \u001b[31m500\u001b[0m 4.996 ms - 50\u001b[0m","timestamp":"2025-04-08T00:35:08.718Z"}
{"level":"info","message":"\u001b[0mOPTIONS /api/surgery-equipments \u001b[32m204\u001b[0m 0.276 ms - 0\u001b[0m","timestamp":"2025-04-08T00:35:18.897Z"}
{"level":"info","message":"\u001b[0mOPTIONS /api/surgery-equipments \u001b[32m204\u001b[0m 0.372 ms - 0\u001b[0m","timestamp":"2025-04-08T00:35:18.900Z"}
{"level":"info","message":"\u001b[0mGET /api/surgery-equipments \u001b[31m500\u001b[0m 34.661 ms - 212\u001b[0m","timestamp":"2025-04-08T00:35:18.939Z"}
{"level":"info","message":"\u001b[0mGET /api/surgery-equipments \u001b[31m500\u001b[0m 45.254 ms - 212\u001b[0m","timestamp":"2025-04-08T00:35:19.016Z"}
{"level":"info","message":"\u001b[0mOPTIONS /api/surgery-equipments \u001b[32m204\u001b[0m 0.147 ms - 0\u001b[0m","timestamp":"2025-04-08T00:54:07.476Z"}
{"level":"info","message":"\u001b[0mPOST /api/surgery-equipments \u001b[33m401\u001b[0m 7.396 ms - 42\u001b[0m","timestamp":"2025-04-08T00:54:07.500Z"}
{"level":"info","message":"\u001b[0mOPTIONS /api/users/login \u001b[32m204\u001b[0m 0.354 ms - 0\u001b[0m","timestamp":"2025-04-08T00:54:16.430Z"}
{"level":"info","message":"\u001b[0mPOST /api/users/login \u001b[32m202\u001b[0m 196.038 ms - 71\u001b[0m","timestamp":"2025-04-08T00:54:16.632Z"}
{"level":"info","message":"\u001b[0mOPTIONS /api/users/verify \u001b[32m204\u001b[0m 0.398 ms - 0\u001b[0m","timestamp":"2025-04-08T00:54:23.312Z"}
{"level":"info","message":"\u001b[0mPOST /api/users/verify \u001b[32m200\u001b[0m 104.593 ms - 379\u001b[0m","timestamp":"2025-04-08T00:54:23.422Z"}
{"level":"info","message":"\u001b[0mOPTIONS /api/surgery/surgeries \u001b[32m204\u001b[0m 0.274 ms - 0\u001b[0m","timestamp":"2025-04-08T00:54:23.541Z"}
{"level":"info","message":"\u001b[0mOPTIONS /api/surgery/surgeries \u001b[32m204\u001b[0m 0.380 ms - 0\u001b[0m","timestamp":"2025-04-08T00:54:23.544Z"}
{"level":"info","message":"\u001b[0mGET /api/surgery/surgeries \u001b[31m500\u001b[0m 7.728 ms - 50\u001b[0m","timestamp":"2025-04-08T00:54:23.559Z"}
{"level":"info","message":"\u001b[0mGET /api/surgery/surgeries \u001b[31m500\u001b[0m 7.765 ms - 50\u001b[0m","timestamp":"2025-04-08T00:54:23.572Z"}
{"level":"info","message":"\u001b[0mOPTIONS /api/surgery-equipments \u001b[32m204\u001b[0m 0.477 ms - 0\u001b[0m","timestamp":"2025-04-08T00:54:26.929Z"}
{"level":"info","message":"\u001b[0mOPTIONS /api/surgery-equipments \u001b[32m204\u001b[0m 0.405 ms - 0\u001b[0m","timestamp":"2025-04-08T00:54:26.947Z"}
{"level":"info","message":"\u001b[0mGET /api/surgery-equipments \u001b[31m500\u001b[0m 97.251 ms - 212\u001b[0m","timestamp":"2025-04-08T00:54:27.048Z"}
{"level":"info","message":"\u001b[0mGET /api/surgery-equipments \u001b[31m500\u001b[0m 57.919 ms - 212\u001b[0m","timestamp":"2025-04-08T00:54:27.114Z"}
{"level":"info","message":"\u001b[0mOPTIONS /api/surgery-equipments \u001b[32m204\u001b[0m 0.155 ms - 0\u001b[0m","timestamp":"2025-04-08T00:54:53.132Z"}
{"level":"info","message":"\u001b[0mPOST /api/surgery-equipments \u001b[33m401\u001b[0m 4.030 ms - 42\u001b[0m","timestamp":"2025-04-08T00:54:53.147Z"}
{"level":"info","message":"\u001b[0mOPTIONS /api/users/login \u001b[32m204\u001b[0m 0.259 ms - 0\u001b[0m","timestamp":"2025-04-08T00:55:00.496Z"}
{"level":"info","message":"\u001b[0mPOST /api/users/login \u001b[32m202\u001b[0m 170.561 ms - 71\u001b[0m","timestamp":"2025-04-08T00:55:00.670Z"}
{"level":"info","message":"\u001b[0mOPTIONS /api/users/login \u001b[32m204\u001b[0m 0.202 ms - 0\u001b[0m","timestamp":"2025-04-08T00:55:22.343Z"}
{"level":"info","message":"\u001b[0mPOST /api/users/login \u001b[32m202\u001b[0m 159.605 ms - 71\u001b[0m","timestamp":"2025-04-08T00:55:22.507Z"}
{"level":"info","message":"\u001b[0mOPTIONS /api/users/verify \u001b[32m204\u001b[0m 0.212 ms - 0\u001b[0m","timestamp":"2025-04-08T00:55:27.794Z"}
{"level":"info","message":"\u001b[0mPOST /api/users/verify \u001b[32m200\u001b[0m 105.779 ms - 1522\u001b[0m","timestamp":"2025-04-08T00:55:27.905Z"}
{"level":"info","message":"\u001b[0mOPTIONS /api/surgery/surgeries \u001b[32m204\u001b[0m 0.355 ms - 0\u001b[0m","timestamp":"2025-04-08T00:55:28.034Z"}
{"level":"info","message":"\u001b[0mOPTIONS /api/surgery/surgeries \u001b[32m204\u001b[0m 0.339 ms - 0\u001b[0m","timestamp":"2025-04-08T00:55:28.040Z"}
{"level":"info","message":"\u001b[0mGET /api/surgery/surgeries \u001b[31m500\u001b[0m 8.690 ms - 50\u001b[0m","timestamp":"2025-04-08T00:55:28.052Z"}
{"level":"info","message":"\u001b[0mGET /api/surgery/surgeries \u001b[31m500\u001b[0m 12.197 ms - 50\u001b[0m","timestamp":"2025-04-08T00:55:28.075Z"}
{"level":"info","message":"\u001b[0mOPTIONS /api/surgery-equipments \u001b[32m204\u001b[0m 0.455 ms - 0\u001b[0m","timestamp":"2025-04-08T00:55:31.123Z"}
{"level":"info","message":"\u001b[0mOPTIONS /api/surgery-equipments \u001b[32m204\u001b[0m 0.419 ms - 0\u001b[0m","timestamp":"2025-04-08T00:55:31.126Z"}
{"level":"info","message":"\u001b[0mGET /api/surgery-equipments \u001b[31m500\u001b[0m 55.355 ms - 212\u001b[0m","timestamp":"2025-04-08T00:55:31.191Z"}
{"level":"info","message":"\u001b[0mGET /api/surgery-equipments \u001b[31m500\u001b[0m 45.394 ms - 212\u001b[0m","timestamp":"2025-04-08T00:55:31.267Z"}
{"level":"info","message":"\u001b[0mOPTIONS /api/surgery-equipments \u001b[32m204\u001b[0m 0.208 ms - 0\u001b[0m","timestamp":"2025-04-08T00:55:42.652Z"}
{"level":"info","message":"\u001b[0mPOST /api/surgery-equipments \u001b[33m400\u001b[0m 5.720 ms - 49\u001b[0m","timestamp":"2025-04-08T00:55:42.670Z"}
{"level":"info","message":"\u001b[0mOPTIONS /api/surgery-equipments \u001b[32m204\u001b[0m 0.202 ms - 0\u001b[0m","timestamp":"2025-04-08T00:57:49.794Z"}
{"level":"info","message":"\u001b[0mPOST /api/surgery-equipments \u001b[33m400\u001b[0m 3.835 ms - 49\u001b[0m","timestamp":"2025-04-08T00:57:49.810Z"}
{"level":"info","message":"\u001b[0mOPTIONS /api/surgery-equipments \u001b[32m204\u001b[0m 0.537 ms - 0\u001b[0m","timestamp":"2025-04-08T00:59:15.572Z"}
{"level":"info","message":"\u001b[0mPOST /api/surgery-equipments \u001b[33m400\u001b[0m 13.406 ms - 49\u001b[0m","timestamp":"2025-04-08T00:59:15.628Z"}
{"level":"info","message":"\u001b[0mPOST /api/surgery-equipments \u001b[33m400\u001b[0m 3.681 ms - 49\u001b[0m","timestamp":"2025-04-08T00:59:16.602Z"}
{"level":"info","message":"\u001b[0mPOST /api/surgery-equipments \u001b[33m400\u001b[0m 3.191 ms - 49\u001b[0m","timestamp":"2025-04-08T00:59:17.453Z"}
{"level":"info","message":"\u001b[0mOPTIONS /api/surgery-equipments \u001b[32m204\u001b[0m 0.463 ms - 0\u001b[0m","timestamp":"2025-04-08T01:00:33.864Z"}
{"level":"info","message":"\u001b[0mPOST /api/surgery-equipments \u001b[33m400\u001b[0m 4.791 ms - 49\u001b[0m","timestamp":"2025-04-08T01:00:33.882Z"}
{"level":"info","message":"\u001b[0mOPTIONS /api/surgery-equipments \u001b[32m204\u001b[0m 0.196 ms - 0\u001b[0m","timestamp":"2025-04-08T01:01:13.073Z"}
{"level":"info","message":"\u001b[0mPOST /api/surgery-equipments \u001b[33m400\u001b[0m 4.481 ms - 49\u001b[0m","timestamp":"2025-04-08T01:01:13.095Z"}
{"level":"info","message":"\u001b[0mPOST /api/surgery-equipments \u001b[33m400\u001b[0m 3.919 ms - 49\u001b[0m","timestamp":"2025-04-08T01:01:16.901Z"}
{"level":"info","message":"\u001b[0mOPTIONS /api/surgery-equipments \u001b[32m204\u001b[0m 0.303 ms - 0\u001b[0m","timestamp":"2025-04-08T01:02:59.521Z"}
{"level":"info","message":"\u001b[0mPOST /api/surgery-equipments \u001b[33m400\u001b[0m 5.381 ms - 49\u001b[0m","timestamp":"2025-04-08T01:02:59.539Z"}
{"level":"info","message":"\u001b[0mOPTIONS /api/surgery-equipments \u001b[32m204\u001b[0m 0.131 ms - 0\u001b[0m","timestamp":"2025-04-08T01:03:16.498Z"}
{"level":"info","message":"\u001b[0mPOST /api/surgery-equipments \u001b[33m401\u001b[0m 1.370 ms - 42\u001b[0m","timestamp":"2025-04-08T01:03:16.546Z"}
{"level":"info","message":"\u001b[0mOPTIONS /api/users/login \u001b[32m204\u001b[0m 0.320 ms - 0\u001b[0m","timestamp":"2025-04-08T01:03:27.261Z"}
{"level":"info","message":"\u001b[0mPOST /api/users/login \u001b[32m202\u001b[0m 166.828 ms - 71\u001b[0m","timestamp":"2025-04-08T01:03:27.435Z"}
{"level":"info","message":"\u001b[0mOPTIONS /api/users/verify \u001b[32m204\u001b[0m 0.151 ms - 0\u001b[0m","timestamp":"2025-04-08T01:03:35.397Z"}
{"level":"info","message":"\u001b[0mPOST /api/users/verify \u001b[32m200\u001b[0m 109.521 ms - 1522\u001b[0m","timestamp":"2025-04-08T01:03:35.512Z"}
{"level":"info","message":"\u001b[0mOPTIONS /api/surgery/surgeries \u001b[32m204\u001b[0m 0.288 ms - 0\u001b[0m","timestamp":"2025-04-08T01:03:35.631Z"}
{"level":"info","message":"\u001b[0mOPTIONS /api/surgery/surgeries \u001b[32m204\u001b[0m 0.325 ms - 0\u001b[0m","timestamp":"2025-04-08T01:03:35.638Z"}
{"level":"info","message":"\u001b[0mGET /api/surgery/surgeries \u001b[31m500\u001b[0m 8.845 ms - 50\u001b[0m","timestamp":"2025-04-08T01:03:35.651Z"}
{"level":"info","message":"\u001b[0mGET /api/surgery/surgeries \u001b[31m500\u001b[0m 18.875 ms - 50\u001b[0m","timestamp":"2025-04-08T01:03:35.674Z"}
{"level":"info","message":"\u001b[0mOPTIONS /api/surgery-equipments \u001b[32m204\u001b[0m 0.316 ms - 0\u001b[0m","timestamp":"2025-04-08T01:03:40.403Z"}
{"level":"info","message":"\u001b[0mOPTIONS /api/surgery-equipments \u001b[32m204\u001b[0m 0.432 ms - 0\u001b[0m","timestamp":"2025-04-08T01:03:40.406Z"}
{"level":"info","message":"\u001b[0mGET /api/surgery-equipments \u001b[31m500\u001b[0m 50.623 ms - 212\u001b[0m","timestamp":"2025-04-08T01:03:40.468Z"}
{"level":"info","message":"\u001b[0mGET /api/surgery-equipments \u001b[31m500\u001b[0m 29.318 ms - 212\u001b[0m","timestamp":"2025-04-08T01:03:40.518Z"}
{"level":"info","message":"\u001b[0mOPTIONS /api/surgery-equipments \u001b[32m204\u001b[0m 0.224 ms - 0\u001b[0m","timestamp":"2025-04-08T01:04:34.727Z"}
{"level":"info","message":"\u001b[0mPOST /api/surgery-equipments \u001b[33m400\u001b[0m 12.793 ms - 49\u001b[0m","timestamp":"2025-04-08T01:04:34.750Z"}
