{"level":"info","message":"Connected to MySQL database","timestamp":"2025-04-06T17:18:11.731Z"}
{"level":"info","message":"Connected to MongoDB database successfully","timestamp":"2025-04-06T17:18:11.827Z"}
{"level":"info","message":"Cron jobs initialized","timestamp":"2025-04-06T17:18:11.973Z"}
{"level":"info","message":"app listening on port: 4000","timestamp":"2025-04-06T17:18:11.988Z"}
{"level":"info","message":"\u001b[0mOPTIONS /api/users/training/progress \u001b[32m204\u001b[0m 2.846 ms - 0\u001b[0m","timestamp":"2025-04-06T17:24:42.221Z"}
{"level":"info","message":"\u001b[0mOPTIONS /api/users \u001b[32m204\u001b[0m 0.455 ms - 0\u001b[0m","timestamp":"2025-04-06T17:24:42.237Z"}
{"level":"info","message":"\u001b[0mOPTIONS /api/users \u001b[32m204\u001b[0m 0.538 ms - 0\u001b[0m","timestamp":"2025-04-06T17:24:42.241Z"}
{"level":"info","message":"\u001b[0mOPTIONS /api/users/training/progress \u001b[32m204\u001b[0m 6.194 ms - 0\u001b[0m","timestamp":"2025-04-06T17:24:42.252Z"}
{"level":"info","message":"\u001b[0mGET /api/users \u001b[32m200\u001b[0m 65.597 ms - 17182\u001b[0m","timestamp":"2025-04-06T17:24:42.397Z"}
{"level":"info","message":"\u001b[0mGET /api/users/training/progress \u001b[36m304\u001b[0m 155.458 ms - -\u001b[0m","timestamp":"2025-04-06T17:24:42.411Z"}
{"level":"info","message":"\u001b[0mGET /api/users \u001b[36m304\u001b[0m 70.399 ms - -\u001b[0m","timestamp":"2025-04-06T17:24:42.507Z"}
{"level":"info","message":"\u001b[0mGET /api/users/training/progress \u001b[36m304\u001b[0m 82.421 ms - -\u001b[0m","timestamp":"2025-04-06T17:24:42.539Z"}
{"level":"info","message":"\u001b[0mOPTIONS /api/users \u001b[32m204\u001b[0m 0.553 ms - 0\u001b[0m","timestamp":"2025-04-06T17:24:59.677Z"}
{"level":"info","message":"\u001b[0mOPTIONS /api/users/training/progress \u001b[32m204\u001b[0m 0.317 ms - 0\u001b[0m","timestamp":"2025-04-06T17:24:59.686Z"}
{"level":"info","message":"\u001b[0mOPTIONS /api/users/training/progress \u001b[32m204\u001b[0m 0.356 ms - 0\u001b[0m","timestamp":"2025-04-06T17:24:59.703Z"}
{"level":"info","message":"\u001b[0mOPTIONS /api/users \u001b[32m204\u001b[0m 0.570 ms - 0\u001b[0m","timestamp":"2025-04-06T17:24:59.707Z"}
{"level":"info","message":"\u001b[0mGET /api/users \u001b[36m304\u001b[0m 22.742 ms - -\u001b[0m","timestamp":"2025-04-06T17:24:59.738Z"}
{"level":"info","message":"\u001b[0mGET /api/users \u001b[36m304\u001b[0m 26.167 ms - -\u001b[0m","timestamp":"2025-04-06T17:24:59.779Z"}
{"level":"info","message":"\u001b[0mGET /api/users/training/progress \u001b[36m304\u001b[0m 46.539 ms - -\u001b[0m","timestamp":"2025-04-06T17:24:59.795Z"}
{"level":"info","message":"\u001b[0mGET /api/users/training/progress \u001b[36m304\u001b[0m 27.770 ms - -\u001b[0m","timestamp":"2025-04-06T17:24:59.835Z"}
{"level":"info","message":"\u001b[0mOPTIONS /api/users/login \u001b[32m204\u001b[0m 0.297 ms - 0\u001b[0m","timestamp":"2025-04-06T17:25:36.262Z"}
{"level":"info","message":"\u001b[0mPOST /api/users/login \u001b[32m202\u001b[0m 217.396 ms - 71\u001b[0m","timestamp":"2025-04-06T17:25:36.519Z"}
{"level":"info","message":"\u001b[0mOPTIONS /api/users/verify \u001b[32m204\u001b[0m 0.356 ms - 0\u001b[0m","timestamp":"2025-04-06T17:25:45.041Z"}
{"level":"info","message":"\u001b[0mPOST /api/users/verify \u001b[32m200\u001b[0m 192.676 ms - 603\u001b[0m","timestamp":"2025-04-06T17:25:45.241Z"}
{"level":"info","message":"\u001b[0mOPTIONS /api/users \u001b[32m204\u001b[0m 0.683 ms - 0\u001b[0m","timestamp":"2025-04-06T17:25:50.309Z"}
{"level":"info","message":"\u001b[0mOPTIONS /api/users/training/progress \u001b[32m204\u001b[0m 0.425 ms - 0\u001b[0m","timestamp":"2025-04-06T17:25:50.322Z"}
{"level":"info","message":"\u001b[0mOPTIONS /api/users/training/progress \u001b[32m204\u001b[0m 0.650 ms - 0\u001b[0m","timestamp":"2025-04-06T17:25:50.326Z"}
{"level":"info","message":"\u001b[0mOPTIONS /api/users \u001b[32m204\u001b[0m 0.299 ms - 0\u001b[0m","timestamp":"2025-04-06T17:25:50.337Z"}
{"level":"info","message":"\u001b[0mGET /api/users \u001b[32m200\u001b[0m 19.493 ms - 10771\u001b[0m","timestamp":"2025-04-06T17:25:50.359Z"}
{"level":"info","message":"\u001b[0mGET /api/users/training/progress \u001b[32m200\u001b[0m 18.203 ms - 145\u001b[0m","timestamp":"2025-04-06T17:25:50.372Z"}
{"level":"info","message":"\u001b[0mGET /api/users/training/progress \u001b[36m304\u001b[0m 39.687 ms - -\u001b[0m","timestamp":"2025-04-06T17:25:50.427Z"}
{"level":"info","message":"\u001b[0mGET /api/users \u001b[36m304\u001b[0m 50.992 ms - -\u001b[0m","timestamp":"2025-04-06T17:25:50.443Z"}
{"level":"info","message":"\u001b[0mOPTIONS /api/surgeries \u001b[32m204\u001b[0m 0.306 ms - 0\u001b[0m","timestamp":"2025-04-06T17:30:54.298Z"}
{"level":"info","message":"\u001b[0mGET /api/surgeries \u001b[33m404\u001b[0m 8.726 ms - 48\u001b[0m","timestamp":"2025-04-06T17:30:54.322Z"}
{"level":"info","message":"\u001b[0mOPTIONS /api/surgeries \u001b[32m204\u001b[0m 0.447 ms - 0\u001b[0m","timestamp":"2025-04-06T17:31:18.594Z"}
{"level":"info","message":"\u001b[0mOPTIONS /api/surgeries \u001b[32m204\u001b[0m 0.413 ms - 0\u001b[0m","timestamp":"2025-04-06T17:31:18.597Z"}
{"level":"info","message":"\u001b[0mGET /api/surgeries \u001b[33m404\u001b[0m 5.462 ms - 48\u001b[0m","timestamp":"2025-04-06T17:31:18.697Z"}
{"level":"info","message":"\u001b[0mGET /api/surgeries \u001b[33m404\u001b[0m 3.955 ms - 48\u001b[0m","timestamp":"2025-04-06T17:31:18.707Z"}
{"level":"info","message":"\u001b[0mOPTIONS /api/surgery/surgeries \u001b[32m204\u001b[0m 0.297 ms - 0\u001b[0m","timestamp":"2025-04-06T17:31:39.058Z"}
{"level":"info","message":"\u001b[0mGET /api/surgery/surgeries \u001b[32m200\u001b[0m 85.150 ms - 555\u001b[0m","timestamp":"2025-04-06T17:31:39.154Z"}
{"level":"info","message":"\u001b[0mOPTIONS /api/surgery/surgeries \u001b[32m204\u001b[0m 0.177 ms - 0\u001b[0m","timestamp":"2025-04-06T17:32:14.275Z"}
{"level":"info","message":"\u001b[0mGET /api/surgery/surgeries \u001b[32m200\u001b[0m 12.129 ms - 555\u001b[0m","timestamp":"2025-04-06T17:32:14.294Z"}
{"level":"info","message":"\u001b[0mGET /api/surgery/surgeries \u001b[32m200\u001b[0m 10.829 ms - 555\u001b[0m","timestamp":"2025-04-06T17:32:15.312Z"}
{"level":"info","message":"\u001b[0mOPTIONS /api/surgery/surgeries \u001b[32m204\u001b[0m 0.302 ms - 0\u001b[0m","timestamp":"2025-04-06T17:32:47.925Z"}
{"level":"info","message":"\u001b[0mGET /api/surgery/surgeries \u001b[32m200\u001b[0m 11.128 ms - 555\u001b[0m","timestamp":"2025-04-06T17:32:47.948Z"}
{"level":"info","message":"\u001b[0mOPTIONS /api/surgery/surgeries \u001b[32m204\u001b[0m 0.293 ms - 0\u001b[0m","timestamp":"2025-04-06T17:32:53.671Z"}
{"level":"info","message":"\u001b[0mGET /api/surgery/surgeries \u001b[32m200\u001b[0m 20.635 ms - 555\u001b[0m","timestamp":"2025-04-06T17:32:53.721Z"}
{"level":"info","message":"Connected to MySQL database","timestamp":"2025-04-06T17:35:57.505Z"}
{"level":"info","message":"Connected to MongoDB database successfully","timestamp":"2025-04-06T17:35:57.607Z"}
{"level":"info","message":"Cron jobs initialized","timestamp":"2025-04-06T17:35:57.675Z"}
{"level":"info","message":"app listening on port: 4000","timestamp":"2025-04-06T17:35:57.688Z"}
{"level":"info","message":"\u001b[0mOPTIONS /api/surgery/surgeries \u001b[32m204\u001b[0m 4.853 ms - 0\u001b[0m","timestamp":"2025-04-06T17:36:54.837Z"}
{"level":"info","message":"\u001b[0mOPTIONS /api/surgery/surgeries \u001b[32m204\u001b[0m 0.476 ms - 0\u001b[0m","timestamp":"2025-04-06T17:36:54.853Z"}
{"level":"info","message":"\u001b[0mGET /api/surgery/surgeries \u001b[32m200\u001b[0m 91.317 ms - 528\u001b[0m","timestamp":"2025-04-06T17:36:54.990Z"}
{"level":"info","message":"\u001b[0mGET /api/surgery/surgeries \u001b[32m200\u001b[0m 21.736 ms - 528\u001b[0m","timestamp":"2025-04-06T17:36:55.030Z"}
{"level":"info","message":"Connected to MySQL database","timestamp":"2025-04-06T17:37:59.031Z"}
{"level":"info","message":"Connected to MongoDB database successfully","timestamp":"2025-04-06T17:37:59.150Z"}
{"level":"info","message":"Cron jobs initialized","timestamp":"2025-04-06T17:37:59.210Z"}
{"level":"info","message":"app listening on port: 4000","timestamp":"2025-04-06T17:37:59.222Z"}
{"level":"info","message":"\u001b[0mOPTIONS /api/surgery/surgeries \u001b[32m204\u001b[0m 3.899 ms - 0\u001b[0m","timestamp":"2025-04-06T17:38:03.982Z"}
{"level":"info","message":"\u001b[0mOPTIONS /api/surgery/surgeries \u001b[32m204\u001b[0m 0.831 ms - 0\u001b[0m","timestamp":"2025-04-06T17:38:03.999Z"}
{"level":"info","message":"\u001b[0mGET /api/surgery/surgeries \u001b[32m200\u001b[0m 129.926 ms - 528\u001b[0m","timestamp":"2025-04-06T17:38:04.204Z"}
{"level":"info","message":"\u001b[0mGET /api/surgery/surgeries \u001b[32m200\u001b[0m 49.925 ms - 528\u001b[0m","timestamp":"2025-04-06T17:38:04.288Z"}
{"level":"info","message":"\u001b[0mOPTIONS /api/surgery/get \u001b[32m204\u001b[0m 0.356 ms - 0\u001b[0m","timestamp":"2025-04-06T17:42:56.663Z"}
{"level":"info","message":"\u001b[0mGET /api/surgery/get \u001b[33m404\u001b[0m 74.641 ms - 48\u001b[0m","timestamp":"2025-04-06T17:42:56.758Z"}
{"level":"info","message":"\u001b[0mOPTIONS /api/surgery/get-surgery/ \u001b[32m204\u001b[0m 0.492 ms - 0\u001b[0m","timestamp":"2025-04-06T17:42:58.329Z"}
{"level":"info","message":"\u001b[0mGET /api/surgery/get-surgery/ \u001b[33m404\u001b[0m 14.801 ms - 48\u001b[0m","timestamp":"2025-04-06T17:42:58.350Z"}
{"level":"info","message":"\u001b[0mOPTIONS /api/surgery/get-surgery/28 \u001b[32m204\u001b[0m 0.362 ms - 0\u001b[0m","timestamp":"2025-04-06T17:43:03.612Z"}
{"level":"info","message":"\u001b[0mGET /api/surgery/get-surgery/28 \u001b[33m404\u001b[0m 17.993 ms - 48\u001b[0m","timestamp":"2025-04-06T17:43:03.676Z"}
{"level":"info","message":"\u001b[0mOPTIONS /api/surgery/get-surgery/28 \u001b[32m204\u001b[0m 0.363 ms - 0\u001b[0m","timestamp":"2025-04-06T17:43:09.702Z"}
{"level":"info","message":"\u001b[0mOPTIONS /api/surgery/get-surgery/28 \u001b[32m204\u001b[0m 0.445 ms - 0\u001b[0m","timestamp":"2025-04-06T17:43:09.901Z"}
{"level":"info","message":"\u001b[0mGET /api/surgery/get-surgery/28 \u001b[33m404\u001b[0m 7.587 ms - 48\u001b[0m","timestamp":"2025-04-06T17:43:09.992Z"}
{"level":"info","message":"\u001b[0mGET /api/surgery/get-surgery/28 \u001b[33m404\u001b[0m 10.148 ms - 48\u001b[0m","timestamp":"2025-04-06T17:43:10.127Z"}
{"level":"info","message":"\u001b[0mOPTIONS /api/surgery/get-surgrey/28 \u001b[32m204\u001b[0m 0.278 ms - 0\u001b[0m","timestamp":"2025-04-06T17:43:39.862Z"}
{"level":"info","message":"\u001b[0mGET /api/surgery/get-surgrey/28 \u001b[31m500\u001b[0m 108.002 ms - 50\u001b[0m","timestamp":"2025-04-06T17:43:39.983Z"}
{"level":"info","message":"\u001b[0mOPTIONS /api/surgery/get-surgrey/28 \u001b[32m204\u001b[0m 0.915 ms - 0\u001b[0m","timestamp":"2025-04-06T17:43:47.545Z"}
{"level":"info","message":"\u001b[0mOPTIONS /api/surgery/get-surgrey/28 \u001b[32m204\u001b[0m 0.638 ms - 0\u001b[0m","timestamp":"2025-04-06T17:43:47.549Z"}
{"level":"info","message":"\u001b[0mGET /api/surgery/get-surgrey/28 \u001b[31m500\u001b[0m 93.839 ms - 50\u001b[0m","timestamp":"2025-04-06T17:43:47.660Z"}
{"level":"info","message":"\u001b[0mGET /api/surgery/get-surgrey/28 \u001b[31m500\u001b[0m 74.572 ms - 50\u001b[0m","timestamp":"2025-04-06T17:43:47.901Z"}
{"level":"info","message":"Connected to MySQL database","timestamp":"2025-04-06T17:44:30.563Z"}
{"level":"info","message":"Connected to MongoDB database successfully","timestamp":"2025-04-06T17:44:30.702Z"}
{"level":"info","message":"Cron jobs initialized","timestamp":"2025-04-06T17:44:30.768Z"}
{"level":"info","message":"app listening on port: 4000","timestamp":"2025-04-06T17:44:30.792Z"}
{"level":"info","message":"\u001b[0mOPTIONS /api/surgery/get-surgrey/28 \u001b[32m204\u001b[0m 4.417 ms - 0\u001b[0m","timestamp":"2025-04-06T17:44:34.832Z"}
{"level":"info","message":"\u001b[0mOPTIONS /api/surgery/get-surgrey/28 \u001b[32m204\u001b[0m 0.728 ms - 0\u001b[0m","timestamp":"2025-04-06T17:44:34.847Z"}
{"level":"info","message":"\u001b[0mGET /api/surgery/get-surgrey/28 \u001b[33m400\u001b[0m 66.814 ms - 55\u001b[0m","timestamp":"2025-04-06T17:44:35.050Z"}
{"level":"info","message":"\u001b[0mGET /api/surgery/get-surgrey/28 \u001b[33m400\u001b[0m 19.125 ms - 55\u001b[0m","timestamp":"2025-04-06T17:44:35.087Z"}
{"level":"info","message":"Connected to MySQL database","timestamp":"2025-04-06T17:45:17.373Z"}
{"level":"info","message":"Connected to MongoDB database successfully","timestamp":"2025-04-06T17:45:17.488Z"}
{"level":"info","message":"Cron jobs initialized","timestamp":"2025-04-06T17:45:17.552Z"}
{"level":"info","message":"app listening on port: 4000","timestamp":"2025-04-06T17:45:17.568Z"}
{"level":"info","message":"\u001b[0mOPTIONS /api/surgery/get-surgrey/28 \u001b[32m204\u001b[0m 13.809 ms - 0\u001b[0m","timestamp":"2025-04-06T17:45:21.219Z"}
{"level":"info","message":"\u001b[0mOPTIONS /api/surgery/get-surgrey/28 \u001b[32m204\u001b[0m 1.282 ms - 0\u001b[0m","timestamp":"2025-04-06T17:45:21.236Z"}
{"level":"info","message":"\u001b[0mGET /api/surgery/get-surgrey/28 \u001b[31m500\u001b[0m 239.343 ms - 50\u001b[0m","timestamp":"2025-04-06T17:45:21.609Z"}
{"level":"info","message":"\u001b[0mGET /api/surgery/get-surgrey/28 \u001b[31m500\u001b[0m 90.287 ms - 50\u001b[0m","timestamp":"2025-04-06T17:45:21.766Z"}
{"level":"info","message":"Connected to MySQL database","timestamp":"2025-04-06T18:00:17.241Z"}
{"level":"info","message":"Connected to MongoDB database successfully","timestamp":"2025-04-06T18:00:17.345Z"}
{"level":"info","message":"Cron jobs initialized","timestamp":"2025-04-06T18:00:17.414Z"}
{"level":"info","message":"app listening on port: 4000","timestamp":"2025-04-06T18:00:17.428Z"}
{"level":"info","message":"\u001b[0mOPTIONS /api/surgery/get-surgrey/28 \u001b[32m204\u001b[0m 5.349 ms - 0\u001b[0m","timestamp":"2025-04-06T18:00:21.474Z"}
{"level":"info","message":"\u001b[0mOPTIONS /api/surgery/get-surgrey/28 \u001b[32m204\u001b[0m 0.547 ms - 0\u001b[0m","timestamp":"2025-04-06T18:00:21.487Z"}
{"level":"info","message":"\u001b[0mGET /api/surgery/get-surgrey/28 \u001b[31m500\u001b[0m 232.794 ms - 50\u001b[0m","timestamp":"2025-04-06T18:00:21.774Z"}
{"level":"info","message":"\u001b[0mGET /api/surgery/get-surgrey/28 \u001b[31m500\u001b[0m 129.984 ms - 50\u001b[0m","timestamp":"2025-04-06T18:00:21.954Z"}
{"level":"info","message":"Connected to MySQL database","timestamp":"2025-04-06T18:03:21.423Z"}
{"level":"info","message":"Connected to MongoDB database successfully","timestamp":"2025-04-06T18:03:21.519Z"}
{"level":"info","message":"Cron jobs initialized","timestamp":"2025-04-06T18:03:21.577Z"}
{"level":"info","message":"app listening on port: 4000","timestamp":"2025-04-06T18:03:21.588Z"}
{"level":"info","message":"\u001b[0mOPTIONS /api/surgery/get-surgrey/28 \u001b[32m204\u001b[0m 4.321 ms - 0\u001b[0m","timestamp":"2025-04-06T18:03:24.569Z"}
{"level":"info","message":"\u001b[0mOPTIONS /api/surgery/get-surgrey/28 \u001b[32m204\u001b[0m 0.489 ms - 0\u001b[0m","timestamp":"2025-04-06T18:03:24.584Z"}
{"level":"info","message":"\u001b[0mGET /api/surgery/get-surgrey/28 \u001b[32m200\u001b[0m 174.063 ms - 146306\u001b[0m","timestamp":"2025-04-06T18:03:24.870Z"}
{"level":"info","message":"\u001b[0mGET /api/surgery/get-surgrey/28 \u001b[36m304\u001b[0m 60.099 ms - -\u001b[0m","timestamp":"2025-04-06T18:03:24.934Z"}
{"level":"info","message":"Connected to MySQL database","timestamp":"2025-04-06T18:14:56.523Z"}
{"level":"info","message":"Connected to MongoDB database successfully","timestamp":"2025-04-06T18:14:56.603Z"}
{"level":"info","message":"Cron jobs initialized","timestamp":"2025-04-06T18:14:56.656Z"}
{"level":"info","message":"app listening on port: 4000","timestamp":"2025-04-06T18:14:56.672Z"}
{"level":"info","message":"\u001b[0mOPTIONS /api/surgery/get-surgries \u001b[32m204\u001b[0m 4.488 ms - 0\u001b[0m","timestamp":"2025-04-06T18:15:00.225Z"}
{"level":"info","message":"\u001b[0mOPTIONS /api/surgery/get-surgries \u001b[32m204\u001b[0m 0.807 ms - 0\u001b[0m","timestamp":"2025-04-06T18:15:00.241Z"}
{"level":"info","message":"\u001b[0mGET /api/surgery/get-surgries \u001b[33m404\u001b[0m 98.400 ms - 48\u001b[0m","timestamp":"2025-04-06T18:15:00.455Z"}
{"level":"info","message":"\u001b[0mGET /api/surgery/get-surgries \u001b[33m404\u001b[0m 23.999 ms - 48\u001b[0m","timestamp":"2025-04-06T18:15:00.500Z"}
{"level":"info","message":"\u001b[0mOPTIONS /api/surgery/surgries \u001b[32m204\u001b[0m 0.347 ms - 0\u001b[0m","timestamp":"2025-04-06T18:15:20.256Z"}
{"level":"info","message":"\u001b[0mGET /api/surgery/surgries \u001b[33m404\u001b[0m 19.525 ms - 48\u001b[0m","timestamp":"2025-04-06T18:15:20.286Z"}
{"level":"info","message":"\u001b[0mOPTIONS /api/surgery/surgries \u001b[32m204\u001b[0m 0.744 ms - 0\u001b[0m","timestamp":"2025-04-06T18:15:25.538Z"}
{"level":"info","message":"\u001b[0mOPTIONS /api/surgery/surgries \u001b[32m204\u001b[0m 0.535 ms - 0\u001b[0m","timestamp":"2025-04-06T18:15:25.552Z"}
{"level":"info","message":"\u001b[0mGET /api/surgery/surgries \u001b[33m404\u001b[0m 18.323 ms - 48\u001b[0m","timestamp":"2025-04-06T18:15:25.694Z"}
{"level":"info","message":"\u001b[0mGET /api/surgery/surgries \u001b[33m404\u001b[0m 17.187 ms - 48\u001b[0m","timestamp":"2025-04-06T18:15:25.854Z"}
{"level":"info","message":"\u001b[0mOPTIONS /api/surgery/surgeries \u001b[32m204\u001b[0m 0.455 ms - 0\u001b[0m","timestamp":"2025-04-06T18:15:50.355Z"}
{"level":"info","message":"\u001b[0mGET /api/surgery/surgeries \u001b[32m200\u001b[0m 104.948 ms - 528\u001b[0m","timestamp":"2025-04-06T18:15:50.477Z"}
{"level":"info","message":"Connected to MySQL database","timestamp":"2025-04-06T18:21:05.324Z"}
{"level":"info","message":"Connected to MongoDB database successfully","timestamp":"2025-04-06T18:21:05.424Z"}
{"level":"info","message":"Cron jobs initialized","timestamp":"2025-04-06T18:21:05.537Z"}
{"level":"info","message":"app listening on port: 4000","timestamp":"2025-04-06T18:21:05.578Z"}
{"level":"info","message":"\u001b[0mOPTIONS /api/surgery/surgeries \u001b[32m204\u001b[0m 12.400 ms - 0\u001b[0m","timestamp":"2025-04-06T18:21:10.134Z"}
{"level":"info","message":"\u001b[0mOPTIONS /api/surgery/surgeries \u001b[32m204\u001b[0m 0.977 ms - 0\u001b[0m","timestamp":"2025-04-06T18:21:10.142Z"}
{"level":"info","message":"\u001b[0mGET /api/surgery/surgeries \u001b[31m500\u001b[0m 224.913 ms - 50\u001b[0m","timestamp":"2025-04-06T18:21:10.382Z"}
{"level":"info","message":"\u001b[0mGET /api/surgery/surgeries \u001b[31m500\u001b[0m 89.922 ms - 50\u001b[0m","timestamp":"2025-04-06T18:21:10.489Z"}
{"level":"info","message":"Connected to MySQL database","timestamp":"2025-04-06T18:22:12.551Z"}
{"level":"info","message":"Connected to MongoDB database successfully","timestamp":"2025-04-06T18:22:12.653Z"}
{"level":"info","message":"Cron jobs initialized","timestamp":"2025-04-06T18:22:12.714Z"}
{"level":"info","message":"app listening on port: 4000","timestamp":"2025-04-06T18:22:12.730Z"}
{"level":"info","message":"\u001b[0mOPTIONS /api/surgery/surgeries \u001b[32m204\u001b[0m 12.601 ms - 0\u001b[0m","timestamp":"2025-04-06T18:22:16.013Z"}
{"level":"info","message":"\u001b[0mOPTIONS /api/surgery/surgeries \u001b[32m204\u001b[0m 0.900 ms - 0\u001b[0m","timestamp":"2025-04-06T18:22:16.033Z"}
{"level":"info","message":"\u001b[0mGET /api/surgery/surgeries \u001b[31m500\u001b[0m 163.158 ms - 50\u001b[0m","timestamp":"2025-04-06T18:22:16.210Z"}
{"level":"info","message":"\u001b[0mGET /api/surgery/surgeries \u001b[31m500\u001b[0m 64.238 ms - 50\u001b[0m","timestamp":"2025-04-06T18:22:16.305Z"}
{"level":"info","message":"Connected to MySQL database","timestamp":"2025-04-06T18:23:33.522Z"}
{"level":"info","message":"Connected to MongoDB database successfully","timestamp":"2025-04-06T18:23:33.604Z"}
{"level":"info","message":"Cron jobs initialized","timestamp":"2025-04-06T18:23:33.660Z"}
{"level":"info","message":"app listening on port: 4000","timestamp":"2025-04-06T18:23:33.675Z"}
{"level":"info","message":"\u001b[0mOPTIONS /api/surgery/surgeries \u001b[32m204\u001b[0m 4.345 ms - 0\u001b[0m","timestamp":"2025-04-06T18:23:37.836Z"}
{"level":"info","message":"\u001b[0mOPTIONS /api/surgery/surgeries \u001b[32m204\u001b[0m 0.605 ms - 0\u001b[0m","timestamp":"2025-04-06T18:23:37.896Z"}
{"level":"info","message":"\u001b[0mGET /api/surgery/surgeries \u001b[32m200\u001b[0m 229.238 ms - 558\u001b[0m","timestamp":"2025-04-06T18:23:38.157Z"}
{"level":"info","message":"\u001b[0mGET /api/surgery/surgeries \u001b[32m200\u001b[0m 60.962 ms - 558\u001b[0m","timestamp":"2025-04-06T18:23:38.233Z"}
{"level":"info","message":"\u001b[0mOPTIONS /api/surgery/surgeries \u001b[32m204\u001b[0m 0.468 ms - 0\u001b[0m","timestamp":"2025-04-06T18:25:45.297Z"}
{"level":"info","message":"\u001b[0mOPTIONS /api/surgery/surgeries \u001b[32m204\u001b[0m 0.819 ms - 0\u001b[0m","timestamp":"2025-04-06T18:25:45.306Z"}
{"level":"info","message":"\u001b[0mGET /api/surgery/surgeries \u001b[32m200\u001b[0m 85.092 ms - 621\u001b[0m","timestamp":"2025-04-06T18:25:45.404Z"}
{"level":"info","message":"\u001b[0mGET /api/surgery/surgeries \u001b[32m200\u001b[0m 65.939 ms - 621\u001b[0m","timestamp":"2025-04-06T18:25:45.512Z"}
{"level":"info","message":"\u001b[0mOPTIONS /api/surgery/surgeries \u001b[32m204\u001b[0m 0.344 ms - 0\u001b[0m","timestamp":"2025-04-06T18:26:22.187Z"}
{"level":"info","message":"\u001b[0mOPTIONS /api/surgery/surgeries \u001b[32m204\u001b[0m 0.435 ms - 0\u001b[0m","timestamp":"2025-04-06T18:26:22.195Z"}
{"level":"info","message":"\u001b[0mGET /api/surgery/surgeries \u001b[32m200\u001b[0m 17.602 ms - 621\u001b[0m","timestamp":"2025-04-06T18:26:22.390Z"}
{"level":"info","message":"\u001b[0mGET /api/surgery/surgeries \u001b[32m200\u001b[0m 26.488 ms - 621\u001b[0m","timestamp":"2025-04-06T18:26:22.513Z"}
{"level":"info","message":"\u001b[0mGET /api/surgery/surgeries \u001b[32m200\u001b[0m 55.852 ms - 621\u001b[0m","timestamp":"2025-04-06T18:26:24.782Z"}
{"level":"info","message":"\u001b[0mOPTIONS /api/surgery/surgeries \u001b[32m204\u001b[0m 0.343 ms - 0\u001b[0m","timestamp":"2025-04-06T18:26:38.987Z"}
{"level":"info","message":"\u001b[0mGET /api/surgery/surgeries \u001b[32m200\u001b[0m 45.984 ms - 621\u001b[0m","timestamp":"2025-04-06T18:26:39.039Z"}
{"level":"info","message":"\u001b[0mGET /api/surgery/surgeries \u001b[32m200\u001b[0m 28.203 ms - 621\u001b[0m","timestamp":"2025-04-06T18:26:42.735Z"}
{"level":"info","message":"\u001b[0mOPTIONS /api/surgery/surgeries \u001b[32m204\u001b[0m 0.301 ms - 0\u001b[0m","timestamp":"2025-04-06T18:27:08.584Z"}
{"level":"info","message":"\u001b[0mGET /api/surgery/surgeries \u001b[32m200\u001b[0m 38.236 ms - 621\u001b[0m","timestamp":"2025-04-06T18:27:08.639Z"}
{"level":"info","message":"\u001b[0mGET /api/surgery/surgeries \u001b[32m200\u001b[0m 26.772 ms - 621\u001b[0m","timestamp":"2025-04-06T18:27:10.965Z"}
{"level":"info","message":"\u001b[0mGET /api/surgery/surgeries \u001b[32m200\u001b[0m 23.679 ms - 621\u001b[0m","timestamp":"2025-04-06T18:27:11.997Z"}
{"level":"info","message":"\u001b[0mOPTIONS /api/surgery/surgeries \u001b[32m204\u001b[0m 0.458 ms - 0\u001b[0m","timestamp":"2025-04-06T18:27:17.841Z"}
{"level":"info","message":"\u001b[0mGET /api/surgery/surgeries \u001b[32m200\u001b[0m 37.939 ms - 621\u001b[0m","timestamp":"2025-04-06T18:27:17.892Z"}
{"level":"info","message":"\u001b[0mGET /api/surgery/surgeries \u001b[32m200\u001b[0m 24.561 ms - 621\u001b[0m","timestamp":"2025-04-06T18:27:18.347Z"}
{"level":"info","message":"\u001b[0mOPTIONS /api/surgery/surgeries \u001b[32m204\u001b[0m 0.232 ms - 0\u001b[0m","timestamp":"2025-04-06T18:27:29.963Z"}
{"level":"info","message":"\u001b[0mGET /api/surgery/surgeries \u001b[32m200\u001b[0m 16.270 ms - 621\u001b[0m","timestamp":"2025-04-06T18:27:29.988Z"}
{"level":"info","message":"\u001b[0mOPTIONS /api/surgery/surgeries \u001b[32m204\u001b[0m 0.503 ms - 0\u001b[0m","timestamp":"2025-04-06T18:27:35.116Z"}
{"level":"info","message":"\u001b[0mGET /api/surgery/surgeries \u001b[32m200\u001b[0m 40.631 ms - 621\u001b[0m","timestamp":"2025-04-06T18:27:35.171Z"}
{"level":"info","message":"\u001b[0mGET /api/surgery/surgeries \u001b[32m200\u001b[0m 36.714 ms - 621\u001b[0m","timestamp":"2025-04-06T18:27:39.932Z"}
{"level":"info","message":"\u001b[0mOPTIONS /api/surgery/surgeries \u001b[32m204\u001b[0m 1.716 ms - 0\u001b[0m","timestamp":"2025-04-06T18:27:46.351Z"}
{"level":"info","message":"\u001b[0mGET /api/surgery/surgeries \u001b[32m200\u001b[0m 39.700 ms - 621\u001b[0m","timestamp":"2025-04-06T18:27:46.399Z"}
{"level":"info","message":"\u001b[0mGET /api/surgery/surgeries \u001b[32m200\u001b[0m 24.767 ms - 621\u001b[0m","timestamp":"2025-04-06T18:27:47.007Z"}
{"level":"info","message":"\u001b[0mGET /api/surgery/surgeries \u001b[32m200\u001b[0m 26.328 ms - 621\u001b[0m","timestamp":"2025-04-06T18:27:50.370Z"}
{"level":"info","message":"\u001b[0mOPTIONS /api/surgery/surgeries \u001b[32m204\u001b[0m 0.238 ms - 0\u001b[0m","timestamp":"2025-04-06T18:27:53.439Z"}
{"level":"info","message":"\u001b[0mGET /api/surgery/surgeries \u001b[32m200\u001b[0m 23.963 ms - 621\u001b[0m","timestamp":"2025-04-06T18:27:53.468Z"}
{"level":"info","message":"\u001b[0mGET /api/surgery/surgeries \u001b[32m200\u001b[0m 25.798 ms - 621\u001b[0m","timestamp":"2025-04-06T18:27:57.831Z"}
{"level":"info","message":"\u001b[0mOPTIONS /api/surgery/surgeries \u001b[32m204\u001b[0m 0.257 ms - 0\u001b[0m","timestamp":"2025-04-06T18:28:01.702Z"}
{"level":"info","message":"\u001b[0mGET /api/surgery/surgeries \u001b[32m200\u001b[0m 18.022 ms - 621\u001b[0m","timestamp":"2025-04-06T18:28:01.726Z"}
{"level":"info","message":"\u001b[0mOPTIONS /api/surgery/surgeries \u001b[32m204\u001b[0m 0.449 ms - 0\u001b[0m","timestamp":"2025-04-06T18:28:32.426Z"}
{"level":"info","message":"\u001b[0mOPTIONS /api/surgery/surgeries \u001b[32m204\u001b[0m 0.237 ms - 0\u001b[0m","timestamp":"2025-04-06T18:28:32.438Z"}
{"level":"info","message":"\u001b[0mGET /api/surgery/surgeries \u001b[32m200\u001b[0m 59.554 ms - 621\u001b[0m","timestamp":"2025-04-06T18:28:32.536Z"}
{"level":"info","message":"\u001b[0mGET /api/surgery/surgeries \u001b[32m200\u001b[0m 43.474 ms - 621\u001b[0m","timestamp":"2025-04-06T18:28:32.605Z"}
{"level":"info","message":"\u001b[0mGET /api/surgery/surgeries \u001b[32m200\u001b[0m 24.745 ms - 621\u001b[0m","timestamp":"2025-04-06T18:28:35.298Z"}
{"level":"info","message":"\u001b[0mOPTIONS /api/surgery/surgeries \u001b[32m204\u001b[0m 0.247 ms - 0\u001b[0m","timestamp":"2025-04-06T18:28:41.462Z"}
{"level":"info","message":"\u001b[0mGET /api/surgery/surgeries \u001b[32m200\u001b[0m 22.563 ms - 621\u001b[0m","timestamp":"2025-04-06T18:28:41.494Z"}
{"level":"info","message":"\u001b[0mGET /api/surgery/surgeries \u001b[32m200\u001b[0m 16.817 ms - 621\u001b[0m","timestamp":"2025-04-06T18:28:42.067Z"}
{"level":"info","message":"\u001b[0mOPTIONS /api/surgery/surgeries \u001b[32m204\u001b[0m 0.217 ms - 0\u001b[0m","timestamp":"2025-04-06T18:32:07.706Z"}
{"level":"info","message":"\u001b[0mGET /api/surgery/surgeries \u001b[32m200\u001b[0m 23.338 ms - 621\u001b[0m","timestamp":"2025-04-06T18:32:07.740Z"}
{"level":"info","message":"\u001b[0mGET /api/surgery/surgeries \u001b[32m200\u001b[0m 19.341 ms - 621\u001b[0m","timestamp":"2025-04-06T18:32:11.286Z"}
{"level":"info","message":"\u001b[0mOPTIONS /api/surgery/surgeries \u001b[32m204\u001b[0m 0.247 ms - 0\u001b[0m","timestamp":"2025-04-06T18:32:35.296Z"}
{"level":"info","message":"\u001b[0mGET /api/surgery/surgeries \u001b[32m200\u001b[0m 29.664 ms - 621\u001b[0m","timestamp":"2025-04-06T18:32:35.336Z"}
{"level":"info","message":"\u001b[0mGET /api/surgery/surgeries \u001b[32m200\u001b[0m 22.493 ms - 621\u001b[0m","timestamp":"2025-04-06T18:32:38.305Z"}
{"level":"info","message":"\u001b[0mOPTIONS /api/surgery/surgeries \u001b[32m204\u001b[0m 0.232 ms - 0\u001b[0m","timestamp":"2025-04-06T18:32:49.661Z"}
{"level":"info","message":"\u001b[0mGET /api/surgery/surgeries \u001b[32m200\u001b[0m 44.886 ms - 621\u001b[0m","timestamp":"2025-04-06T18:32:49.716Z"}
{"level":"info","message":"\u001b[0mOPTIONS /api/surgery/surgeries \u001b[32m204\u001b[0m 0.245 ms - 0\u001b[0m","timestamp":"2025-04-06T18:33:29.271Z"}
{"level":"info","message":"\u001b[0mGET /api/surgery/surgeries \u001b[32m200\u001b[0m 13.851 ms - 621\u001b[0m","timestamp":"2025-04-06T18:33:29.293Z"}
{"level":"info","message":"\u001b[0mGET /api/surgery/surgeries \u001b[32m200\u001b[0m 36.361 ms - 621\u001b[0m","timestamp":"2025-04-06T18:33:30.310Z"}
{"level":"info","message":"\u001b[0mGET /api/surgery/surgeries \u001b[32m200\u001b[0m 21.858 ms - 621\u001b[0m","timestamp":"2025-04-06T18:33:32.300Z"}
{"level":"info","message":"\u001b[0mOPTIONS /api/surgery/surgeries \u001b[32m204\u001b[0m 0.232 ms - 0\u001b[0m","timestamp":"2025-04-06T18:33:47.368Z"}
{"level":"info","message":"\u001b[0mOPTIONS /api/surgery/surgeries \u001b[32m204\u001b[0m 0.411 ms - 0\u001b[0m","timestamp":"2025-04-06T18:33:47.403Z"}
{"level":"info","message":"\u001b[0mGET /api/surgery/surgeries \u001b[32m200\u001b[0m 51.558 ms - 621\u001b[0m","timestamp":"2025-04-06T18:33:47.507Z"}
{"level":"info","message":"\u001b[0mGET /api/surgery/surgeries \u001b[32m200\u001b[0m 43.079 ms - 621\u001b[0m","timestamp":"2025-04-06T18:33:47.604Z"}
{"level":"info","message":"\u001b[0mOPTIONS /api/surgery/surgeries \u001b[32m204\u001b[0m 0.478 ms - 0\u001b[0m","timestamp":"2025-04-06T18:33:59.156Z"}
{"level":"info","message":"\u001b[0mGET /api/surgery/surgeries \u001b[32m200\u001b[0m 30.681 ms - 621\u001b[0m","timestamp":"2025-04-06T18:33:59.284Z"}
{"level":"info","message":"\u001b[0mGET /api/surgery/surgeries \u001b[32m200\u001b[0m 36.873 ms - 621\u001b[0m","timestamp":"2025-04-06T18:34:00.803Z"}
{"level":"info","message":"\u001b[0mGET /api/surgery/surgeries \u001b[32m200\u001b[0m 51.705 ms - 621\u001b[0m","timestamp":"2025-04-06T18:34:00.909Z"}
{"level":"info","message":"\u001b[0mOPTIONS /api/surgery/surgeries \u001b[32m204\u001b[0m 0.323 ms - 0\u001b[0m","timestamp":"2025-04-06T18:34:26.114Z"}
{"level":"info","message":"\u001b[0mGET /api/surgery/surgeries \u001b[32m200\u001b[0m 33.107 ms - 621\u001b[0m","timestamp":"2025-04-06T18:34:26.219Z"}
{"level":"info","message":"\u001b[0mGET /api/surgery/surgeries \u001b[32m200\u001b[0m 18.149 ms - 621\u001b[0m","timestamp":"2025-04-06T18:34:30.635Z"}
{"level":"info","message":"\u001b[0mOPTIONS /api/surgery/surgeries \u001b[32m204\u001b[0m 0.329 ms - 0\u001b[0m","timestamp":"2025-04-06T18:34:34.811Z"}
{"level":"info","message":"\u001b[0mOPTIONS /api/surgery/surgeries \u001b[32m204\u001b[0m 0.317 ms - 0\u001b[0m","timestamp":"2025-04-06T18:34:34.815Z"}
{"level":"info","message":"\u001b[0mGET /api/surgery/surgeries \u001b[32m200\u001b[0m 36.252 ms - 621\u001b[0m","timestamp":"2025-04-06T18:34:34.994Z"}
{"level":"info","message":"\u001b[0mGET /api/surgery/surgeries \u001b[32m200\u001b[0m 34.732 ms - 621\u001b[0m","timestamp":"2025-04-06T18:34:35.126Z"}
{"level":"info","message":"\u001b[0mOPTIONS /api/surgery/surgeries \u001b[32m204\u001b[0m 0.384 ms - 0\u001b[0m","timestamp":"2025-04-06T18:35:06.338Z"}
{"level":"info","message":"\u001b[0mGET /api/surgery/surgeries \u001b[32m200\u001b[0m 36.440 ms - 621\u001b[0m","timestamp":"2025-04-06T18:35:06.392Z"}
{"level":"info","message":"\u001b[0mGET /api/surgery/surgeries \u001b[32m200\u001b[0m 33.899 ms - 621\u001b[0m","timestamp":"2025-04-06T18:35:08.689Z"}
{"level":"info","message":"\u001b[0mGET /api/surgery/surgeries \u001b[32m200\u001b[0m 39.235 ms - 621\u001b[0m","timestamp":"2025-04-06T18:35:08.743Z"}
{"level":"info","message":"\u001b[0mOPTIONS /api/surgery/surgeries \u001b[32m204\u001b[0m 0.295 ms - 0\u001b[0m","timestamp":"2025-04-06T18:35:14.788Z"}
{"level":"info","message":"\u001b[0mGET /api/surgery/surgeries \u001b[32m200\u001b[0m 38.808 ms - 621\u001b[0m","timestamp":"2025-04-06T18:35:15.015Z"}
{"level":"info","message":"\u001b[0mGET /api/surgery/surgeries \u001b[32m200\u001b[0m 49.330 ms - 621\u001b[0m","timestamp":"2025-04-06T18:35:16.458Z"}
{"level":"info","message":"\u001b[0mGET /api/surgery/surgeries \u001b[32m200\u001b[0m 44.262 ms - 621\u001b[0m","timestamp":"2025-04-06T18:35:16.547Z"}
{"level":"info","message":"\u001b[0mOPTIONS /api/surgery/surgeries \u001b[32m204\u001b[0m 0.206 ms - 0\u001b[0m","timestamp":"2025-04-06T18:39:20.363Z"}
{"level":"info","message":"\u001b[0mGET /api/surgery/surgeries \u001b[32m200\u001b[0m 34.191 ms - 621\u001b[0m","timestamp":"2025-04-06T18:39:20.406Z"}
{"level":"info","message":"\u001b[0mOPTIONS /api/surgery/surgeries \u001b[32m204\u001b[0m 0.262 ms - 0\u001b[0m","timestamp":"2025-04-06T18:39:31.995Z"}
{"level":"info","message":"\u001b[0mOPTIONS /api/surgery/surgeries \u001b[32m204\u001b[0m 0.275 ms - 0\u001b[0m","timestamp":"2025-04-06T18:39:32.002Z"}
{"level":"info","message":"\u001b[0mGET /api/surgery/surgeries \u001b[32m200\u001b[0m 35.324 ms - 621\u001b[0m","timestamp":"2025-04-06T18:39:32.129Z"}
{"level":"info","message":"\u001b[0mGET /api/surgery/surgeries \u001b[32m200\u001b[0m 25.636 ms - 621\u001b[0m","timestamp":"2025-04-06T18:39:32.191Z"}
{"level":"info","message":"\u001b[0mOPTIONS /api/surgery/surgeries \u001b[32m204\u001b[0m 0.247 ms - 0\u001b[0m","timestamp":"2025-04-06T18:39:45.207Z"}
{"level":"info","message":"\u001b[0mGET /api/surgery/surgeries \u001b[32m200\u001b[0m 29.734 ms - 621\u001b[0m","timestamp":"2025-04-06T18:39:45.247Z"}
{"level":"info","message":"\u001b[0mGET /api/surgery/surgeries \u001b[32m200\u001b[0m 29.946 ms - 621\u001b[0m","timestamp":"2025-04-06T18:39:47.184Z"}
{"level":"info","message":"\u001b[0mGET /api/surgery/surgeries \u001b[32m200\u001b[0m 36.054 ms - 621\u001b[0m","timestamp":"2025-04-06T18:39:47.256Z"}
{"level":"info","message":"\u001b[0mOPTIONS /api/surgery/surgeries \u001b[32m204\u001b[0m 0.313 ms - 0\u001b[0m","timestamp":"2025-04-06T18:40:02.700Z"}
{"level":"info","message":"\u001b[0mOPTIONS /api/surgery/surgeries \u001b[32m204\u001b[0m 0.340 ms - 0\u001b[0m","timestamp":"2025-04-06T18:40:02.704Z"}
{"level":"info","message":"\u001b[0mGET /api/surgery/surgeries \u001b[32m200\u001b[0m 26.595 ms - 621\u001b[0m","timestamp":"2025-04-06T18:40:02.766Z"}
{"level":"info","message":"\u001b[0mGET /api/surgery/surgeries \u001b[32m200\u001b[0m 39.525 ms - 621\u001b[0m","timestamp":"2025-04-06T18:40:02.818Z"}
{"level":"info","message":"\u001b[0mOPTIONS /api/surgery/surgeries \u001b[32m204\u001b[0m 0.266 ms - 0\u001b[0m","timestamp":"2025-04-06T18:40:12.671Z"}
{"level":"info","message":"\u001b[0mGET /api/surgery/surgeries \u001b[32m200\u001b[0m 20.573 ms - 621\u001b[0m","timestamp":"2025-04-06T18:40:12.697Z"}
{"level":"info","message":"\u001b[0mOPTIONS /api/surgery/surgeries \u001b[32m204\u001b[0m 0.277 ms - 0\u001b[0m","timestamp":"2025-04-06T18:40:18.870Z"}
{"level":"info","message":"\u001b[0mGET /api/surgery/surgeries \u001b[32m200\u001b[0m 25.456 ms - 621\u001b[0m","timestamp":"2025-04-06T18:40:18.906Z"}
{"level":"info","message":"\u001b[0mGET /api/surgery/surgeries \u001b[32m200\u001b[0m 24.662 ms - 621\u001b[0m","timestamp":"2025-04-06T18:40:22.703Z"}
{"level":"info","message":"\u001b[0mOPTIONS /api/surgery/surgeries \u001b[32m204\u001b[0m 0.228 ms - 0\u001b[0m","timestamp":"2025-04-06T18:40:25.781Z"}
{"level":"info","message":"\u001b[0mGET /api/surgery/surgeries \u001b[32m200\u001b[0m 24.942 ms - 621\u001b[0m","timestamp":"2025-04-06T18:40:25.810Z"}
{"level":"info","message":"\u001b[0mGET /api/surgery/surgeries \u001b[32m200\u001b[0m 38.464 ms - 621\u001b[0m","timestamp":"2025-04-06T18:40:29.425Z"}
{"level":"info","message":"\u001b[0mOPTIONS /api/surgery/surgeries \u001b[32m204\u001b[0m 0.228 ms - 0\u001b[0m","timestamp":"2025-04-06T18:40:31.396Z"}
{"level":"info","message":"\u001b[0mGET /api/surgery/surgeries \u001b[32m200\u001b[0m 33.111 ms - 621\u001b[0m","timestamp":"2025-04-06T18:40:31.439Z"}
{"level":"info","message":"\u001b[0mGET /api/surgery/surgeries \u001b[32m200\u001b[0m 23.690 ms - 621\u001b[0m","timestamp":"2025-04-06T18:40:33.157Z"}
{"level":"info","message":"\u001b[0mOPTIONS /api/surgery/surgeries \u001b[32m204\u001b[0m 0.221 ms - 0\u001b[0m","timestamp":"2025-04-06T18:40:39.751Z"}
{"level":"info","message":"\u001b[0mGET /api/surgery/surgeries \u001b[32m200\u001b[0m 49.264 ms - 621\u001b[0m","timestamp":"2025-04-06T18:40:39.809Z"}
{"level":"info","message":"\u001b[0mGET /api/surgery/surgeries \u001b[32m200\u001b[0m 37.365 ms - 621\u001b[0m","timestamp":"2025-04-06T18:40:42.083Z"}
{"level":"info","message":"\u001b[0mGET /api/surgery/surgeries \u001b[32m200\u001b[0m 25.912 ms - 621\u001b[0m","timestamp":"2025-04-06T18:40:43.657Z"}
{"level":"info","message":"\u001b[0mGET /api/surgery/surgeries \u001b[32m200\u001b[0m 33.002 ms - 621\u001b[0m","timestamp":"2025-04-06T18:40:43.737Z"}
{"level":"info","message":"\u001b[0mOPTIONS /api/surgery/surgeries \u001b[32m204\u001b[0m 0.218 ms - 0\u001b[0m","timestamp":"2025-04-06T18:40:53.013Z"}
{"level":"info","message":"\u001b[0mGET /api/surgery/surgeries \u001b[32m200\u001b[0m 21.235 ms - 621\u001b[0m","timestamp":"2025-04-06T18:40:53.044Z"}
{"level":"info","message":"\u001b[0mGET /api/surgery/surgeries \u001b[32m200\u001b[0m 83.565 ms - 621\u001b[0m","timestamp":"2025-04-06T18:40:55.865Z"}
{"level":"info","message":"\u001b[0mGET /api/surgery/surgeries \u001b[32m200\u001b[0m 43.764 ms - 621\u001b[0m","timestamp":"2025-04-06T18:40:55.917Z"}
{"level":"info","message":"\u001b[0mOPTIONS /api/surgery/surgeries \u001b[32m204\u001b[0m 0.333 ms - 0\u001b[0m","timestamp":"2025-04-06T18:41:02.172Z"}
{"level":"info","message":"\u001b[0mGET /api/surgery/surgeries \u001b[32m200\u001b[0m 54.527 ms - 621\u001b[0m","timestamp":"2025-04-06T18:41:02.232Z"}
{"level":"info","message":"\u001b[0mOPTIONS /api/surgery/surgeries \u001b[32m204\u001b[0m 0.462 ms - 0\u001b[0m","timestamp":"2025-04-06T18:41:21.876Z"}
{"level":"info","message":"\u001b[0mOPTIONS /api/surgery/surgeries \u001b[32m204\u001b[0m 0.316 ms - 0\u001b[0m","timestamp":"2025-04-06T18:41:21.879Z"}
{"level":"info","message":"\u001b[0mGET /api/surgery/surgeries \u001b[32m200\u001b[0m 37.253 ms - 621\u001b[0m","timestamp":"2025-04-06T18:41:22.083Z"}
{"level":"info","message":"\u001b[0mGET /api/surgery/surgeries \u001b[32m200\u001b[0m 51.322 ms - 621\u001b[0m","timestamp":"2025-04-06T18:41:22.143Z"}
{"level":"info","message":"\u001b[0mOPTIONS /api/surgery/surgeries \u001b[32m204\u001b[0m 0.446 ms - 0\u001b[0m","timestamp":"2025-04-06T18:42:16.989Z"}
{"level":"info","message":"\u001b[0mGET /api/surgery/surgeries \u001b[32m200\u001b[0m 42.818 ms - 621\u001b[0m","timestamp":"2025-04-06T18:42:17.038Z"}
{"level":"info","message":"\u001b[0mOPTIONS /api/surgery/surgeries \u001b[32m204\u001b[0m 0.675 ms - 0\u001b[0m","timestamp":"2025-04-06T18:42:22.796Z"}
{"level":"info","message":"\u001b[0mGET /api/surgery/surgeries \u001b[32m200\u001b[0m 42.033 ms - 621\u001b[0m","timestamp":"2025-04-06T18:42:22.879Z"}
{"level":"info","message":"\u001b[0mGET /api/surgery/surgeries \u001b[32m200\u001b[0m 33.991 ms - 621\u001b[0m","timestamp":"2025-04-06T18:42:24.238Z"}
{"level":"info","message":"\u001b[0mGET /api/surgery/surgeries \u001b[32m200\u001b[0m 35.790 ms - 621\u001b[0m","timestamp":"2025-04-06T18:42:24.334Z"}
{"level":"info","message":"\u001b[0mOPTIONS /api/surgery/surgeries \u001b[32m204\u001b[0m 0.255 ms - 0\u001b[0m","timestamp":"2025-04-06T18:42:30.413Z"}
{"level":"info","message":"\u001b[0mGET /api/surgery/surgeries \u001b[32m200\u001b[0m 37.468 ms - 621\u001b[0m","timestamp":"2025-04-06T18:42:30.517Z"}
{"level":"info","message":"\u001b[0mGET /api/surgery/surgeries \u001b[32m200\u001b[0m 23.815 ms - 621\u001b[0m","timestamp":"2025-04-06T18:42:32.260Z"}
{"level":"info","message":"\u001b[0mGET /api/surgery/surgeries \u001b[32m200\u001b[0m 36.542 ms - 621\u001b[0m","timestamp":"2025-04-06T18:42:33.642Z"}
{"level":"info","message":"\u001b[0mOPTIONS /api/surgery/surgeries \u001b[32m204\u001b[0m 0.268 ms - 0\u001b[0m","timestamp":"2025-04-06T18:42:39.425Z"}
{"level":"info","message":"\u001b[0mGET /api/surgery/surgeries \u001b[32m200\u001b[0m 36.841 ms - 621\u001b[0m","timestamp":"2025-04-06T18:42:39.477Z"}
{"level":"info","message":"\u001b[0mGET /api/surgery/surgeries \u001b[32m200\u001b[0m 24.900 ms - 621\u001b[0m","timestamp":"2025-04-06T18:42:41.421Z"}
{"level":"info","message":"\u001b[0mGET /api/surgery/surgeries \u001b[32m200\u001b[0m 27.386 ms - 621\u001b[0m","timestamp":"2025-04-06T18:42:42.536Z"}
{"level":"info","message":"\u001b[0mGET /api/surgery/surgeries \u001b[32m200\u001b[0m 33.330 ms - 621\u001b[0m","timestamp":"2025-04-06T18:42:42.582Z"}
{"level":"info","message":"\u001b[0mOPTIONS /api/surgery/surgeries \u001b[32m204\u001b[0m 0.344 ms - 0\u001b[0m","timestamp":"2025-04-06T18:42:50.859Z"}
{"level":"info","message":"\u001b[0mGET /api/surgery/surgeries \u001b[32m200\u001b[0m 33.003 ms - 621\u001b[0m","timestamp":"2025-04-06T18:42:50.905Z"}
{"level":"info","message":"\u001b[0mGET /api/surgery/surgeries \u001b[32m200\u001b[0m 38.439 ms - 621\u001b[0m","timestamp":"2025-04-06T18:42:52.512Z"}
{"level":"info","message":"\u001b[0mGET /api/surgery/surgeries \u001b[32m200\u001b[0m 37.366 ms - 621\u001b[0m","timestamp":"2025-04-06T18:42:52.632Z"}
{"level":"info","message":"\u001b[0mOPTIONS /api/surgery/surgeries \u001b[32m204\u001b[0m 0.363 ms - 0\u001b[0m","timestamp":"2025-04-06T18:43:05.546Z"}
{"level":"info","message":"\u001b[0mOPTIONS /api/surgery/surgeries \u001b[32m204\u001b[0m 0.313 ms - 0\u001b[0m","timestamp":"2025-04-06T18:43:05.549Z"}
{"level":"info","message":"\u001b[0mGET /api/surgery/surgeries \u001b[32m200\u001b[0m 28.689 ms - 621\u001b[0m","timestamp":"2025-04-06T18:43:05.608Z"}
{"level":"info","message":"\u001b[0mGET /api/surgery/surgeries \u001b[32m200\u001b[0m 37.024 ms - 621\u001b[0m","timestamp":"2025-04-06T18:43:05.769Z"}
{"level":"info","message":"\u001b[0mOPTIONS /api/surgery/surgeries \u001b[32m204\u001b[0m 0.289 ms - 0\u001b[0m","timestamp":"2025-04-06T18:43:37.535Z"}
{"level":"info","message":"\u001b[0mGET /api/surgery/surgeries \u001b[32m200\u001b[0m 33.465 ms - 621\u001b[0m","timestamp":"2025-04-06T18:43:37.585Z"}
{"level":"info","message":"\u001b[0mGET /api/surgery/surgeries \u001b[32m200\u001b[0m 29.791 ms - 621\u001b[0m","timestamp":"2025-04-06T18:43:42.378Z"}
{"level":"info","message":"\u001b[0mGET /api/surgery/surgeries \u001b[32m200\u001b[0m 41.675 ms - 621\u001b[0m","timestamp":"2025-04-06T18:43:42.454Z"}
{"level":"info","message":"\u001b[0mOPTIONS /api/surgery/surgeries \u001b[32m204\u001b[0m 0.240 ms - 0\u001b[0m","timestamp":"2025-04-06T18:43:49.709Z"}
{"level":"info","message":"\u001b[0mGET /api/surgery/surgeries \u001b[32m200\u001b[0m 36.413 ms - 621\u001b[0m","timestamp":"2025-04-06T18:43:49.759Z"}
{"level":"info","message":"\u001b[0mGET /api/surgery/surgeries \u001b[32m200\u001b[0m 24.724 ms - 621\u001b[0m","timestamp":"2025-04-06T18:43:50.710Z"}
{"level":"info","message":"\u001b[0mGET /api/surgery/surgeries \u001b[32m200\u001b[0m 35.421 ms - 621\u001b[0m","timestamp":"2025-04-06T18:43:50.792Z"}
{"level":"info","message":"\u001b[0mOPTIONS /api/surgery/surgeries \u001b[32m204\u001b[0m 0.311 ms - 0\u001b[0m","timestamp":"2025-04-06T18:43:59.774Z"}
{"level":"info","message":"\u001b[0mGET /api/surgery/surgeries \u001b[32m200\u001b[0m 29.398 ms - 621\u001b[0m","timestamp":"2025-04-06T18:43:59.820Z"}
{"level":"info","message":"\u001b[0mGET /api/surgery/surgeries \u001b[32m200\u001b[0m 35.678 ms - 621\u001b[0m","timestamp":"2025-04-06T18:44:01.686Z"}
{"level":"info","message":"\u001b[0mGET /api/surgery/surgeries \u001b[32m200\u001b[0m 37.166 ms - 621\u001b[0m","timestamp":"2025-04-06T18:44:01.739Z"}
{"level":"info","message":"\u001b[0mOPTIONS /api/surgery/surgeries \u001b[32m204\u001b[0m 0.453 ms - 0\u001b[0m","timestamp":"2025-04-06T18:44:54.500Z"}
{"level":"info","message":"\u001b[0mOPTIONS /api/surgery/surgeries \u001b[32m204\u001b[0m 0.281 ms - 0\u001b[0m","timestamp":"2025-04-06T18:44:54.503Z"}
{"level":"info","message":"\u001b[0mGET /api/surgery/surgeries \u001b[32m200\u001b[0m 16.612 ms - 621\u001b[0m","timestamp":"2025-04-06T18:44:54.538Z"}
{"level":"info","message":"\u001b[0mGET /api/surgery/surgeries \u001b[32m200\u001b[0m 28.592 ms - 621\u001b[0m","timestamp":"2025-04-06T18:44:54.569Z"}
{"level":"info","message":"\u001b[0mGET /api/surgery/surgeries \u001b[32m200\u001b[0m 52.007 ms - 621\u001b[0m","timestamp":"2025-04-06T18:44:59.092Z"}
{"level":"info","message":"\u001b[0mOPTIONS /api/surgery/surgeries \u001b[32m204\u001b[0m 0.335 ms - 0\u001b[0m","timestamp":"2025-04-06T18:45:11.591Z"}
{"level":"info","message":"\u001b[0mGET /api/surgery/surgeries \u001b[32m200\u001b[0m 23.999 ms - 621\u001b[0m","timestamp":"2025-04-06T18:45:11.624Z"}
{"level":"info","message":"\u001b[0mOPTIONS /api/surgery/surgeries \u001b[32m204\u001b[0m 0.238 ms - 0\u001b[0m","timestamp":"2025-04-06T18:46:12.927Z"}
{"level":"info","message":"\u001b[0mGET /api/surgery/surgeries \u001b[32m200\u001b[0m 49.282 ms - 621\u001b[0m","timestamp":"2025-04-06T18:46:13.005Z"}
{"level":"info","message":"\u001b[0mOPTIONS /api/surgery/surgeries \u001b[32m204\u001b[0m 0.259 ms - 0\u001b[0m","timestamp":"2025-04-06T18:46:33.593Z"}
{"level":"info","message":"\u001b[0mGET /api/surgery/surgeries \u001b[32m200\u001b[0m 16.252 ms - 621\u001b[0m","timestamp":"2025-04-06T18:46:33.624Z"}
{"level":"info","message":"\u001b[0mOPTIONS /api/surgery/surgeries \u001b[32m204\u001b[0m 0.246 ms - 0\u001b[0m","timestamp":"2025-04-06T18:46:44.070Z"}
{"level":"info","message":"\u001b[0mGET /api/surgery/surgeries \u001b[32m200\u001b[0m 34.687 ms - 621\u001b[0m","timestamp":"2025-04-06T18:46:44.135Z"}
{"level":"info","message":"\u001b[0mOPTIONS /api/surgery/surgeries \u001b[32m204\u001b[0m 0.366 ms - 0\u001b[0m","timestamp":"2025-04-06T18:46:54.029Z"}
{"level":"info","message":"\u001b[0mGET /api/surgery/surgeries \u001b[32m200\u001b[0m 30.752 ms - 621\u001b[0m","timestamp":"2025-04-06T18:46:54.090Z"}
{"level":"info","message":"\u001b[0mGET /api/surgery/surgeries \u001b[32m200\u001b[0m 24.346 ms - 621\u001b[0m","timestamp":"2025-04-06T18:46:55.043Z"}
{"level":"info","message":"\u001b[0mGET /api/surgery/surgeries \u001b[32m200\u001b[0m 29.746 ms - 621\u001b[0m","timestamp":"2025-04-06T18:46:56.601Z"}
{"level":"info","message":"\u001b[0mOPTIONS /api/surgery/surgeries \u001b[32m204\u001b[0m 0.437 ms - 0\u001b[0m","timestamp":"2025-04-06T18:47:28.852Z"}
{"level":"info","message":"\u001b[0mGET /api/surgery/surgeries \u001b[32m200\u001b[0m 33.302 ms - 621\u001b[0m","timestamp":"2025-04-06T18:47:28.901Z"}
{"level":"info","message":"\u001b[0mGET /api/surgery/surgeries \u001b[32m200\u001b[0m 36.819 ms - 621\u001b[0m","timestamp":"2025-04-06T18:47:31.558Z"}
{"level":"info","message":"\u001b[0mGET /api/surgery/surgeries \u001b[32m200\u001b[0m 37.204 ms - 621\u001b[0m","timestamp":"2025-04-06T18:47:32.755Z"}
{"level":"info","message":"\u001b[0mOPTIONS /api/surgery/surgeries \u001b[32m204\u001b[0m 0.323 ms - 0\u001b[0m","timestamp":"2025-04-06T18:47:52.163Z"}
{"level":"info","message":"\u001b[0mGET /api/surgery/surgeries \u001b[32m200\u001b[0m 44.618 ms - 621\u001b[0m","timestamp":"2025-04-06T18:47:52.250Z"}
{"level":"info","message":"\u001b[0mOPTIONS /api/surgery/surgeries \u001b[32m204\u001b[0m 0.257 ms - 0\u001b[0m","timestamp":"2025-04-06T18:48:13.801Z"}
{"level":"info","message":"\u001b[0mGET /api/surgery/surgeries \u001b[32m200\u001b[0m 38.943 ms - 621\u001b[0m","timestamp":"2025-04-06T18:48:13.904Z"}
{"level":"info","message":"\u001b[0mOPTIONS /api/surgery/surgeries \u001b[32m204\u001b[0m 0.305 ms - 0\u001b[0m","timestamp":"2025-04-06T18:48:38.086Z"}
{"level":"info","message":"\u001b[0mOPTIONS /api/surgery/surgeries \u001b[32m204\u001b[0m 0.280 ms - 0\u001b[0m","timestamp":"2025-04-06T18:48:38.168Z"}
{"level":"info","message":"\u001b[0mGET /api/surgery/surgeries \u001b[32m200\u001b[0m 24.393 ms - 621\u001b[0m","timestamp":"2025-04-06T18:48:38.209Z"}
{"level":"info","message":"\u001b[0mGET /api/surgery/surgeries \u001b[32m200\u001b[0m 42.845 ms - 621\u001b[0m","timestamp":"2025-04-06T18:48:38.266Z"}
{"level":"info","message":"\u001b[0mOPTIONS /api/surgery/surgeries \u001b[32m204\u001b[0m 0.350 ms - 0\u001b[0m","timestamp":"2025-04-06T18:48:50.496Z"}
{"level":"info","message":"\u001b[0mOPTIONS /api/surgery/surgeries \u001b[32m204\u001b[0m 0.317 ms - 0\u001b[0m","timestamp":"2025-04-06T18:48:50.498Z"}
{"level":"info","message":"\u001b[0mGET /api/surgery/surgeries \u001b[32m200\u001b[0m 24.732 ms - 621\u001b[0m","timestamp":"2025-04-06T18:48:50.621Z"}
{"level":"info","message":"\u001b[0mGET /api/surgery/surgeries \u001b[32m200\u001b[0m 42.673 ms - 621\u001b[0m","timestamp":"2025-04-06T18:48:50.776Z"}
{"level":"info","message":"\u001b[0mGET /api/surgery/surgeries \u001b[32m200\u001b[0m 22.277 ms - 621\u001b[0m","timestamp":"2025-04-06T18:48:53.100Z"}
{"level":"info","message":"\u001b[0mGET /api/surgery/surgeries \u001b[32m200\u001b[0m 50.696 ms - 621\u001b[0m","timestamp":"2025-04-06T18:48:53.220Z"}
{"level":"info","message":"\u001b[0mOPTIONS /api/surgery/surgeries \u001b[32m204\u001b[0m 0.277 ms - 0\u001b[0m","timestamp":"2025-04-06T18:49:06.532Z"}
{"level":"info","message":"\u001b[0mOPTIONS /api/surgery/surgeries \u001b[32m204\u001b[0m 0.362 ms - 0\u001b[0m","timestamp":"2025-04-06T18:49:06.538Z"}
{"level":"info","message":"\u001b[0mGET /api/surgery/surgeries \u001b[32m200\u001b[0m 33.093 ms - 621\u001b[0m","timestamp":"2025-04-06T18:49:06.592Z"}
{"level":"info","message":"\u001b[0mGET /api/surgery/surgeries \u001b[32m200\u001b[0m 27.338 ms - 621\u001b[0m","timestamp":"2025-04-06T18:49:06.658Z"}
{"level":"info","message":"\u001b[0mGET /api/surgery/surgeries \u001b[32m200\u001b[0m 24.197 ms - 621\u001b[0m","timestamp":"2025-04-06T18:49:07.290Z"}
{"level":"info","message":"\u001b[0mGET /api/surgery/surgeries \u001b[32m200\u001b[0m 32.252 ms - 621\u001b[0m","timestamp":"2025-04-06T18:49:07.327Z"}
{"level":"info","message":"\u001b[0mGET /api/surgery/surgeries \u001b[32m200\u001b[0m 38.191 ms - 621\u001b[0m","timestamp":"2025-04-06T18:49:10.069Z"}
{"level":"info","message":"\u001b[0mGET /api/surgery/surgeries \u001b[32m200\u001b[0m 29.720 ms - 621\u001b[0m","timestamp":"2025-04-06T18:49:10.195Z"}
{"level":"info","message":"\u001b[0mOPTIONS /api/surgery/surgeries \u001b[32m204\u001b[0m 0.346 ms - 0\u001b[0m","timestamp":"2025-04-06T18:49:13.742Z"}
{"level":"info","message":"\u001b[0mOPTIONS /api/surgery/surgeries \u001b[32m204\u001b[0m 0.294 ms - 0\u001b[0m","timestamp":"2025-04-06T18:49:13.746Z"}
{"level":"info","message":"\u001b[0mGET /api/surgery/surgeries \u001b[32m200\u001b[0m 35.952 ms - 621\u001b[0m","timestamp":"2025-04-06T18:49:13.862Z"}
{"level":"info","message":"\u001b[0mGET /api/surgery/surgeries \u001b[32m200\u001b[0m 37.226 ms - 621\u001b[0m","timestamp":"2025-04-06T18:49:13.939Z"}
{"level":"info","message":"\u001b[0mOPTIONS /api/surgery/surgeries \u001b[32m204\u001b[0m 0.387 ms - 0\u001b[0m","timestamp":"2025-04-06T18:49:44.471Z"}
{"level":"info","message":"\u001b[0mOPTIONS /api/surgery/surgeries \u001b[32m204\u001b[0m 0.368 ms - 0\u001b[0m","timestamp":"2025-04-06T18:49:44.479Z"}
{"level":"info","message":"\u001b[0mGET /api/surgery/surgeries \u001b[32m200\u001b[0m 43.658 ms - 621\u001b[0m","timestamp":"2025-04-06T18:49:44.529Z"}
{"level":"info","message":"\u001b[0mGET /api/surgery/surgeries \u001b[32m200\u001b[0m 41.109 ms - 621\u001b[0m","timestamp":"2025-04-06T18:49:44.597Z"}
{"level":"info","message":"\u001b[0mOPTIONS /api/surgery/surgeries \u001b[32m204\u001b[0m 0.331 ms - 0\u001b[0m","timestamp":"2025-04-06T18:49:57.518Z"}
{"level":"info","message":"\u001b[0mGET /api/surgery/surgeries \u001b[32m200\u001b[0m 42.920 ms - 621\u001b[0m","timestamp":"2025-04-06T18:49:57.573Z"}
{"level":"info","message":"\u001b[0mOPTIONS /api/surgery/surgeries \u001b[32m204\u001b[0m 0.249 ms - 0\u001b[0m","timestamp":"2025-04-06T18:50:07.363Z"}
{"level":"info","message":"\u001b[0mGET /api/surgery/surgeries \u001b[32m200\u001b[0m 14.610 ms - 621\u001b[0m","timestamp":"2025-04-06T18:50:07.388Z"}
{"level":"info","message":"\u001b[0mOPTIONS /api/surgery/surgeries \u001b[32m204\u001b[0m 0.288 ms - 0\u001b[0m","timestamp":"2025-04-06T18:50:18.869Z"}
{"level":"info","message":"\u001b[0mGET /api/surgery/surgeries \u001b[32m200\u001b[0m 54.728 ms - 621\u001b[0m","timestamp":"2025-04-06T18:50:18.936Z"}
{"level":"info","message":"\u001b[0mOPTIONS /api/surgery/surgeries \u001b[32m204\u001b[0m 0.205 ms - 0\u001b[0m","timestamp":"2025-04-06T18:50:28.045Z"}
{"level":"info","message":"\u001b[0mGET /api/surgery/surgeries \u001b[32m200\u001b[0m 23.165 ms - 621\u001b[0m","timestamp":"2025-04-06T18:50:28.079Z"}
{"level":"info","message":"\u001b[0mGET /api/surgery/surgeries \u001b[32m200\u001b[0m 18.164 ms - 621\u001b[0m","timestamp":"2025-04-06T18:50:29.823Z"}
{"level":"info","message":"\u001b[0mGET /api/surgery/surgeries \u001b[32m200\u001b[0m 20.923 ms - 621\u001b[0m","timestamp":"2025-04-06T18:50:32.050Z"}
{"level":"info","message":"\u001b[0mOPTIONS /api/surgery/surgeries \u001b[32m204\u001b[0m 0.258 ms - 0\u001b[0m","timestamp":"2025-04-06T18:50:33.656Z"}
{"level":"info","message":"\u001b[0mGET /api/surgery/surgeries \u001b[32m200\u001b[0m 24.348 ms - 621\u001b[0m","timestamp":"2025-04-06T18:50:33.687Z"}
{"level":"info","message":"\u001b[0mOPTIONS /api/surgery/surgeries \u001b[32m204\u001b[0m 0.249 ms - 0\u001b[0m","timestamp":"2025-04-06T18:51:11.539Z"}
{"level":"info","message":"\u001b[0mGET /api/surgery/surgeries \u001b[32m200\u001b[0m 52.707 ms - 621\u001b[0m","timestamp":"2025-04-06T18:51:11.605Z"}
{"level":"info","message":"\u001b[0mGET /api/surgery/surgeries \u001b[32m200\u001b[0m 19.349 ms - 621\u001b[0m","timestamp":"2025-04-06T18:51:16.558Z"}
{"level":"info","message":"\u001b[0mOPTIONS /api/surgery/surgeries \u001b[32m204\u001b[0m 0.799 ms - 0\u001b[0m","timestamp":"2025-04-06T18:51:38.607Z"}
{"level":"info","message":"\u001b[0mOPTIONS /api/surgery/surgeries \u001b[32m204\u001b[0m 0.331 ms - 0\u001b[0m","timestamp":"2025-04-06T18:51:38.614Z"}
{"level":"info","message":"\u001b[0mGET /api/surgery/surgeries \u001b[32m200\u001b[0m 37.969 ms - 621\u001b[0m","timestamp":"2025-04-06T18:51:38.839Z"}
{"level":"info","message":"\u001b[0mGET /api/surgery/surgeries \u001b[32m200\u001b[0m 36.292 ms - 621\u001b[0m","timestamp":"2025-04-06T18:51:38.983Z"}
{"level":"info","message":"\u001b[0mOPTIONS /api/surgery/surgeries \u001b[32m204\u001b[0m 0.455 ms - 0\u001b[0m","timestamp":"2025-04-06T18:52:16.729Z"}
{"level":"info","message":"\u001b[0mOPTIONS /api/surgery/surgeries \u001b[32m204\u001b[0m 0.293 ms - 0\u001b[0m","timestamp":"2025-04-06T18:52:16.823Z"}
{"level":"info","message":"\u001b[0mGET /api/surgery/surgeries \u001b[32m200\u001b[0m 46.862 ms - 621\u001b[0m","timestamp":"2025-04-06T18:52:16.943Z"}
{"level":"info","message":"\u001b[0mGET /api/surgery/surgeries \u001b[32m200\u001b[0m 32.760 ms - 621\u001b[0m","timestamp":"2025-04-06T18:52:17.010Z"}
{"level":"info","message":"\u001b[0mOPTIONS /api/surgery/surgeries \u001b[32m204\u001b[0m 0.228 ms - 0\u001b[0m","timestamp":"2025-04-06T18:52:35.322Z"}
{"level":"info","message":"\u001b[0mGET /api/surgery/surgeries \u001b[32m200\u001b[0m 30.672 ms - 621\u001b[0m","timestamp":"2025-04-06T18:52:35.362Z"}
{"level":"info","message":"\u001b[0mOPTIONS /api/surgery/surgeries \u001b[32m204\u001b[0m 0.289 ms - 0\u001b[0m","timestamp":"2025-04-06T18:52:49.580Z"}
{"level":"info","message":"\u001b[0mGET /api/surgery/surgeries \u001b[32m200\u001b[0m 16.952 ms - 621\u001b[0m","timestamp":"2025-04-06T18:52:49.612Z"}
{"level":"info","message":"\u001b[0mOPTIONS /api/surgery/surgeries \u001b[32m204\u001b[0m 0.295 ms - 0\u001b[0m","timestamp":"2025-04-06T19:17:14.932Z"}
{"level":"info","message":"\u001b[0mOPTIONS /api/surgery/surgeries \u001b[32m204\u001b[0m 0.258 ms - 0\u001b[0m","timestamp":"2025-04-06T19:17:14.949Z"}
{"level":"info","message":"\u001b[0mGET /api/surgery/surgeries \u001b[32m200\u001b[0m 45.955 ms - 621\u001b[0m","timestamp":"2025-04-06T19:17:15.196Z"}
{"level":"info","message":"\u001b[0mGET /api/surgery/surgeries \u001b[32m200\u001b[0m 28.561 ms - 621\u001b[0m","timestamp":"2025-04-06T19:17:15.323Z"}
{"level":"info","message":"\u001b[0mOPTIONS /api/surgery/surgeries \u001b[32m204\u001b[0m 0.384 ms - 0\u001b[0m","timestamp":"2025-04-06T19:17:25.121Z"}
{"level":"info","message":"\u001b[0mGET /api/surgery/surgeries \u001b[32m200\u001b[0m 21.473 ms - 621\u001b[0m","timestamp":"2025-04-06T19:17:25.157Z"}
{"level":"info","message":"\u001b[0mOPTIONS /api/surgery/surgeries \u001b[32m204\u001b[0m 0.241 ms - 0\u001b[0m","timestamp":"2025-04-06T19:17:57.406Z"}
{"level":"info","message":"\u001b[0mGET /api/surgery/surgeries \u001b[32m200\u001b[0m 33.832 ms - 621\u001b[0m","timestamp":"2025-04-06T19:17:57.453Z"}
{"level":"info","message":"\u001b[0mOPTIONS /api/surgery/surgeries \u001b[32m204\u001b[0m 0.313 ms - 0\u001b[0m","timestamp":"2025-04-06T19:18:03.765Z"}
{"level":"info","message":"\u001b[0mGET /api/surgery/surgeries \u001b[32m200\u001b[0m 25.398 ms - 621\u001b[0m","timestamp":"2025-04-06T19:18:03.821Z"}
{"level":"info","message":"\u001b[0mOPTIONS /api/surgery/surgeries \u001b[32m204\u001b[0m 0.301 ms - 0\u001b[0m","timestamp":"2025-04-06T19:18:12.295Z"}
{"level":"info","message":"\u001b[0mGET /api/surgery/surgeries \u001b[32m200\u001b[0m 41.871 ms - 621\u001b[0m","timestamp":"2025-04-06T19:18:12.378Z"}
{"level":"info","message":"\u001b[0mOPTIONS /api/surgery/surgeries \u001b[32m204\u001b[0m 0.368 ms - 0\u001b[0m","timestamp":"2025-04-06T19:19:12.858Z"}
{"level":"info","message":"\u001b[0mOPTIONS /api/surgery/surgeries \u001b[32m204\u001b[0m 0.277 ms - 0\u001b[0m","timestamp":"2025-04-06T19:19:12.862Z"}
{"level":"info","message":"\u001b[0mGET /api/surgery/surgeries \u001b[32m200\u001b[0m 35.943 ms - 621\u001b[0m","timestamp":"2025-04-06T19:19:12.966Z"}
{"level":"info","message":"\u001b[0mGET /api/surgery/surgeries \u001b[32m200\u001b[0m 35.849 ms - 621\u001b[0m","timestamp":"2025-04-06T19:19:13.045Z"}
{"level":"info","message":"\u001b[0mOPTIONS /api/surgery/surgeries \u001b[32m204\u001b[0m 0.243 ms - 0\u001b[0m","timestamp":"2025-04-06T19:19:35.426Z"}
{"level":"info","message":"\u001b[0mGET /api/surgery/surgeries \u001b[32m200\u001b[0m 29.238 ms - 621\u001b[0m","timestamp":"2025-04-06T19:19:35.475Z"}
{"level":"info","message":"\u001b[0mOPTIONS /api/surgery/surgeries \u001b[32m204\u001b[0m 0.445 ms - 0\u001b[0m","timestamp":"2025-04-06T19:19:40.683Z"}
{"level":"info","message":"\u001b[0mGET /api/surgery/surgeries \u001b[32m200\u001b[0m 14.475 ms - 621\u001b[0m","timestamp":"2025-04-06T19:19:40.711Z"}
{"level":"info","message":"\u001b[0mGET /api/surgery/surgeries \u001b[32m200\u001b[0m 28.172 ms - 621\u001b[0m","timestamp":"2025-04-06T19:19:44.659Z"}
{"level":"info","message":"\u001b[0mOPTIONS /api/surgery/surgeries \u001b[32m204\u001b[0m 0.314 ms - 0\u001b[0m","timestamp":"2025-04-06T19:19:49.012Z"}
{"level":"info","message":"\u001b[0mGET /api/surgery/surgeries \u001b[32m200\u001b[0m 20.034 ms - 621\u001b[0m","timestamp":"2025-04-06T19:19:49.052Z"}
{"level":"info","message":"\u001b[0mOPTIONS /api/surgery/surgeries \u001b[32m204\u001b[0m 0.264 ms - 0\u001b[0m","timestamp":"2025-04-06T19:19:57.740Z"}
{"level":"info","message":"\u001b[0mGET /api/surgery/surgeries \u001b[32m200\u001b[0m 37.980 ms - 621\u001b[0m","timestamp":"2025-04-06T19:19:57.795Z"}
{"level":"info","message":"\u001b[0mOPTIONS /api/surgery/surgeries \u001b[32m204\u001b[0m 0.264 ms - 0\u001b[0m","timestamp":"2025-04-06T19:20:12.092Z"}
{"level":"info","message":"\u001b[0mGET /api/surgery/surgeries \u001b[32m200\u001b[0m 25.652 ms - 621\u001b[0m","timestamp":"2025-04-06T19:20:12.129Z"}
{"level":"info","message":"\u001b[0mOPTIONS /api/surgery/surgeries \u001b[32m204\u001b[0m 0.235 ms - 0\u001b[0m","timestamp":"2025-04-06T19:20:20.210Z"}
{"level":"info","message":"\u001b[0mGET /api/surgery/surgeries \u001b[32m200\u001b[0m 13.166 ms - 621\u001b[0m","timestamp":"2025-04-06T19:20:20.268Z"}
{"level":"info","message":"\u001b[0mOPTIONS /api/surgery/surgeries \u001b[32m204\u001b[0m 0.298 ms - 0\u001b[0m","timestamp":"2025-04-06T19:20:27.206Z"}
{"level":"info","message":"\u001b[0mGET /api/surgery/surgeries \u001b[32m200\u001b[0m 24.308 ms - 621\u001b[0m","timestamp":"2025-04-06T19:20:27.250Z"}
{"level":"info","message":"\u001b[0mOPTIONS /api/surgery/surgeries \u001b[32m204\u001b[0m 0.249 ms - 0\u001b[0m","timestamp":"2025-04-06T19:20:45.932Z"}
{"level":"info","message":"\u001b[0mGET /api/surgery/surgeries \u001b[32m200\u001b[0m 27.097 ms - 621\u001b[0m","timestamp":"2025-04-06T19:20:45.973Z"}
{"level":"info","message":"\u001b[0mGET /api/surgery/surgeries \u001b[32m200\u001b[0m 25.133 ms - 621\u001b[0m","timestamp":"2025-04-06T19:20:49.559Z"}
{"level":"info","message":"\u001b[0mOPTIONS /api/surgery/surgeries \u001b[32m204\u001b[0m 0.704 ms - 0\u001b[0m","timestamp":"2025-04-06T19:20:53.212Z"}
{"level":"info","message":"\u001b[0mGET /api/surgery/surgeries \u001b[32m200\u001b[0m 32.219 ms - 621\u001b[0m","timestamp":"2025-04-06T19:20:53.251Z"}
{"level":"info","message":"\u001b[0mOPTIONS /api/surgery/surgeries \u001b[32m204\u001b[0m 1.205 ms - 0\u001b[0m","timestamp":"2025-04-06T19:21:03.931Z"}
{"level":"info","message":"\u001b[0mGET /api/surgery/surgeries \u001b[32m200\u001b[0m 33.498 ms - 621\u001b[0m","timestamp":"2025-04-06T19:21:03.978Z"}
{"level":"info","message":"\u001b[0mGET /api/surgery/surgeries \u001b[32m200\u001b[0m 17.131 ms - 621\u001b[0m","timestamp":"2025-04-06T19:21:07.318Z"}
{"level":"info","message":"\u001b[0mOPTIONS /api/surgery/surgeries \u001b[32m204\u001b[0m 0.535 ms - 0\u001b[0m","timestamp":"2025-04-06T19:21:11.477Z"}
{"level":"info","message":"\u001b[0mGET /api/surgery/surgeries \u001b[32m200\u001b[0m 30.644 ms - 621\u001b[0m","timestamp":"2025-04-06T19:21:11.517Z"}
{"level":"info","message":"\u001b[0mGET /api/surgery/surgeries \u001b[32m200\u001b[0m 23.917 ms - 621\u001b[0m","timestamp":"2025-04-06T19:21:14.171Z"}
{"level":"info","message":"\u001b[0mOPTIONS /api/surgery/surgeries \u001b[32m204\u001b[0m 0.176 ms - 0\u001b[0m","timestamp":"2025-04-06T19:21:21.159Z"}
{"level":"info","message":"\u001b[0mGET /api/surgery/surgeries \u001b[32m200\u001b[0m 17.611 ms - 621\u001b[0m","timestamp":"2025-04-06T19:21:21.195Z"}
{"level":"info","message":"\u001b[0mOPTIONS /api/surgery/surgeries \u001b[32m204\u001b[0m 0.375 ms - 0\u001b[0m","timestamp":"2025-04-06T19:21:28.476Z"}
{"level":"info","message":"\u001b[0mGET /api/surgery/surgeries \u001b[32m200\u001b[0m 16.348 ms - 621\u001b[0m","timestamp":"2025-04-06T19:21:28.511Z"}
{"level":"info","message":"Connected to MySQL database","timestamp":"2025-04-06T21:08:49.363Z"}
{"level":"info","message":"Connected to MongoDB database successfully","timestamp":"2025-04-06T21:08:49.763Z"}
{"level":"info","message":"Cron jobs initialized","timestamp":"2025-04-06T21:08:50.084Z"}
{"level":"info","message":"app listening on port: 4000","timestamp":"2025-04-06T21:08:50.102Z"}
{"level":"info","message":"\u001b[0mOPTIONS /api/surgery/surgeries \u001b[32m204\u001b[0m 3.023 ms - 0\u001b[0m","timestamp":"2025-04-06T21:09:21.373Z"}
{"level":"info","message":"\u001b[0mOPTIONS /api/surgery/surgeries \u001b[32m204\u001b[0m 0.731 ms - 0\u001b[0m","timestamp":"2025-04-06T21:09:21.382Z"}
{"level":"info","message":"\u001b[0mGET /api/surgery/surgeries \u001b[32m200\u001b[0m 221.478 ms - 438\u001b[0m","timestamp":"2025-04-06T21:09:21.629Z"}
{"level":"info","message":"\u001b[0mGET /api/surgery/surgeries \u001b[36m304\u001b[0m 100.648 ms - -\u001b[0m","timestamp":"2025-04-06T21:09:21.733Z"}
{"level":"info","message":"\u001b[0mOPTIONS /api/surgery/surgeries \u001b[32m204\u001b[0m 0.479 ms - 0\u001b[0m","timestamp":"2025-04-06T21:10:51.908Z"}
{"level":"info","message":"\u001b[0mOPTIONS /api/surgery/surgeries \u001b[32m204\u001b[0m 1.314 ms - 0\u001b[0m","timestamp":"2025-04-06T21:10:51.913Z"}
{"level":"info","message":"\u001b[0mGET /api/surgery/surgeries \u001b[36m304\u001b[0m 46.090 ms - -\u001b[0m","timestamp":"2025-04-06T21:10:51.971Z"}
{"level":"info","message":"\u001b[0mGET /api/surgery/surgeries \u001b[36m304\u001b[0m 54.642 ms - -\u001b[0m","timestamp":"2025-04-06T21:10:52.043Z"}
{"level":"info","message":"\u001b[0mOPTIONS /api/surgery/surgeries \u001b[32m204\u001b[0m 0.348 ms - 0\u001b[0m","timestamp":"2025-04-06T21:11:32.357Z"}
{"level":"info","message":"\u001b[0mOPTIONS /api/surgery/surgeries \u001b[32m204\u001b[0m 0.366 ms - 0\u001b[0m","timestamp":"2025-04-06T21:11:32.364Z"}
{"level":"info","message":"\u001b[0mGET /api/surgery/surgeries \u001b[36m304\u001b[0m 49.902 ms - -\u001b[0m","timestamp":"2025-04-06T21:11:32.426Z"}
{"level":"info","message":"\u001b[0mGET /api/surgery/surgeries \u001b[36m304\u001b[0m 57.568 ms - -\u001b[0m","timestamp":"2025-04-06T21:11:32.497Z"}
{"level":"info","message":"\u001b[0mOPTIONS /api/surgery/surgeries \u001b[32m204\u001b[0m 0.417 ms - 0\u001b[0m","timestamp":"2025-04-06T21:11:55.462Z"}
{"level":"info","message":"\u001b[0mOPTIONS /api/surgery/surgeries \u001b[32m204\u001b[0m 0.346 ms - 0\u001b[0m","timestamp":"2025-04-06T21:11:55.465Z"}
{"level":"info","message":"\u001b[0mGET /api/surgery/surgeries \u001b[36m304\u001b[0m 37.430 ms - -\u001b[0m","timestamp":"2025-04-06T21:11:55.536Z"}
{"level":"info","message":"\u001b[0mGET /api/surgery/surgeries \u001b[36m304\u001b[0m 44.168 ms - -\u001b[0m","timestamp":"2025-04-06T21:11:55.606Z"}
{"level":"info","message":"\u001b[0mOPTIONS /api/surgery/surgeries \u001b[32m204\u001b[0m 0.418 ms - 0\u001b[0m","timestamp":"2025-04-06T21:12:13.309Z"}
{"level":"info","message":"\u001b[0mGET /api/surgery/surgeries \u001b[36m304\u001b[0m 19.783 ms - -\u001b[0m","timestamp":"2025-04-06T21:12:13.339Z"}
{"level":"info","message":"\u001b[0mGET /api/surgery/surgeries \u001b[36m304\u001b[0m 24.393 ms - -\u001b[0m","timestamp":"2025-04-06T21:12:16.283Z"}
{"level":"info","message":"\u001b[0mOPTIONS /api/surgery/surgeries \u001b[32m204\u001b[0m 0.476 ms - 0\u001b[0m","timestamp":"2025-04-06T21:12:23.700Z"}
{"level":"info","message":"\u001b[0mGET /api/surgery/surgeries \u001b[36m304\u001b[0m 33.356 ms - -\u001b[0m","timestamp":"2025-04-06T21:12:23.743Z"}
{"level":"info","message":"\u001b[0mGET /api/surgery/surgeries \u001b[36m304\u001b[0m 20.163 ms - -\u001b[0m","timestamp":"2025-04-06T21:12:25.266Z"}
{"level":"info","message":"\u001b[0mGET /api/surgery/surgeries \u001b[36m304\u001b[0m 15.339 ms - -\u001b[0m","timestamp":"2025-04-06T21:12:27.248Z"}
{"level":"info","message":"\u001b[0mOPTIONS /api/surgery/surgeries \u001b[32m204\u001b[0m 0.422 ms - 0\u001b[0m","timestamp":"2025-04-06T21:13:17.349Z"}
{"level":"info","message":"\u001b[0mOPTIONS /api/surgery/surgeries \u001b[32m204\u001b[0m 0.261 ms - 0\u001b[0m","timestamp":"2025-04-06T21:13:17.353Z"}
{"level":"info","message":"\u001b[0mGET /api/surgery/surgeries \u001b[36m304\u001b[0m 39.620 ms - -\u001b[0m","timestamp":"2025-04-06T21:13:17.401Z"}
{"level":"info","message":"\u001b[0mGET /api/surgery/surgeries \u001b[36m304\u001b[0m 42.901 ms - -\u001b[0m","timestamp":"2025-04-06T21:13:17.453Z"}
{"level":"info","message":"\u001b[0mOPTIONS /api/surgery/surgeries \u001b[32m204\u001b[0m 0.301 ms - 0\u001b[0m","timestamp":"2025-04-06T21:13:39.617Z"}
{"level":"info","message":"\u001b[0mGET /api/surgery/surgeries \u001b[36m304\u001b[0m 28.015 ms - -\u001b[0m","timestamp":"2025-04-06T21:13:39.671Z"}
{"level":"info","message":"\u001b[0mOPTIONS /api/surgery/surgeries \u001b[32m204\u001b[0m 0.279 ms - 0\u001b[0m","timestamp":"2025-04-06T21:13:53.244Z"}
{"level":"info","message":"\u001b[0mGET /api/surgery/surgeries \u001b[36m304\u001b[0m 20.462 ms - -\u001b[0m","timestamp":"2025-04-06T21:13:53.273Z"}
{"level":"info","message":"\u001b[0mOPTIONS /api/surgery/surgeries \u001b[32m204\u001b[0m 0.326 ms - 0\u001b[0m","timestamp":"2025-04-06T21:14:13.445Z"}
{"level":"info","message":"\u001b[0mGET /api/surgery/surgeries \u001b[36m304\u001b[0m 28.427 ms - -\u001b[0m","timestamp":"2025-04-06T21:14:13.490Z"}
{"level":"info","message":"\u001b[0mOPTIONS /api/surgery/surgeries \u001b[32m204\u001b[0m 0.394 ms - 0\u001b[0m","timestamp":"2025-04-06T21:14:50.226Z"}
{"level":"info","message":"\u001b[0mOPTIONS /api/surgery/surgeries \u001b[32m204\u001b[0m 0.339 ms - 0\u001b[0m","timestamp":"2025-04-06T21:14:50.229Z"}
{"level":"info","message":"\u001b[0mGET /api/surgery/surgeries \u001b[36m304\u001b[0m 25.082 ms - -\u001b[0m","timestamp":"2025-04-06T21:14:50.267Z"}
{"level":"info","message":"\u001b[0mGET /api/surgery/surgeries \u001b[36m304\u001b[0m 40.198 ms - -\u001b[0m","timestamp":"2025-04-06T21:14:50.314Z"}
{"level":"info","message":"\u001b[0mOPTIONS /api/surgery/surgeries \u001b[32m204\u001b[0m 0.245 ms - 0\u001b[0m","timestamp":"2025-04-06T21:14:59.227Z"}
{"level":"info","message":"\u001b[0mGET /api/surgery/surgeries \u001b[36m304\u001b[0m 35.914 ms - -\u001b[0m","timestamp":"2025-04-06T21:14:59.294Z"}
{"level":"info","message":"\u001b[0mOPTIONS /api/surgery/surgeries \u001b[32m204\u001b[0m 0.300 ms - 0\u001b[0m","timestamp":"2025-04-06T21:15:28.581Z"}
{"level":"info","message":"\u001b[0mGET /api/surgery/surgeries \u001b[36m304\u001b[0m 28.016 ms - -\u001b[0m","timestamp":"2025-04-06T21:15:28.631Z"}
{"level":"info","message":"\u001b[0mOPTIONS /api/surgery/surgeries \u001b[32m204\u001b[0m 0.240 ms - 0\u001b[0m","timestamp":"2025-04-06T21:16:56.420Z"}
{"level":"info","message":"\u001b[0mGET /api/surgery/surgeries \u001b[36m304\u001b[0m 63.867 ms - -\u001b[0m","timestamp":"2025-04-06T21:16:56.547Z"}
{"level":"info","message":"\u001b[0mOPTIONS /api/surgery/surgeries \u001b[32m204\u001b[0m 0.230 ms - 0\u001b[0m","timestamp":"2025-04-06T21:17:10.151Z"}
{"level":"info","message":"\u001b[0mGET /api/surgery/surgeries \u001b[36m304\u001b[0m 24.937 ms - -\u001b[0m","timestamp":"2025-04-06T21:17:10.188Z"}
{"level":"info","message":"\u001b[0mOPTIONS /api/surgery/surgeries \u001b[32m204\u001b[0m 0.255 ms - 0\u001b[0m","timestamp":"2025-04-06T21:17:19.276Z"}
{"level":"info","message":"\u001b[0mGET /api/surgery/surgeries \u001b[36m304\u001b[0m 35.419 ms - -\u001b[0m","timestamp":"2025-04-06T21:17:19.319Z"}
{"level":"info","message":"\u001b[0mOPTIONS /api/surgery/surgeries \u001b[32m204\u001b[0m 0.307 ms - 0\u001b[0m","timestamp":"2025-04-06T21:17:30.035Z"}
{"level":"info","message":"\u001b[0mGET /api/surgery/surgeries \u001b[36m304\u001b[0m 31.667 ms - -\u001b[0m","timestamp":"2025-04-06T21:17:30.089Z"}
{"level":"info","message":"\u001b[0mOPTIONS /api/surgery/surgeries \u001b[32m204\u001b[0m 0.255 ms - 0\u001b[0m","timestamp":"2025-04-06T21:17:38.261Z"}
{"level":"info","message":"\u001b[0mGET /api/surgery/surgeries \u001b[36m304\u001b[0m 19.231 ms - -\u001b[0m","timestamp":"2025-04-06T21:17:38.290Z"}
{"level":"info","message":"\u001b[0mOPTIONS /api/surgery/surgeries \u001b[32m204\u001b[0m 0.251 ms - 0\u001b[0m","timestamp":"2025-04-06T21:20:18.410Z"}
{"level":"info","message":"\u001b[0mOPTIONS /api/surgery/surgeries \u001b[32m204\u001b[0m 0.272 ms - 0\u001b[0m","timestamp":"2025-04-06T21:20:18.425Z"}
{"level":"info","message":"\u001b[0mGET /api/surgery/surgeries \u001b[36m304\u001b[0m 36.452 ms - -\u001b[0m","timestamp":"2025-04-06T21:20:18.481Z"}
{"level":"info","message":"\u001b[0mGET /api/surgery/surgeries \u001b[36m304\u001b[0m 69.485 ms - -\u001b[0m","timestamp":"2025-04-06T21:20:18.554Z"}
{"level":"info","message":"\u001b[0mOPTIONS /api/surgery/get-surgery/26 \u001b[32m204\u001b[0m 0.275 ms - 0\u001b[0m","timestamp":"2025-04-06T21:20:20.340Z"}
{"level":"info","message":"\u001b[0mOPTIONS /api/surgery/get-surgery/26 \u001b[32m204\u001b[0m 0.304 ms - 0\u001b[0m","timestamp":"2025-04-06T21:20:20.342Z"}
{"level":"info","message":"\u001b[0mGET /api/surgery/get-surgery/26 \u001b[33m401\u001b[0m 12.159 ms - 42\u001b[0m","timestamp":"2025-04-06T21:20:20.363Z"}
{"level":"info","message":"\u001b[0mGET /api/surgery/get-surgery/26 \u001b[33m401\u001b[0m 4.982 ms - 42\u001b[0m","timestamp":"2025-04-06T21:20:20.390Z"}
{"level":"info","message":"\u001b[0mOPTIONS /api/users/login \u001b[32m204\u001b[0m 0.248 ms - 0\u001b[0m","timestamp":"2025-04-06T21:20:50.130Z"}
{"level":"info","message":"\u001b[0mPOST /api/users/login \u001b[32m202\u001b[0m 299.725 ms - 71\u001b[0m","timestamp":"2025-04-06T21:20:50.481Z"}
{"level":"info","message":"\u001b[0mOPTIONS /api/users/verify \u001b[32m204\u001b[0m 0.302 ms - 0\u001b[0m","timestamp":"2025-04-06T21:21:00.539Z"}
{"level":"info","message":"\u001b[0mPOST /api/users/verify \u001b[32m200\u001b[0m 147.301 ms - 603\u001b[0m","timestamp":"2025-04-06T21:21:00.702Z"}
{"level":"info","message":"\u001b[0mOPTIONS /api/surgery/surgeries \u001b[32m204\u001b[0m 0.328 ms - 0\u001b[0m","timestamp":"2025-04-06T21:21:01.132Z"}
{"level":"info","message":"\u001b[0mOPTIONS /api/surgery/surgeries \u001b[32m204\u001b[0m 0.291 ms - 0\u001b[0m","timestamp":"2025-04-06T21:21:01.134Z"}
{"level":"info","message":"\u001b[0mGET /api/surgery/surgeries \u001b[36m304\u001b[0m 34.601 ms - -\u001b[0m","timestamp":"2025-04-06T21:21:01.183Z"}
{"level":"info","message":"\u001b[0mGET /api/surgery/surgeries \u001b[36m304\u001b[0m 24.545 ms - -\u001b[0m","timestamp":"2025-04-06T21:21:01.222Z"}
{"level":"info","message":"\u001b[0mOPTIONS /api/surgery/get-surgery/28 \u001b[32m204\u001b[0m 0.760 ms - 0\u001b[0m","timestamp":"2025-04-06T21:21:03.209Z"}
{"level":"info","message":"\u001b[0mOPTIONS /api/surgery/get-surgery/28 \u001b[32m204\u001b[0m 0.260 ms - 0\u001b[0m","timestamp":"2025-04-06T21:21:03.212Z"}
{"level":"info","message":"\u001b[0mGET /api/surgery/get-surgery/28 \u001b[33m404\u001b[0m 10.659 ms - 48\u001b[0m","timestamp":"2025-04-06T21:21:03.232Z"}
{"level":"info","message":"\u001b[0mOPTIONS /api/surgery/get-surgrey/28 \u001b[32m204\u001b[0m 0.306 ms - 0\u001b[0m","timestamp":"2025-04-06T21:23:30.124Z"}
{"level":"info","message":"\u001b[0mOPTIONS /api/surgery/get-surgrey/28 \u001b[32m204\u001b[0m 0.380 ms - 0\u001b[0m","timestamp":"2025-04-06T21:23:30.131Z"}
{"level":"info","message":"\u001b[0mGET /api/surgery/get-surgrey/28 \u001b[32m200\u001b[0m 517.011 ms - 146396\u001b[0m","timestamp":"2025-04-06T21:23:30.665Z"}
{"level":"info","message":"\u001b[0mGET /api/surgery/get-surgrey/28 \u001b[36m304\u001b[0m 96.191 ms - -\u001b[0m","timestamp":"2025-04-06T21:23:30.802Z"}
{"level":"info","message":"\u001b[0mOPTIONS /api/surgery/get-surgrey/28 \u001b[32m204\u001b[0m 0.313 ms - 0\u001b[0m","timestamp":"2025-04-06T21:23:41.238Z"}
{"level":"info","message":"\u001b[0mGET /api/surgery/get-surgrey/28 \u001b[36m304\u001b[0m 70.263 ms - -\u001b[0m","timestamp":"2025-04-06T21:23:41.316Z"}
{"level":"info","message":"\u001b[0mOPTIONS /api/surgery/get-surgrey/28 \u001b[32m204\u001b[0m 0.261 ms - 0\u001b[0m","timestamp":"2025-04-06T21:24:01.828Z"}
{"level":"info","message":"\u001b[0mGET /api/surgery/get-surgrey/28 \u001b[36m304\u001b[0m 81.376 ms - -\u001b[0m","timestamp":"2025-04-06T21:24:01.934Z"}
{"level":"info","message":"\u001b[0mOPTIONS /api/surgery/get-surgrey/28 \u001b[32m204\u001b[0m 0.227 ms - 0\u001b[0m","timestamp":"2025-04-06T21:25:18.371Z"}
{"level":"info","message":"\u001b[0mGET /api/surgery/get-surgrey/28 \u001b[36m304\u001b[0m 56.796 ms - -\u001b[0m","timestamp":"2025-04-06T21:25:18.435Z"}
{"level":"info","message":"\u001b[0mGET /api/surgery/get-surgrey/28 \u001b[36m304\u001b[0m 42.029 ms - -\u001b[0m","timestamp":"2025-04-06T21:25:18.481Z"}
{"level":"info","message":"\u001b[0mOPTIONS /api/surgery/get-surgrey/28 \u001b[32m204\u001b[0m 0.374 ms - 0\u001b[0m","timestamp":"2025-04-06T21:25:51.938Z"}
{"level":"info","message":"\u001b[0mGET /api/surgery/get-surgrey/28 \u001b[36m304\u001b[0m 74.716 ms - -\u001b[0m","timestamp":"2025-04-06T21:25:52.032Z"}
{"level":"info","message":"\u001b[0mGET /api/surgery/get-surgrey/28 \u001b[36m304\u001b[0m 48.253 ms - -\u001b[0m","timestamp":"2025-04-06T21:25:52.098Z"}
{"level":"info","message":"\u001b[0mOPTIONS /api/surgery/get-surgrey/28 \u001b[32m204\u001b[0m 0.232 ms - 0\u001b[0m","timestamp":"2025-04-06T21:26:10.491Z"}
{"level":"info","message":"\u001b[0mGET /api/surgery/get-surgrey/28 \u001b[36m304\u001b[0m 31.895 ms - -\u001b[0m","timestamp":"2025-04-06T21:26:10.531Z"}
{"level":"info","message":"\u001b[0mGET /api/surgery/get-surgrey/28 \u001b[36m304\u001b[0m 49.126 ms - -\u001b[0m","timestamp":"2025-04-06T21:26:13.700Z"}
{"level":"info","message":"\u001b[0mOPTIONS /api/surgery/get-surgrey/28 \u001b[32m204\u001b[0m 0.259 ms - 0\u001b[0m","timestamp":"2025-04-06T21:26:18.233Z"}
{"level":"info","message":"\u001b[0mGET /api/surgery/get-surgrey/28 \u001b[36m304\u001b[0m 59.751 ms - -\u001b[0m","timestamp":"2025-04-06T21:26:18.299Z"}
{"level":"info","message":"\u001b[0mGET /api/surgery/get-surgrey/28 \u001b[36m304\u001b[0m 82.847 ms - -\u001b[0m","timestamp":"2025-04-06T21:26:23.314Z"}
{"level":"info","message":"\u001b[0mOPTIONS /api/surgery/get-surgrey/28 \u001b[32m204\u001b[0m 0.391 ms - 0\u001b[0m","timestamp":"2025-04-06T21:26:35.254Z"}
{"level":"info","message":"\u001b[0mOPTIONS /api/surgery/get-surgrey/28 \u001b[32m204\u001b[0m 0.294 ms - 0\u001b[0m","timestamp":"2025-04-06T21:26:35.258Z"}
{"level":"info","message":"\u001b[0mGET /api/surgery/get-surgrey/28 \u001b[36m304\u001b[0m 31.335 ms - -\u001b[0m","timestamp":"2025-04-06T21:26:35.300Z"}
{"level":"info","message":"\u001b[0mGET /api/surgery/get-surgrey/28 \u001b[36m304\u001b[0m 57.757 ms - -\u001b[0m","timestamp":"2025-04-06T21:26:35.364Z"}
{"level":"info","message":"\u001b[0mOPTIONS /api/surgery/get-surgrey/28 \u001b[32m204\u001b[0m 0.224 ms - 0\u001b[0m","timestamp":"2025-04-06T21:26:47.533Z"}
{"level":"info","message":"\u001b[0mGET /api/surgery/get-surgrey/28 \u001b[36m304\u001b[0m 26.020 ms - -\u001b[0m","timestamp":"2025-04-06T21:26:47.571Z"}
{"level":"info","message":"\u001b[0mOPTIONS /api/surgery/get-surgrey/28 \u001b[32m204\u001b[0m 0.263 ms - 0\u001b[0m","timestamp":"2025-04-06T21:27:32.251Z"}
{"level":"info","message":"\u001b[0mGET /api/surgery/get-surgrey/28 \u001b[36m304\u001b[0m 36.497 ms - -\u001b[0m","timestamp":"2025-04-06T21:27:32.295Z"}
{"level":"info","message":"\u001b[0mGET /api/surgery/get-surgrey/28 \u001b[36m304\u001b[0m 40.026 ms - -\u001b[0m","timestamp":"2025-04-06T21:27:33.274Z"}
{"level":"info","message":"\u001b[0mOPTIONS /api/surgery/get-surgrey/28 \u001b[32m204\u001b[0m 0.304 ms - 0\u001b[0m","timestamp":"2025-04-06T21:27:57.242Z"}
{"level":"info","message":"\u001b[0mGET /api/surgery/get-surgrey/28 \u001b[36m304\u001b[0m 60.901 ms - -\u001b[0m","timestamp":"2025-04-06T21:27:57.314Z"}
{"level":"info","message":"\u001b[0mOPTIONS /api/surgery/get-surgrey/28 \u001b[32m204\u001b[0m 0.273 ms - 0\u001b[0m","timestamp":"2025-04-06T21:28:14.241Z"}
{"level":"info","message":"\u001b[0mGET /api/surgery/get-surgrey/28 \u001b[36m304\u001b[0m 42.365 ms - -\u001b[0m","timestamp":"2025-04-06T21:28:14.293Z"}
{"level":"info","message":"\u001b[0mOPTIONS /api/surgery/get-surgrey/28 \u001b[32m204\u001b[0m 0.406 ms - 0\u001b[0m","timestamp":"2025-04-06T21:28:21.283Z"}
{"level":"info","message":"\u001b[0mGET /api/surgery/get-surgrey/28 \u001b[36m304\u001b[0m 77.046 ms - -\u001b[0m","timestamp":"2025-04-06T21:28:21.386Z"}
{"level":"info","message":"\u001b[0mOPTIONS /api/surgery/get-surgrey/28 \u001b[32m204\u001b[0m 0.170 ms - 0\u001b[0m","timestamp":"2025-04-06T21:28:28.243Z"}
{"level":"info","message":"\u001b[0mGET /api/surgery/get-surgrey/28 \u001b[36m304\u001b[0m 36.915 ms - -\u001b[0m","timestamp":"2025-04-06T21:28:28.290Z"}
{"level":"info","message":"\u001b[0mOPTIONS /api/surgery/get-surgrey/28 \u001b[32m204\u001b[0m 0.291 ms - 0\u001b[0m","timestamp":"2025-04-06T21:28:35.240Z"}
{"level":"info","message":"\u001b[0mGET /api/surgery/get-surgrey/28 \u001b[36m304\u001b[0m 55.981 ms - -\u001b[0m","timestamp":"2025-04-06T21:28:35.304Z"}
{"level":"info","message":"\u001b[0mOPTIONS /api/surgery/get-surgrey/28 \u001b[32m204\u001b[0m 0.163 ms - 0\u001b[0m","timestamp":"2025-04-06T21:28:41.244Z"}
{"level":"info","message":"\u001b[0mGET /api/surgery/get-surgrey/28 \u001b[36m304\u001b[0m 27.597 ms - -\u001b[0m","timestamp":"2025-04-06T21:28:41.279Z"}
{"level":"info","message":"\u001b[0mGET /api/surgery/get-surgrey/28 \u001b[36m304\u001b[0m 88.885 ms - -\u001b[0m","timestamp":"2025-04-06T21:28:45.370Z"}
{"level":"info","message":"\u001b[0mOPTIONS /api/surgery/get-surgrey/28 \u001b[32m204\u001b[0m 0.301 ms - 0\u001b[0m","timestamp":"2025-04-06T21:28:47.237Z"}
{"level":"info","message":"\u001b[0mGET /api/surgery/get-surgrey/28 \u001b[36m304\u001b[0m 47.160 ms - -\u001b[0m","timestamp":"2025-04-06T21:28:47.298Z"}
{"level":"info","message":"\u001b[0mOPTIONS /api/surgery/get-surgrey/28 \u001b[32m204\u001b[0m 0.259 ms - 0\u001b[0m","timestamp":"2025-04-06T21:28:54.248Z"}
{"level":"info","message":"\u001b[0mGET /api/surgery/get-surgrey/28 \u001b[36m304\u001b[0m 55.178 ms - -\u001b[0m","timestamp":"2025-04-06T21:28:54.314Z"}
{"level":"info","message":"\u001b[0mOPTIONS /api/surgery/get-surgrey/28 \u001b[32m204\u001b[0m 0.354 ms - 0\u001b[0m","timestamp":"2025-04-06T21:29:00.786Z"}
{"level":"info","message":"\u001b[0mOPTIONS /api/surgery/get-surgrey/28 \u001b[32m204\u001b[0m 0.281 ms - 0\u001b[0m","timestamp":"2025-04-06T21:29:00.797Z"}
{"level":"info","message":"\u001b[0mGET /api/surgery/get-surgrey/28 \u001b[36m304\u001b[0m 84.146 ms - -\u001b[0m","timestamp":"2025-04-06T21:29:00.891Z"}
{"level":"info","message":"\u001b[0mGET /api/surgery/get-surgrey/28 \u001b[36m304\u001b[0m 90.029 ms - -\u001b[0m","timestamp":"2025-04-06T21:29:01.104Z"}
{"level":"info","message":"\u001b[0mOPTIONS /api/surgery/get-surgrey/28 \u001b[32m204\u001b[0m 0.283 ms - 0\u001b[0m","timestamp":"2025-04-06T21:29:20.278Z"}
{"level":"info","message":"\u001b[0mGET /api/surgery/get-surgrey/28 \u001b[36m304\u001b[0m 72.240 ms - -\u001b[0m","timestamp":"2025-04-06T21:29:20.364Z"}
{"level":"info","message":"\u001b[0mOPTIONS /api/surgery/surgeries \u001b[32m204\u001b[0m 0.241 ms - 0\u001b[0m","timestamp":"2025-04-06T21:30:00.951Z"}
{"level":"info","message":"\u001b[0mOPTIONS /api/surgery/surgeries \u001b[32m204\u001b[0m 0.401 ms - 0\u001b[0m","timestamp":"2025-04-06T21:30:00.953Z"}
{"level":"info","message":"\u001b[0mGET /api/surgery/surgeries \u001b[36m304\u001b[0m 27.176 ms - -\u001b[0m","timestamp":"2025-04-06T21:30:01.002Z"}
{"level":"info","message":"\u001b[0mGET /api/surgery/surgeries \u001b[36m304\u001b[0m 39.069 ms - -\u001b[0m","timestamp":"2025-04-06T21:30:01.049Z"}
{"level":"info","message":"\u001b[0mOPTIONS /api/surgery/surgeries \u001b[32m204\u001b[0m 0.253 ms - 0\u001b[0m","timestamp":"2025-04-06T21:30:22.244Z"}
{"level":"info","message":"\u001b[0mGET /api/surgery/surgeries \u001b[36m304\u001b[0m 36.704 ms - -\u001b[0m","timestamp":"2025-04-06T21:30:22.290Z"}
{"level":"info","message":"\u001b[0mOPTIONS /api/surgery/surgeries \u001b[32m204\u001b[0m 0.281 ms - 0\u001b[0m","timestamp":"2025-04-06T21:30:37.247Z"}
{"level":"info","message":"\u001b[0mGET /api/surgery/surgeries \u001b[36m304\u001b[0m 26.253 ms - -\u001b[0m","timestamp":"2025-04-06T21:30:37.284Z"}
{"level":"info","message":"\u001b[0mOPTIONS /api/surgery/surgeries \u001b[32m204\u001b[0m 0.359 ms - 0\u001b[0m","timestamp":"2025-04-06T21:30:55.411Z"}
{"level":"info","message":"\u001b[0mGET /api/surgery/surgeries \u001b[36m304\u001b[0m 24.822 ms - -\u001b[0m","timestamp":"2025-04-06T21:30:55.445Z"}
