{"level":"info","message":"Connected to MySQL database","timestamp":"2025-04-03T06:51:25.982Z"}
{"level":"info","message":"Connected to MongoDB database successfully","timestamp":"2025-04-03T06:51:26.082Z"}
{"level":"info","message":"Cron jobs initialized","timestamp":"2025-04-03T06:51:26.130Z"}
{"level":"info","message":"app listening on port: 4000","timestamp":"2025-04-03T06:51:26.138Z"}
{"level":"info","message":"\u001b[0mOPTIONS /api/users/login \u001b[32m204\u001b[0m 2.974 ms - 0\u001b[0m","timestamp":"2025-04-03T06:54:07.777Z"}
{"level":"info","message":"\u001b[0mPOST /api/users/login \u001b[33m400\u001b[0m 2300.911 ms - 211\u001b[0m","timestamp":"2025-04-03T06:54:10.103Z"}
{"level":"info","message":"\u001b[0mOPTIONS /api/affiliation \u001b[32m204\u001b[0m 3.329 ms - 0\u001b[0m","timestamp":"2025-04-03T07:07:06.651Z"}
{"level":"info","message":"\u001b[0mOPTIONS /api/affiliation \u001b[32m204\u001b[0m 12.848 ms - 0\u001b[0m","timestamp":"2025-04-03T07:07:06.684Z"}
{"level":"info","message":"\u001b[0mOPTIONS /api/roles \u001b[32m204\u001b[0m 11.553 ms - 0\u001b[0m","timestamp":"2025-04-03T07:07:06.716Z"}
{"level":"info","message":"\u001b[0mOPTIONS /api/roles \u001b[32m204\u001b[0m 0.807 ms - 0\u001b[0m","timestamp":"2025-04-03T07:07:06.749Z"}
{"level":"info","message":"\u001b[0mOPTIONS /api/roles \u001b[32m204\u001b[0m 0.767 ms - 0\u001b[0m","timestamp":"2025-04-03T07:07:06.776Z"}
{"level":"info","message":"\u001b[0mOPTIONS /api/affiliation \u001b[32m204\u001b[0m 0.437 ms - 0\u001b[0m","timestamp":"2025-04-03T07:07:06.792Z"}
{"level":"info","message":"\u001b[0mOPTIONS /api/affiliation \u001b[32m204\u001b[0m 0.376 ms - 0\u001b[0m","timestamp":"2025-04-03T07:07:06.809Z"}
{"level":"info","message":"\u001b[0mOPTIONS /api/roles \u001b[32m204\u001b[0m 0.408 ms - 0\u001b[0m","timestamp":"2025-04-03T07:07:06.826Z"}
{"level":"info","message":"\u001b[0mGET /api/roles \u001b[32m200\u001b[0m 346.693 ms - 1371\u001b[0m","timestamp":"2025-04-03T07:07:07.209Z"}
{"level":"info","message":"\u001b[0mGET /api/affiliation \u001b[36m304\u001b[0m 667.008 ms - -\u001b[0m","timestamp":"2025-04-03T07:07:07.656Z"}
{"level":"info","message":"\u001b[0mGET /api/roles \u001b[36m304\u001b[0m 244.779 ms - -\u001b[0m","timestamp":"2025-04-03T07:07:07.754Z"}
{"level":"info","message":"\u001b[0mGET /api/affiliation \u001b[36m304\u001b[0m 97.242 ms - -\u001b[0m","timestamp":"2025-04-03T07:07:07.901Z"}
{"level":"info","message":"\u001b[0mGET /api/roles \u001b[36m304\u001b[0m 167.266 ms - -\u001b[0m","timestamp":"2025-04-03T07:07:08.149Z"}
{"level":"info","message":"\u001b[0mGET /api/affiliation \u001b[36m304\u001b[0m 95.830 ms - -\u001b[0m","timestamp":"2025-04-03T07:07:08.328Z"}
{"level":"info","message":"\u001b[0mGET /api/roles \u001b[36m304\u001b[0m 147.462 ms - -\u001b[0m","timestamp":"2025-04-03T07:07:08.711Z"}
{"level":"info","message":"\u001b[0mGET /api/affiliation \u001b[36m304\u001b[0m 73.255 ms - -\u001b[0m","timestamp":"2025-04-03T07:07:08.883Z"}
{"level":"info","message":"\u001b[0mOPTIONS /api/affiliation \u001b[32m204\u001b[0m 0.663 ms - 0\u001b[0m","timestamp":"2025-04-03T07:09:08.210Z"}
{"level":"info","message":"\u001b[0mOPTIONS /api/roles \u001b[32m204\u001b[0m 0.547 ms - 0\u001b[0m","timestamp":"2025-04-03T07:09:08.226Z"}
{"level":"info","message":"\u001b[0mOPTIONS /api/affiliation \u001b[32m204\u001b[0m 6.643 ms - 0\u001b[0m","timestamp":"2025-04-03T07:09:08.245Z"}
{"level":"info","message":"\u001b[0mOPTIONS /api/roles \u001b[32m204\u001b[0m 0.438 ms - 0\u001b[0m","timestamp":"2025-04-03T07:09:08.263Z"}
{"level":"info","message":"\u001b[0mOPTIONS /api/affiliation \u001b[32m204\u001b[0m 6.084 ms - 0\u001b[0m","timestamp":"2025-04-03T07:09:08.277Z"}
{"level":"info","message":"\u001b[0mOPTIONS /api/roles \u001b[32m204\u001b[0m 0.396 ms - 0\u001b[0m","timestamp":"2025-04-03T07:09:08.310Z"}
{"level":"info","message":"\u001b[0mOPTIONS /api/roles \u001b[32m204\u001b[0m 0.164 ms - 0\u001b[0m","timestamp":"2025-04-03T07:09:08.312Z"}
{"level":"info","message":"\u001b[0mOPTIONS /api/affiliation \u001b[32m204\u001b[0m 0.188 ms - 0\u001b[0m","timestamp":"2025-04-03T07:09:08.313Z"}
{"level":"info","message":"\u001b[0mGET /api/roles \u001b[36m304\u001b[0m 34.236 ms - -\u001b[0m","timestamp":"2025-04-03T07:09:08.328Z"}
{"level":"info","message":"\u001b[0mGET /api/affiliation \u001b[36m304\u001b[0m 46.586 ms - -\u001b[0m","timestamp":"2025-04-03T07:09:08.332Z"}
{"level":"info","message":"\u001b[0mGET /api/roles \u001b[36m304\u001b[0m 24.224 ms - -\u001b[0m","timestamp":"2025-04-03T07:09:08.361Z"}
{"level":"info","message":"\u001b[0mGET /api/affiliation \u001b[36m304\u001b[0m 29.557 ms - -\u001b[0m","timestamp":"2025-04-03T07:09:08.369Z"}
{"level":"info","message":"\u001b[0mGET /api/roles \u001b[36m304\u001b[0m 13.871 ms - -\u001b[0m","timestamp":"2025-04-03T07:09:08.389Z"}
{"level":"info","message":"\u001b[0mGET /api/affiliation \u001b[36m304\u001b[0m 6.255 ms - -\u001b[0m","timestamp":"2025-04-03T07:09:08.398Z"}
{"level":"info","message":"\u001b[0mGET /api/roles \u001b[36m304\u001b[0m 7.806 ms - -\u001b[0m","timestamp":"2025-04-03T07:09:08.433Z"}
{"level":"info","message":"\u001b[0mGET /api/affiliation \u001b[36m304\u001b[0m 14.172 ms - -\u001b[0m","timestamp":"2025-04-03T07:09:08.436Z"}
{"level":"info","message":"\u001b[0mOPTIONS /api/affiliation \u001b[32m204\u001b[0m 1.842 ms - 0\u001b[0m","timestamp":"2025-04-03T07:09:17.710Z"}
{"level":"info","message":"\u001b[0mOPTIONS /api/roles \u001b[32m204\u001b[0m 0.293 ms - 0\u001b[0m","timestamp":"2025-04-03T07:09:17.720Z"}
{"level":"info","message":"\u001b[0mOPTIONS /api/affiliation \u001b[32m204\u001b[0m 0.246 ms - 0\u001b[0m","timestamp":"2025-04-03T07:09:17.722Z"}
{"level":"info","message":"\u001b[0mOPTIONS /api/roles \u001b[32m204\u001b[0m 0.237 ms - 0\u001b[0m","timestamp":"2025-04-03T07:09:17.730Z"}
{"level":"info","message":"\u001b[0mOPTIONS /api/affiliation \u001b[32m204\u001b[0m 0.245 ms - 0\u001b[0m","timestamp":"2025-04-03T07:09:17.732Z"}
{"level":"info","message":"\u001b[0mOPTIONS /api/roles \u001b[32m204\u001b[0m 0.366 ms - 0\u001b[0m","timestamp":"2025-04-03T07:09:17.735Z"}
{"level":"info","message":"\u001b[0mOPTIONS /api/roles \u001b[32m204\u001b[0m 0.348 ms - 0\u001b[0m","timestamp":"2025-04-03T07:09:17.743Z"}
{"level":"info","message":"\u001b[0mOPTIONS /api/affiliation \u001b[32m204\u001b[0m 0.198 ms - 0\u001b[0m","timestamp":"2025-04-03T07:09:17.748Z"}
{"level":"info","message":"\u001b[0mGET /api/roles \u001b[36m304\u001b[0m 17.436 ms - -\u001b[0m","timestamp":"2025-04-03T07:09:17.757Z"}
{"level":"info","message":"\u001b[0mGET /api/affiliation \u001b[36m304\u001b[0m 24.567 ms - -\u001b[0m","timestamp":"2025-04-03T07:09:17.762Z"}
{"level":"info","message":"\u001b[0mGET /api/roles \u001b[36m304\u001b[0m 15.499 ms - -\u001b[0m","timestamp":"2025-04-03T07:09:17.780Z"}
{"level":"info","message":"\u001b[0mGET /api/affiliation \u001b[36m304\u001b[0m 18.809 ms - -\u001b[0m","timestamp":"2025-04-03T07:09:17.787Z"}
{"level":"info","message":"\u001b[0mGET /api/roles \u001b[36m304\u001b[0m 7.744 ms - -\u001b[0m","timestamp":"2025-04-03T07:09:17.792Z"}
{"level":"info","message":"\u001b[0mGET /api/roles \u001b[36m304\u001b[0m 8.284 ms - -\u001b[0m","timestamp":"2025-04-03T07:09:17.806Z"}
{"level":"info","message":"\u001b[0mGET /api/affiliation \u001b[36m304\u001b[0m 15.071 ms - -\u001b[0m","timestamp":"2025-04-03T07:09:17.808Z"}
{"level":"info","message":"\u001b[0mGET /api/affiliation \u001b[36m304\u001b[0m 5.011 ms - -\u001b[0m","timestamp":"2025-04-03T07:09:17.817Z"}
{"level":"info","message":"\u001b[0mOPTIONS /api/affiliation \u001b[32m204\u001b[0m 0.458 ms - 0\u001b[0m","timestamp":"2025-04-03T07:14:59.847Z"}
{"level":"info","message":"\u001b[0mOPTIONS /api/roles \u001b[32m204\u001b[0m 0.262 ms - 0\u001b[0m","timestamp":"2025-04-03T07:14:59.850Z"}
{"level":"info","message":"\u001b[0mOPTIONS /api/affiliation \u001b[32m204\u001b[0m 0.232 ms - 0\u001b[0m","timestamp":"2025-04-03T07:14:59.852Z"}
{"level":"info","message":"\u001b[0mOPTIONS /api/roles \u001b[32m204\u001b[0m 0.311 ms - 0\u001b[0m","timestamp":"2025-04-03T07:14:59.854Z"}
{"level":"info","message":"\u001b[0mGET /api/roles \u001b[36m304\u001b[0m 11.447 ms - -\u001b[0m","timestamp":"2025-04-03T07:14:59.885Z"}
{"level":"info","message":"\u001b[0mGET /api/affiliation \u001b[36m304\u001b[0m 33.713 ms - -\u001b[0m","timestamp":"2025-04-03T07:14:59.890Z"}
{"level":"info","message":"\u001b[0mGET /api/roles \u001b[36m304\u001b[0m 17.581 ms - -\u001b[0m","timestamp":"2025-04-03T07:14:59.910Z"}
{"level":"info","message":"\u001b[0mGET /api/affiliation \u001b[36m304\u001b[0m 13.804 ms - -\u001b[0m","timestamp":"2025-04-03T07:14:59.915Z"}
{"level":"info","message":"\u001b[0mOPTIONS /api/users/login \u001b[32m204\u001b[0m 0.271 ms - 0\u001b[0m","timestamp":"2025-04-03T07:15:09.930Z"}
{"level":"info","message":"\u001b[0mPOST /api/users/login \u001b[33m400\u001b[0m 1951.326 ms - 211\u001b[0m","timestamp":"2025-04-03T07:15:11.886Z"}
{"level":"info","message":"\u001b[0mOPTIONS /api/affiliation \u001b[32m204\u001b[0m 0.685 ms - 0\u001b[0m","timestamp":"2025-04-03T07:44:02.594Z"}
{"level":"info","message":"\u001b[0mOPTIONS /api/roles \u001b[32m204\u001b[0m 0.541 ms - 0\u001b[0m","timestamp":"2025-04-03T07:44:02.642Z"}
{"level":"info","message":"\u001b[0mOPTIONS /api/affiliation \u001b[32m204\u001b[0m 1.376 ms - 0\u001b[0m","timestamp":"2025-04-03T07:44:02.663Z"}
{"level":"info","message":"\u001b[0mOPTIONS /api/roles \u001b[32m204\u001b[0m 1.669 ms - 0\u001b[0m","timestamp":"2025-04-03T07:44:02.687Z"}
{"level":"info","message":"\u001b[0mGET /api/roles \u001b[36m304\u001b[0m 43.240 ms - -\u001b[0m","timestamp":"2025-04-03T07:44:02.738Z"}
{"level":"info","message":"\u001b[0mGET /api/affiliation \u001b[36m304\u001b[0m 109.834 ms - -\u001b[0m","timestamp":"2025-04-03T07:44:02.830Z"}
{"level":"info","message":"\u001b[0mGET /api/roles \u001b[36m304\u001b[0m 75.317 ms - -\u001b[0m","timestamp":"2025-04-03T07:44:02.852Z"}
{"level":"info","message":"\u001b[0mGET /api/affiliation \u001b[36m304\u001b[0m 19.529 ms - -\u001b[0m","timestamp":"2025-04-03T07:44:02.876Z"}
