{"level":"error","message":"Unauthorized undefined","timestamp":"2025-04-10T00:46:34.295Z"}
{"level":"error","message":"Unauthorized undefined","timestamp":"2025-04-10T00:46:34.311Z"}
{"level":"error","message":"Something went wrong undefined","timestamp":"2025-04-10T00:47:32.267Z"}
{"level":"error","message":"Something went wrong undefined","timestamp":"2025-04-10T00:47:32.303Z"}
{"level":"error","message":"Something went wrong undefined","timestamp":"2025-04-10T00:59:30.483Z"}
{"level":"error","message":"Something went wrong undefined","timestamp":"2025-04-10T00:59:30.507Z"}
{"level":"error","message":"affiliationId - Required, departmentId - Required, date - Required, time - Required undefined","timestamp":"2025-04-10T01:07:12.307Z"}
{"level":"error","message":"affiliationId - Required, departmentId - Required, date - Required, time - Required undefined","timestamp":"2025-04-10T01:08:10.096Z"}
{"level":"error","message":"affiliationId - Required, departmentId - Required, date - Required, time - Required undefined","timestamp":"2025-04-10T01:08:10.144Z"}
{"level":"error","message":"affiliationId - Required, departmentId - Required, date - Required, time - Required undefined","timestamp":"2025-04-10T01:29:26.480Z"}
{"level":"error","message":"affiliationId - Required, departmentId - Required, date - Required, time - Required undefined","timestamp":"2025-04-10T01:29:29.291Z"}
{"level":"error","message":"affiliationId - Required, departmentId - Required, date - Required, time - Required undefined","timestamp":"2025-04-10T01:30:48.442Z"}
{"level":"error","message":"affiliationId - Required, departmentId - Required, date - Required, time - Required undefined","timestamp":"2025-04-10T01:36:44.886Z"}
{"level":"error","message":"affiliationId - Required, departmentId - Required, date - Required, time - Required undefined","timestamp":"2025-04-10T01:39:58.420Z"}
{"level":"error","message":"affiliationId - Required, departmentId - Required, date - Required, time - Required undefined","timestamp":"2025-04-10T01:41:06.299Z"}
{"level":"error","message":"Something went wrong undefined","timestamp":"2025-04-10T02:54:36.119Z"}
{"level":"error","message":"Something went wrong undefined","timestamp":"2025-04-10T02:54:36.152Z"}
{"level":"error","message":"affiliationId - Required, departmentId - Required, date - Required, time - Required undefined","timestamp":"2025-04-10T02:55:40.326Z"}
{"level":"error","message":"affiliationId - Required, departmentId - Required, date - Required, time - Required undefined","timestamp":"2025-04-10T02:57:33.302Z"}
{"level":"error","message":"affiliationId - Required, departmentId - Required, date - Required, time - Required undefined","timestamp":"2025-04-10T02:58:12.458Z"}
{"level":"error","message":"affiliationId - Required, departmentId - Required, date - Required, time - Required undefined","timestamp":"2025-04-10T02:59:38.449Z"}
{"level":"error","message":"affiliationId - Required, departmentId - Required, date - Required, time - Required undefined","timestamp":"2025-04-10T03:03:44.601Z"}
{"level":"error","message":"affiliationId - Required, departmentId - Required, date - Required, time - Required undefined","timestamp":"2025-04-10T03:13:36.629Z"}
{"level":"error","message":"affiliationId - Required, departmentId - Required, date - Required, time - Required undefined","timestamp":"2025-04-10T03:15:37.291Z"}
{"level":"error","message":"affiliationId - Required, departmentId - Required, date - Required, time - Required undefined","timestamp":"2025-04-10T03:17:19.527Z"}
{"level":"error","message":"affiliationId - Required, departmentId - Required, date - Required, time - Required undefined","timestamp":"2025-04-10T03:18:37.496Z"}
{"level":"error","message":"affiliationId - Required, departmentId - Required, date - Required, time - Required undefined","timestamp":"2025-04-10T03:19:58.793Z"}
{"level":"error","message":"affiliationId - Required, departmentId - Required, date - Required, time - Required undefined","timestamp":"2025-04-10T03:20:45.591Z"}
{"level":"error","message":"Something went wrong undefined","timestamp":"2025-04-10T03:20:57.375Z"}
{"level":"error","message":"affiliationId - Required, departmentId - Required, date - Required, time - Required undefined","timestamp":"2025-04-10T03:22:31.579Z"}
{"level":"error","message":"Something went wrong undefined","timestamp":"2025-04-10T03:22:44.457Z"}
{"level":"error","message":"affiliationId - Required, departmentId - Required, date - Required, time - Required undefined","timestamp":"2025-04-10T03:24:32.423Z"}
{"level":"error","message":"Something went wrong undefined","timestamp":"2025-04-10T03:24:51.892Z"}
{"level":"error","message":"affiliationId - Required, departmentId - Required, date - Required, time - Required undefined","timestamp":"2025-04-10T03:29:37.241Z"}
{"level":"error","message":"Something went wrong undefined","timestamp":"2025-04-10T03:29:49.641Z"}
{"level":"error","message":"affiliationId - Required, departmentId - Required, date - Required, time - Required undefined","timestamp":"2025-04-10T03:34:46.360Z"}
{"level":"error","message":"affiliationId - Required, departmentId - Required, date - Required, time - Required undefined","timestamp":"2025-04-10T03:34:46.396Z"}
{"level":"error","message":"affiliationId - Required, departmentId - Required, date - Required, time - Required undefined","timestamp":"2025-04-10T03:35:15.416Z"}
{"level":"error","message":"affiliationId - Required, departmentId - Required, date - Required, time - Required undefined","timestamp":"2025-04-10T03:35:15.452Z"}
{"level":"error","message":"affiliationId - Required, departmentId - Required, date - Required, time - Required undefined","timestamp":"2025-04-10T03:35:52.369Z"}
{"level":"error","message":"affiliationId - Required, departmentId - Required, date - Required, time - Required undefined","timestamp":"2025-04-10T03:38:34.330Z"}
{"level":"error","message":"affiliationId - Required, departmentId - Required, date - Required, time - Required undefined","timestamp":"2025-04-10T03:38:42.642Z"}
{"level":"error","message":"affiliationId - Required, departmentId - Required, date - Required, time - Required undefined","timestamp":"2025-04-10T03:41:42.244Z"}
{"level":"error","message":"affiliationId - Required, departmentId - Required, date - Required, time - Required undefined","timestamp":"2025-04-10T03:41:42.255Z"}
{"level":"error","message":"affiliationId - Required, departmentId - Required, date - Required, time - Required undefined","timestamp":"2025-04-10T03:43:13.868Z"}
{"level":"error","message":"affiliationId - Required, departmentId - Required, date - Required, time - Required undefined","timestamp":"2025-04-10T03:45:07.413Z"}
{"level":"error","message":"affiliationId - Required, departmentId - Required, date - Required, time - Required undefined","timestamp":"2025-04-10T04:02:51.647Z"}
{"level":"error","message":"affiliationId - Required, departmentId - Required, date - Required, time - Required undefined","timestamp":"2025-04-10T04:02:51.713Z"}
{"level":"error","message":"affiliationId - Required, departmentId - Required, date - Required, time - Required undefined","timestamp":"2025-04-10T04:05:11.365Z"}
{"level":"error","message":"affiliationId - Required, departmentId - Required, date - Required, time - Required undefined","timestamp":"2025-04-10T04:05:22.688Z"}
{"level":"error","message":"affiliationId - Required, departmentId - Required, date - Required, time - Required undefined","timestamp":"2025-04-10T04:15:31.058Z"}
{"level":"error","message":"affiliationId - Required, departmentId - Required, date - Required, time - Required undefined","timestamp":"2025-04-10T04:15:31.137Z"}
{"level":"error","message":"affiliationId - Required, departmentId - Required undefined","timestamp":"2025-04-10T04:17:28.543Z"}
{"level":"error","message":"affiliationId - Required, departmentId - Required undefined","timestamp":"2025-04-10T04:17:28.567Z"}
{"level":"error","message":"affiliationId - Required, departmentId - Required, date - Required, time - Required undefined","timestamp":"2025-04-10T04:22:47.368Z"}
{"level":"error","message":"affiliationId - Required, departmentId - Required, date - Required, time - Required undefined","timestamp":"2025-04-10T04:22:47.382Z"}
{"level":"error","message":"affiliationId - Required, departmentId - Required, date - Required, time - Required undefined","timestamp":"2025-04-10T04:24:32.684Z"}
{"level":"error","message":"Database query error Unknown column 'user.activision_token' in 'field list'","timestamp":"2025-04-10T15:46:41.669Z"}
{"level":"error","message":"Database query error Unknown column 'user.activision_token' in 'field list'","timestamp":"2025-04-10T15:51:23.097Z"}
{"level":"error","message":"Database query error Unknown column 'user.activision_token' in 'field list'","timestamp":"2025-04-10T15:51:23.275Z"}
{"level":"error","message":"Unauthorized undefined","timestamp":"2025-04-10T16:06:53.953Z"}
{"level":"error","message":"Something went wrong undefined","timestamp":"2025-04-10T16:09:07.043Z"}
{"level":"error","message":"Something went wrong undefined","timestamp":"2025-04-10T16:13:08.847Z"}
{"level":"error","message":"Something went wrong undefined","timestamp":"2025-04-10T16:14:36.959Z"}
{"level":"error","message":"slots - Expected number, received string, procedureTypeId - Required, surgeryEquipments.0 - Expected number, received string, patientBmi - Expected number, received string undefined","timestamp":"2025-04-10T21:25:54.173Z"}
{"level":"error","message":"slots - Expected number, received string, procedureTypeId - Required, surgeryEquipments.0 - Expected number, received string, patientBmi - Expected number, received string undefined","timestamp":"2025-04-10T21:27:19.338Z"}
{"level":"error","message":"slots - Expected number, received string, procedureTypeId - Required, surgeryEquipments.0 - Expected number, received string, patientBmi - Expected number, received string undefined","timestamp":"2025-04-10T21:28:13.249Z"}
{"level":"error","message":"slots - Expected number, received string, procedureTypeId - Required, surgeryEquipments.0 - Expected number, received string, patientBmi - Expected number, received string undefined","timestamp":"2025-04-10T21:38:25.696Z"}
{"level":"error","message":"slots - Expected number, received string, procedureTypeId - Required, surgeryEquipments.0 - Expected number, received string, patientBmi - Expected number, received string undefined","timestamp":"2025-04-10T21:38:43.112Z"}
{"level":"error","message":"slots - Expected number, received string, procedureTypeId - Required, surgeryEquipments.0 - Expected number, received string, patientBmi - Expected number, received string undefined","timestamp":"2025-04-10T21:39:00.375Z"}
{"level":"error","message":"slots - Expected number, received string, procedureTypeId - Required, surgeryEquipments.0 - Expected number, received string, patientBmi - Expected number, received string undefined","timestamp":"2025-04-10T21:39:23.158Z"}
{"level":"error","message":"slots - Expected number, received string, procedureTypeId - Required, surgeryEquipments.0 - Expected number, received string, patientBmi - Expected number, received string undefined","timestamp":"2025-04-10T21:39:36.150Z"}
{"level":"error","message":"Something went wrong undefined","timestamp":"2025-04-10T21:43:15.921Z"}
{"level":"error","message":"hospitalId - Required, slots - Expected number, received string, procedureTypeId - Required, surgeryEquipments.0 - Expected number, received string, patientBmi - Expected number, received string undefined","timestamp":"2025-04-10T21:43:34.119Z"}
{"level":"error","message":"hospitalId - Required, slots - Expected number, received string, procedureTypeId - Required, surgeryEquipments.0 - Expected number, received string, patientBmi - Expected number, received string undefined","timestamp":"2025-04-10T21:43:52.902Z"}
{"level":"error","message":"doctorsTeam - Array must contain at least 1 element(s) undefined","timestamp":"2025-04-10T22:03:49.612Z"}
{"level":"error","message":"affiliationId - Required, departmentId - Required undefined","timestamp":"2025-04-10T22:04:10.163Z"}
{"level":"error","message":"affiliationId - Required, departmentId - Required undefined","timestamp":"2025-04-10T22:04:10.191Z"}
{"level":"error","message":"Something went wrong undefined","timestamp":"2025-04-10T22:10:12.131Z"}
{"level":"error","message":"Unauthorized undefined","timestamp":"2025-04-10T22:10:19.136Z"}
{"level":"error","message":"Unauthorized undefined","timestamp":"2025-04-10T22:13:55.797Z"}
{"level":"error","message":"Unauthorized undefined","timestamp":"2025-04-10T22:17:31.286Z"}
