<<<<<<< HEAD
{"level":"error","message":"Something went wrong undefined","timestamp":"2025-04-09T00:08:33.375Z"}
{"level":"error","message":"Something went wrong undefined","timestamp":"2025-04-09T00:08:33.432Z"}
{"level":"error","message":"Invalid affiliation ID undefined","timestamp":"2025-04-09T01:05:38.508Z"}
{"level":"error","message":"Invalid affiliation ID undefined","timestamp":"2025-04-09T01:05:38.608Z"}
{"level":"error","message":"Something went wrong undefined","timestamp":"2025-04-09T01:08:42.630Z"}
{"level":"error","message":"Something went wrong undefined","timestamp":"2025-04-09T01:08:42.704Z"}
{"level":"error","message":"Something went wrong undefined","timestamp":"2025-04-09T04:13:30.101Z"}
{"level":"error","message":"Unauthorized undefined","timestamp":"2025-04-09T04:29:54.683Z"}
{"level":"error","message":"Unauthorized undefined","timestamp":"2025-04-09T04:29:54.796Z"}
{"level":"error","message":"Something went wrong undefined","timestamp":"2025-04-09T04:30:44.028Z"}
{"level":"error","message":"Something went wrong undefined","timestamp":"2025-04-09T04:30:44.061Z"}
=======
{"level":"error","message":"Something went wrong undefined","timestamp":"2025-04-09T13:12:17.992Z"}
{"level":"error","message":"Invalid or missing 'name' field undefined","timestamp":"2025-04-09T13:16:00.423Z"}
{"level":"error","message":"Surgical role not found undefined","timestamp":"2025-04-09T13:16:17.261Z"}
{"level":"error","message":"Surgical role not found undefined","timestamp":"2025-04-09T13:18:46.451Z"}
{"level":"error","message":"Surgery record not found undefined","timestamp":"2025-04-09T13:24:20.017Z"}
{"level":"error","message":"surgeryId - Required undefined","timestamp":"2025-04-09T13:50:45.459Z"}
{"level":"error","message":"Something went wrong undefined","timestamp":"2025-04-09T13:55:48.318Z"}
{"level":"error","message":"Surgery record not found undefined","timestamp":"2025-04-09T18:17:28.761Z"}
{"level":"error","message":"Database query error Unknown column 'user.residencyLevel' in 'field list'","timestamp":"2025-04-09T18:41:37.979Z"}
>>>>>>> 62d4d171033f21bcee48df7e3966a127690427f6
{"level":"error","message":"Unauthorized undefined","timestamp":"2025-04-09T21:51:40.319Z"}
{"level":"error","message":"Unauthorized undefined","timestamp":"2025-04-09T21:51:40.330Z"}
{"level":"error","message":"Unauthorized undefined","timestamp":"2025-04-09T21:51:40.342Z"}
{"level":"error","message":"Unauthorized undefined","timestamp":"2025-04-09T21:51:40.370Z"}
{"level":"error","message":"Something went wrong undefined","timestamp":"2025-04-09T21:52:09.676Z"}
{"level":"error","message":"Something went wrong undefined","timestamp":"2025-04-09T21:52:09.697Z"}
{"level":"error","message":"Something went wrong undefined","timestamp":"2025-04-09T22:12:30.264Z"}
